#
# There is insufficient memory for the Java Runtime Environment to continue.
# Native memory allocation (mmap) failed to map 25165824 bytes. Error detail: G1 virtual space
# Possible reasons:
#   The system is out of physical RAM or swap space
#   This process is running with CompressedOops enabled, and the Java Heap may be blocking the growth of the native heap
# Possible solutions:
#   Reduce memory load on the system
#   Increase physical memory or swap space
#   Check if swap backing store is full
#   Decrease Java heap size (-Xmx/-Xms)
#   Decrease number of Java threads
#   Decrease Java thread stack sizes (-Xss)
#   Set larger code cache with -XX:ReservedCodeCacheSize=
#   JVM is running with Unscaled Compressed Oops mode in which the Java heap is
#     placed in the first 4GB address space. The Java Heap base address is the
#     maximum limit for the native heap growth. Please use -XX:HeapBaseMinAddress
#     to set the Java Heap base and to place the Java Heap above 4GB virtual address.
# This output file may be truncated or incomplete.
#
#  Out of Memory Error (os_windows.cpp:3613), pid=18668, tid=17224
#
# JRE version: OpenJDK Runtime Environment Microsoft-9388408 (17.0.11+9) (build 17.0.11+9-LTS)
# Java VM: OpenJDK 64-Bit Server VM Microsoft-9388408 (17.0.11+9-LTS, mixed mode, sharing, tiered, compressed oops, compressed class ptrs, g1 gc, windows-amd64)
# No core dump will be written. Minidumps are not enabled by default on client versions of Windows
#

---------------  S U M M A R Y ------------

Command Line: -XX:MaxMetaspaceSize=512m --add-opens=java.base/java.util=ALL-UNNAMED --add-opens=java.base/java.lang=ALL-UNNAMED --add-opens=java.base/java.lang.invoke=ALL-UNNAMED --add-opens=java.prefs/java.util.prefs=ALL-UNNAMED --add-opens=java.base/java.nio.charset=ALL-UNNAMED --add-opens=java.base/java.net=ALL-UNNAMED --add-opens=java.base/java.util.concurrent.atomic=ALL-UNNAMED -Xmx2048m -Dfile.encoding=windows-1252 -Duser.country=US -Duser.language=en -Duser.variant org.gradle.launcher.daemon.bootstrap.GradleDaemon 7.6

Host: Intel(R) Core(TM) i7-6600U CPU @ 2.60GHz, 4 cores, 15G,  Windows 10 , 64 bit Build 19041 (10.0.19041.3636)
Time: Fri Sep 20 12:08:49 2024 Pakistan Standard Time elapsed time: 39.410341 seconds (0d 0h 0m 39s)

---------------  T H R E A D  ---------------

Current thread (0x000002b0f30b40c0):  VMThread "VM Thread" [stack: 0x000000d9f4e00000,0x000000d9f4f00000] [id=17224]

Stack: [0x000000d9f4e00000,0x000000d9f4f00000]
Native frames: (J=compiled Java code, j=interpreted, Vv=VM code, C=native code)
V  [jvm.dll+0x67f6d9]
V  [jvm.dll+0x83773a]
V  [jvm.dll+0x8391fe]
V  [jvm.dll+0x839863]
V  [jvm.dll+0x247fbf]
V  [jvm.dll+0x67c519]
V  [jvm.dll+0x670f8a]
V  [jvm.dll+0x309bdb]
V  [jvm.dll+0x311086]
V  [jvm.dll+0x360a6e]
V  [jvm.dll+0x360c9f]
V  [jvm.dll+0x2e0928]
V  [jvm.dll+0x2ded34]
V  [jvm.dll+0x2de33c]
V  [jvm.dll+0x321d2b]
V  [jvm.dll+0x83dd5b]
V  [jvm.dll+0x83ea92]
V  [jvm.dll+0x83efad]
V  [jvm.dll+0x83f384]
V  [jvm.dll+0x83f450]
V  [jvm.dll+0x7e6cba]
V  [jvm.dll+0x67e5c5]
C  [ucrtbase.dll+0x21bb2]
C  [KERNEL32.DLL+0x17344]
C  [ntdll.dll+0x4cc91]

VM_Operation (0x000000d9f65f5db0): G1CollectForAllocation, mode: safepoint, requested by thread 0x000002b0f84aeee0


---------------  P R O C E S S  ---------------

Threads class SMR info:
_java_thread_list=0x000002b0fc44ac70, length=88, elements={
0x000002b0d35204b0, 0x000002b0f30b8ff0, 0x000002b0f30b9d80, 0x000002b0f30d16f0,
0x000002b0f30d47a0, 0x000002b0f30d65f0, 0x000002b0f30d6ec0, 0x000002b0f30d7b70,
0x000002b0f30e4220, 0x000002b0f3210060, 0x000002b0f3331c90, 0x000002b0f3334180,
0x000002b0f97bc010, 0x000002b0f9a75770, 0x000002b0f910e710, 0x000002b0f9cc3830,
0x000002b0f8a15960, 0x000002b0f84af3f0, 0x000002b0f84aeee0, 0x000002b0f84af900,
0x000002b0f84afe10, 0x000002b0f84b0320, 0x000002b0f84ad080, 0x000002b0f84ad590,
0x000002b0f84b0830, 0x000002b0f84ae4c0, 0x000002b0f84adaa0, 0x000002b0f84ae9d0,
0x000002b0fb8fd430, 0x000002b0fb8fe870, 0x000002b0fb8f8330, 0x000002b0fb8fbff0,
0x000002b0fb8fde50, 0x000002b0fb8f8840, 0x000002b0fb8f8d50, 0x000002b0fb8ff290,
0x000002b0fb8f9260, 0x000002b0fb8f7e20, 0x000002b0fb8fa190, 0x000002b0fb8fe360,
0x000002b0fb8ff7a0, 0x000002b0fb8f9c80, 0x000002b0f9d0de60, 0x000002b0f9d0ca20,
0x000002b0f9d0cf30, 0x000002b0f9d0d950, 0x000002b0f9d0f2a0, 0x000002b0f9d0e370,
0x000002b0f9d0ed90, 0x000002b0f9d0e880, 0x000002b0f9d0f7b0, 0x000002b0f9d0c510,
0x000002b0f9d0c000, 0x000002b0f9d0d440, 0x000002b0fadb74a0, 0x000002b0fadb88e0,
0x000002b0fadb37e0, 0x000002b0fadb9d20, 0x000002b0fadb28b0, 0x000002b0fadb6060,
0x000002b0fadba230, 0x000002b0fadb83d0, 0x000002b0fadb6570, 0x000002b0fadb2dc0,
0x000002b0fadb6a80, 0x000002b0fadb6f90, 0x000002b0fadb79b0, 0x000002b0fadb5130,
0x000002b0fadb32d0, 0x000002b0fadb5640, 0x000002b0fadb7ec0, 0x000002b0fadb8df0,
0x000002b0fadb3cf0, 0x000002b0fadb9300, 0x000002b0fadb9810, 0x000002b0fadb4200,
0x000002b0fadb5b50, 0x000002b0fb8fc500, 0x000002b0f9ba6dd0, 0x000002b0f9ba8720,
0x000002b0f9ba5990, 0x000002b0f9ba7d00, 0x000002b0f9ba5ea0, 0x000002b0f9ba21e0,
0x000002b0f9ba3b30, 0x000002b0f9ba72e0, 0x000002b0f9ba77f0, 0x000002b0f9ba3110
}

Java Threads: ( => current thread )
  0x000002b0d35204b0 JavaThread "main" [_thread_blocked, id=11192, stack(0x000000d9f4800000,0x000000d9f4900000)]
  0x000002b0f30b8ff0 JavaThread "Reference Handler" daemon [_thread_blocked, id=28424, stack(0x000000d9f4f00000,0x000000d9f5000000)]
  0x000002b0f30b9d80 JavaThread "Finalizer" daemon [_thread_blocked, id=3724, stack(0x000000d9f5000000,0x000000d9f5100000)]
  0x000002b0f30d16f0 JavaThread "Signal Dispatcher" daemon [_thread_blocked, id=10828, stack(0x000000d9f5100000,0x000000d9f5200000)]
  0x000002b0f30d47a0 JavaThread "Attach Listener" daemon [_thread_blocked, id=19748, stack(0x000000d9f5200000,0x000000d9f5300000)]
  0x000002b0f30d65f0 JavaThread "Service Thread" daemon [_thread_blocked, id=18116, stack(0x000000d9f5300000,0x000000d9f5400000)]
  0x000002b0f30d6ec0 JavaThread "Monitor Deflation Thread" daemon [_thread_blocked, id=12916, stack(0x000000d9f5400000,0x000000d9f5500000)]
  0x000002b0f30d7b70 JavaThread "C2 CompilerThread0" daemon [_thread_blocked, id=3384, stack(0x000000d9f5500000,0x000000d9f5600000)]
  0x000002b0f30e4220 JavaThread "C1 CompilerThread0" daemon [_thread_blocked, id=20488, stack(0x000000d9f5600000,0x000000d9f5700000)]
  0x000002b0f3210060 JavaThread "Sweeper thread" daemon [_thread_blocked, id=12312, stack(0x000000d9f5700000,0x000000d9f5800000)]
  0x000002b0f3331c90 JavaThread "Common-Cleaner" daemon [_thread_blocked, id=7372, stack(0x000000d9f5800000,0x000000d9f5900000)]
  0x000002b0f3334180 JavaThread "Notification Thread" daemon [_thread_blocked, id=4216, stack(0x000000d9f5900000,0x000000d9f5a00000)]
  0x000002b0f97bc010 JavaThread "Daemon health stats" [_thread_blocked, id=21536, stack(0x000000d9f5f00000,0x000000d9f6000000)]
  0x000002b0f9a75770 JavaThread "Incoming local TCP Connector on port 57548" [_thread_in_native, id=25860, stack(0x000000d9f6000000,0x000000d9f6100000)]
  0x000002b0f910e710 JavaThread "Daemon periodic checks" [_thread_blocked, id=22120, stack(0x000000d9f6100000,0x000000d9f6200000)]
  0x000002b0f9cc3830 JavaThread "Daemon" [_thread_blocked, id=9256, stack(0x000000d9f6200000,0x000000d9f6300000)]
  0x000002b0f8a15960 JavaThread "Handler for socket connection from /127.0.0.1:57548 to /127.0.0.1:57549" [_thread_in_native, id=25020, stack(0x000000d9f6300000,0x000000d9f6400000)]
  0x000002b0f84af3f0 JavaThread "Cancel handler" [_thread_blocked, id=25008, stack(0x000000d9f6400000,0x000000d9f6500000)]
  0x000002b0f84aeee0 JavaThread "Daemon worker" [_thread_blocked, id=19236, stack(0x000000d9f6500000,0x000000d9f6600000)]
  0x000002b0f84af900 JavaThread "Asynchronous log dispatcher for DefaultDaemonConnection: socket connection from /127.0.0.1:57548 to /127.0.0.1:57549" [_thread_blocked, id=18348, stack(0x000000d9f6600000,0x000000d9f6700000)]
  0x000002b0f84afe10 JavaThread "Stdin handler" [_thread_blocked, id=21656, stack(0x000000d9f6700000,0x000000d9f6800000)]
  0x000002b0f84b0320 JavaThread "Daemon client event forwarder" [_thread_blocked, id=6548, stack(0x000000d9f6800000,0x000000d9f6900000)]
  0x000002b0f84ad080 JavaThread "Cache worker for journal cache (C:\Users\User\.gradle\caches\journal-1)" [_thread_blocked, id=23236, stack(0x000000d9f6900000,0x000000d9f6a00000)]
  0x000002b0f84ad590 JavaThread "File lock request listener" [_thread_in_native, id=13608, stack(0x000000d9f6a00000,0x000000d9f6b00000)]
  0x000002b0f84b0830 JavaThread "Cache worker for file hash cache (C:\Users\User\.gradle\caches\7.6\fileHashes)" [_thread_blocked, id=15240, stack(0x000000d9f6b00000,0x000000d9f6c00000)]
  0x000002b0f84ae4c0 JavaThread "File watcher server" daemon [_thread_in_native, id=8152, stack(0x000000d9f6c00000,0x000000d9f6d00000)]
  0x000002b0f84adaa0 JavaThread "File watcher consumer" daemon [_thread_blocked, id=9324, stack(0x000000d9f6d00000,0x000000d9f6e00000)]
  0x000002b0f84ae9d0 JavaThread "Cache worker for checksums cache (D:\React Native\DemoSocietyUi\android\.gradle\7.6\checksums)" [_thread_blocked, id=5728, stack(0x000000d9f5b00000,0x000000d9f5c00000)]
  0x000002b0fb8fd430 JavaThread "Cache worker for cache directory md-rule (C:\Users\User\.gradle\caches\7.6\md-rule)" [_thread_blocked, id=19708, stack(0x000000d9f6e00000,0x000000d9f6f00000)]
  0x000002b0fb8fe870 JavaThread "Cache worker for file content cache (C:\Users\User\.gradle\caches\7.6\fileContent)" [_thread_blocked, id=20416, stack(0x000000d9f7000000,0x000000d9f7100000)]
  0x000002b0fb8f8330 JavaThread "Cache worker for file hash cache (D:\React Native\DemoSocietyUi\android\.gradle\7.6\fileHashes)" [_thread_blocked, id=26492, stack(0x000000d9f7100000,0x000000d9f7200000)]
  0x000002b0fb8fbff0 JavaThread "Cache worker for cache directory md-supplier (C:\Users\User\.gradle\caches\7.6\md-supplier)" [_thread_blocked, id=11596, stack(0x000000d9f7200000,0x000000d9f7300000)]
  0x000002b0fb8fde50 JavaThread "Cache worker for execution history cache (C:\Users\User\.gradle\caches\7.6\executionHistory)" [_thread_blocked, id=18756, stack(0x000000d9f7300000,0x000000d9f7400000)]
  0x000002b0fb8f8840 JavaThread "jar transforms" [_thread_blocked, id=9740, stack(0x000000d9f7400000,0x000000d9f7500000)]
  0x000002b0fb8f8d50 JavaThread "jar transforms Thread 2" [_thread_blocked, id=23660, stack(0x000000d9f7500000,0x000000d9f7600000)]
  0x000002b0fb8ff290 JavaThread "jar transforms Thread 3" [_thread_blocked, id=13012, stack(0x000000d9f7600000,0x000000d9f7700000)]
  0x000002b0fb8f9260 JavaThread "jar transforms Thread 4" [_thread_blocked, id=15492, stack(0x000000d9f7700000,0x000000d9f7800000)]
  0x000002b0fb8f7e20 JavaThread "Cache worker for kotlin-dsl (C:\Users\User\.gradle\caches\7.6\kotlin-dsl)" [_thread_blocked, id=9092, stack(0x000000d9f7800000,0x000000d9f7900000)]
  0x000002b0fb8fa190 JavaThread "Cache worker for dependencies-accessors (D:\React Native\DemoSocietyUi\android\.gradle\7.6\dependencies-accessors)" [_thread_blocked, id=26672, stack(0x000000d9f7900000,0x000000d9f7a00000)]
  0x000002b0fb8fe360 JavaThread "Cache worker for Build Output Cleanup Cache (D:\React Native\DemoSocietyUi\node_modules\react-native-gradle-plugin\.gradle\buildOutputCleanup)" [_thread_blocked, id=27020, stack(0x000000d9f7a00000,0x000000d9f7b00000)]
  0x000002b0fb8ff7a0 JavaThread "Unconstrained build operations" [_thread_blocked, id=20824, stack(0x000000d9f7b00000,0x000000d9f7c00000)]
  0x000002b0fb8f9c80 JavaThread "Unconstrained build operations Thread 2" [_thread_blocked, id=24136, stack(0x000000d9f7c00000,0x000000d9f7d00000)]
  0x000002b0f9d0de60 JavaThread "Unconstrained build operations Thread 3" [_thread_blocked, id=19772, stack(0x000000d9f7d00000,0x000000d9f7e00000)]
  0x000002b0f9d0ca20 JavaThread "Unconstrained build operations Thread 4" [_thread_blocked, id=20172, stack(0x000000d9f7e00000,0x000000d9f7f00000)]
  0x000002b0f9d0cf30 JavaThread "Unconstrained build operations Thread 5" [_thread_blocked, id=13792, stack(0x000000d9f7f00000,0x000000d9f8000000)]
  0x000002b0f9d0d950 JavaThread "Unconstrained build operations Thread 6" [_thread_blocked, id=27564, stack(0x000000d9f8000000,0x000000d9f8100000)]
  0x000002b0f9d0f2a0 JavaThread "Unconstrained build operations Thread 7" [_thread_blocked, id=9616, stack(0x000000d9f8100000,0x000000d9f8200000)]
  0x000002b0f9d0e370 JavaThread "Unconstrained build operations Thread 8" [_thread_blocked, id=3248, stack(0x000000d9f8200000,0x000000d9f8300000)]
  0x000002b0f9d0ed90 JavaThread "Unconstrained build operations Thread 9" [_thread_blocked, id=8968, stack(0x000000d9f8300000,0x000000d9f8400000)]
  0x000002b0f9d0e880 JavaThread "Unconstrained build operations Thread 10" [_thread_blocked, id=27096, stack(0x000000d9f8400000,0x000000d9f8500000)]
  0x000002b0f9d0f7b0 JavaThread "Unconstrained build operations Thread 11" [_thread_blocked, id=27240, stack(0x000000d9f8500000,0x000000d9f8600000)]
  0x000002b0f9d0c510 JavaThread "Unconstrained build operations Thread 12" [_thread_blocked, id=27044, stack(0x000000d9f8600000,0x000000d9f8700000)]
  0x000002b0f9d0c000 JavaThread "Unconstrained build operations Thread 13" [_thread_blocked, id=10256, stack(0x000000d9f8700000,0x000000d9f8800000)]
  0x000002b0f9d0d440 JavaThread "Unconstrained build operations Thread 14" [_thread_blocked, id=4480, stack(0x000000d9f8800000,0x000000d9f8900000)]
  0x000002b0fadb74a0 JavaThread "Unconstrained build operations Thread 15" [_thread_blocked, id=20124, stack(0x000000d9f8900000,0x000000d9f8a00000)]
  0x000002b0fadb88e0 JavaThread "Unconstrained build operations Thread 16" [_thread_blocked, id=24464, stack(0x000000d9f8a00000,0x000000d9f8b00000)]
  0x000002b0fadb37e0 JavaThread "Unconstrained build operations Thread 17" [_thread_blocked, id=24980, stack(0x000000d9f8b00000,0x000000d9f8c00000)]
  0x000002b0fadb9d20 JavaThread "Unconstrained build operations Thread 18" [_thread_blocked, id=24228, stack(0x000000d9f8c00000,0x000000d9f8d00000)]
  0x000002b0fadb28b0 JavaThread "Unconstrained build operations Thread 19" [_thread_blocked, id=27876, stack(0x000000d9f8d00000,0x000000d9f8e00000)]
  0x000002b0fadb6060 JavaThread "Unconstrained build operations Thread 20" [_thread_blocked, id=23756, stack(0x000000d9f8e00000,0x000000d9f8f00000)]
  0x000002b0fadba230 JavaThread "Unconstrained build operations Thread 21" [_thread_blocked, id=14592, stack(0x000000d9f8f00000,0x000000d9f9000000)]
  0x000002b0fadb83d0 JavaThread "Unconstrained build operations Thread 22" [_thread_blocked, id=5692, stack(0x000000d9f9000000,0x000000d9f9100000)]
  0x000002b0fadb6570 JavaThread "Unconstrained build operations Thread 23" [_thread_blocked, id=11484, stack(0x000000d9f9100000,0x000000d9f9200000)]
  0x000002b0fadb2dc0 JavaThread "Unconstrained build operations Thread 24" [_thread_blocked, id=4156, stack(0x000000d9f9200000,0x000000d9f9300000)]
  0x000002b0fadb6a80 JavaThread "Unconstrained build operations Thread 25" [_thread_blocked, id=516, stack(0x000000d9f9300000,0x000000d9f9400000)]
  0x000002b0fadb6f90 JavaThread "Unconstrained build operations Thread 26" [_thread_blocked, id=9212, stack(0x000000d9f9400000,0x000000d9f9500000)]
  0x000002b0fadb79b0 JavaThread "Unconstrained build operations Thread 27" [_thread_blocked, id=3608, stack(0x000000d9f9500000,0x000000d9f9600000)]
  0x000002b0fadb5130 JavaThread "Unconstrained build operations Thread 28" [_thread_blocked, id=13976, stack(0x000000d9f9600000,0x000000d9f9700000)]
  0x000002b0fadb32d0 JavaThread "Unconstrained build operations Thread 29" [_thread_blocked, id=10924, stack(0x000000d9f9700000,0x000000d9f9800000)]
  0x000002b0fadb5640 JavaThread "Unconstrained build operations Thread 30" [_thread_blocked, id=23424, stack(0x000000d9f9800000,0x000000d9f9900000)]
  0x000002b0fadb7ec0 JavaThread "Unconstrained build operations Thread 31" [_thread_blocked, id=16368, stack(0x000000d9f9900000,0x000000d9f9a00000)]
  0x000002b0fadb8df0 JavaThread "Unconstrained build operations Thread 32" [_thread_blocked, id=26224, stack(0x000000d9f9a00000,0x000000d9f9b00000)]
  0x000002b0fadb3cf0 JavaThread "Unconstrained build operations Thread 33" [_thread_blocked, id=27324, stack(0x000000d9f9b00000,0x000000d9f9c00000)]
  0x000002b0fadb9300 JavaThread "build event listener" [_thread_blocked, id=11800, stack(0x000000d9f9c00000,0x000000d9f9d00000)]
  0x000002b0fadb9810 JavaThread "Memory manager" [_thread_blocked, id=11824, stack(0x000000d9f9d00000,0x000000d9f9e00000)]
  0x000002b0fadb4200 JavaThread "Cache worker for Build Output Cleanup Cache (D:\React Native\DemoSocietyUi\android\.gradle\buildOutputCleanup)" [_thread_blocked, id=13336, stack(0x000000d9f9e00000,0x000000d9f9f00000)]
  0x000002b0fadb5b50 JavaThread "included builds" [_thread_blocked, id=6260, stack(0x000000d9f9f00000,0x000000d9fa000000)]
  0x000002b0fb8fc500 JavaThread "Execution worker" [_thread_blocked, id=26520, stack(0x000000d9fa000000,0x000000d9fa100000)]
  0x000002b0f9ba6dd0 JavaThread "Execution worker Thread 2" [_thread_blocked, id=21780, stack(0x000000d9fa100000,0x000000d9fa200000)]
  0x000002b0f9ba8720 JavaThread "Execution worker Thread 3" [_thread_blocked, id=11160, stack(0x000000d9fa200000,0x000000d9fa300000)]
  0x000002b0f9ba5990 JavaThread "Cache worker for execution history cache (D:\React Native\DemoSocietyUi\node_modules\react-native-gradle-plugin\.gradle\7.6\executionHistory)" [_thread_blocked, id=21108, stack(0x000000d9fa300000,0x000000d9fa400000)]
  0x000002b0f9ba7d00 JavaThread "Unconstrained build operations Thread 34" [_thread_blocked, id=8884, stack(0x000000d9fa400000,0x000000d9fa500000)]
  0x000002b0f9ba5ea0 JavaThread "Unconstrained build operations Thread 35" [_thread_blocked, id=884, stack(0x000000d9fa500000,0x000000d9fa600000)]
  0x000002b0f9ba21e0 JavaThread "Unconstrained build operations Thread 36" [_thread_blocked, id=14084, stack(0x000000d9fa600000,0x000000d9fa700000)]
  0x000002b0f9ba3b30 JavaThread "Unconstrained build operations Thread 37" [_thread_blocked, id=4448, stack(0x000000d9fa700000,0x000000d9fa800000)]
  0x000002b0f9ba72e0 JavaThread "Unconstrained build operations Thread 38" [_thread_blocked, id=17728, stack(0x000000d9fa800000,0x000000d9fa900000)]
  0x000002b0f9ba77f0 JavaThread "Unconstrained build operations Thread 39" [_thread_blocked, id=13728, stack(0x000000d9fa900000,0x000000d9faa00000)]
  0x000002b0f9ba3110 JavaThread "Unconstrained build operations Thread 40" [_thread_blocked, id=5328, stack(0x000000d9faa00000,0x000000d9fab00000)]

Other Threads:
=>0x000002b0f30b40c0 VMThread "VM Thread" [stack: 0x000000d9f4e00000,0x000000d9f4f00000] [id=17224]
  0x000002b0f3334a60 WatcherThread [stack: 0x000000d9f5a00000,0x000000d9f5b00000] [id=448]
  0x000002b0d357f250 GCTaskThread "GC Thread#0" [stack: 0x000000d9f4900000,0x000000d9f4a00000] [id=12292]
  0x000002b0f34d5170 GCTaskThread "GC Thread#1" [stack: 0x000000d9f5c00000,0x000000d9f5d00000] [id=24560]
  0x000002b0f822ea70 GCTaskThread "GC Thread#2" [stack: 0x000000d9f5d00000,0x000000d9f5e00000] [id=16480]
  0x000002b0f3dee9e0 GCTaskThread "GC Thread#3" [stack: 0x000000d9f5e00000,0x000000d9f5f00000] [id=8692]
  0x000002b0d3590850 ConcurrentGCThread "G1 Main Marker" [stack: 0x000000d9f4a00000,0x000000d9f4b00000] [id=27492]
  0x000002b0d3591180 ConcurrentGCThread "G1 Conc#0" [stack: 0x000000d9f4b00000,0x000000d9f4c00000] [id=24912]
  0x000002b0d35de4d0 ConcurrentGCThread "G1 Refine#0" [stack: 0x000000d9f4c00000,0x000000d9f4d00000] [id=28556]
  0x000002b0f9efc830 ConcurrentGCThread "G1 Refine#1" [stack: 0x000000d9fab00000,0x000000d9fac00000] [id=13680]
  0x000002b0f2f6e150 ConcurrentGCThread "G1 Service" [stack: 0x000000d9f4d00000,0x000000d9f4e00000] [id=14724]

Threads with active compile tasks:

VM state: at safepoint (normal execution)

VM Mutex/Monitor currently owned by a thread:  ([mutex/lock_event])
[0x000002b0d351bd60] Threads_lock - owner thread: 0x000002b0f30b40c0
[0x000002b0d351c930] Heap_lock - owner thread: 0x000002b0f84aeee0

Heap address: 0x0000000080000000, size: 2048 MB, Compressed Oops mode: 32-bit

CDS archive(s) mapped at: [0x000002b080000000-0x000002b080bb0000-0x000002b080bb0000), size 12255232, SharedBaseAddress: 0x000002b080000000, ArchiveRelocationMode: 1.
Compressed class space mapped at: 0x000002b081000000-0x000002b09b000000, reserved size: 436207616
Narrow klass base: 0x000002b080000000, Narrow klass shift: 0, Narrow klass range: 0x100000000

GC Precious Log:
 CPUs: 4 total, 4 available
 Memory: 16263M
 Large Page Support: Disabled
 NUMA Support: Disabled
 Compressed Oops: Enabled (32-bit)
 Heap Region Size: 1M
 Heap Min Capacity: 8M
 Heap Initial Capacity: 256M
 Heap Max Capacity: 2G
 Pre-touch: Disabled
 Parallel Workers: 4
 Concurrent Workers: 1
 Concurrent Refinement Workers: 4
 Periodic GC: Disabled

Heap:
 garbage-first heap   total 237568K, used 142520K [0x0000000080000000, 0x0000000100000000)
  region size 1024K, 2 young (2048K), 2 survivors (2048K)
 Metaspace       used 84160K, committed 85248K, reserved 557056K
  class space    used 11789K, committed 12288K, reserved 425984K

Heap Regions: E=young(eden), S=young(survivor), O=old, HS=humongous(starts), HC=humongous(continues), CS=collection set, F=free, OA=open archive, CA=closed archive, TAMS=top-at-mark-start (previous, next)
|   0|0x0000000080000000, 0x0000000080100000, 0x0000000080100000|100%| O|  |TAMS 0x0000000080100000, 0x0000000080000000| Untracked 
|   1|0x0000000080100000, 0x0000000080200000, 0x0000000080200000|100%| O|  |TAMS 0x0000000080200000, 0x0000000080100000| Untracked 
|   2|0x0000000080200000, 0x0000000080300000, 0x0000000080300000|100%|HS|  |TAMS 0x0000000080300000, 0x0000000080200000| Complete 
|   3|0x0000000080300000, 0x0000000080400000, 0x0000000080400000|100%|HC|  |TAMS 0x0000000080400000, 0x0000000080300000| Complete 
|   4|0x0000000080400000, 0x0000000080500000, 0x0000000080500000|100%|HC|  |TAMS 0x0000000080500000, 0x0000000080400000| Complete 
|   5|0x0000000080500000, 0x0000000080600000, 0x0000000080600000|100%| O|  |TAMS 0x0000000080600000, 0x0000000080500000| Untracked 
|   6|0x0000000080600000, 0x0000000080700000, 0x0000000080700000|100%| O|  |TAMS 0x0000000080700000, 0x0000000080600000| Untracked 
|   7|0x0000000080700000, 0x0000000080800000, 0x0000000080800000|100%| O|  |TAMS 0x0000000080800000, 0x0000000080700000| Untracked 
|   8|0x0000000080800000, 0x0000000080900000, 0x0000000080900000|100%| O|  |TAMS 0x0000000080900000, 0x0000000080800000| Untracked 
|   9|0x0000000080900000, 0x0000000080a00000, 0x0000000080a00000|100%| O|  |TAMS 0x0000000080a00000, 0x0000000080900000| Untracked 
|  10|0x0000000080a00000, 0x0000000080a68400, 0x0000000080b00000| 40%| O|  |TAMS 0x0000000080a68400, 0x0000000080a00000| Untracked 
|  11|0x0000000080b00000, 0x0000000080c00000, 0x0000000080c00000|100%| O|  |TAMS 0x0000000080c00000, 0x0000000080b00000| Untracked 
|  12|0x0000000080c00000, 0x0000000080d00000, 0x0000000080d00000|100%| O|  |TAMS 0x0000000080d00000, 0x0000000080c00000| Untracked 
|  13|0x0000000080d00000, 0x0000000080e00000, 0x0000000080e00000|100%| O|  |TAMS 0x0000000080e00000, 0x0000000080d00000| Untracked 
|  14|0x0000000080e00000, 0x0000000080f00000, 0x0000000080f00000|100%| O|  |TAMS 0x0000000080f00000, 0x0000000080e00000| Untracked 
|  15|0x0000000080f00000, 0x0000000081000000, 0x0000000081000000|100%| O|  |TAMS 0x0000000081000000, 0x0000000080f00000| Untracked 
|  16|0x0000000081000000, 0x0000000081100000, 0x0000000081100000|100%| O|  |TAMS 0x0000000081100000, 0x0000000081000000| Untracked 
|  17|0x0000000081100000, 0x0000000081200000, 0x0000000081200000|100%| O|  |TAMS 0x0000000081200000, 0x0000000081100000| Untracked 
|  18|0x0000000081200000, 0x0000000081300000, 0x0000000081300000|100%| O|  |TAMS 0x0000000081300000, 0x0000000081200000| Untracked 
|  19|0x0000000081300000, 0x0000000081400000, 0x0000000081400000|100%| O|  |TAMS 0x0000000081400000, 0x0000000081300000| Untracked 
|  20|0x0000000081400000, 0x0000000081500000, 0x0000000081500000|100%| O|  |TAMS 0x0000000081500000, 0x0000000081400000| Untracked 
|  21|0x0000000081500000, 0x0000000081600000, 0x0000000081600000|100%| O|  |TAMS 0x0000000081600000, 0x0000000081500000| Untracked 
|  22|0x0000000081600000, 0x0000000081700000, 0x0000000081700000|100%| O|  |TAMS 0x0000000081700000, 0x0000000081600000| Untracked 
|  23|0x0000000081700000, 0x0000000081800000, 0x0000000081800000|100%| O|  |TAMS 0x0000000081800000, 0x0000000081700000| Untracked 
|  24|0x0000000081800000, 0x0000000081900000, 0x0000000081900000|100%| O|  |TAMS 0x0000000081900000, 0x0000000081800000| Untracked 
|  25|0x0000000081900000, 0x0000000081a00000, 0x0000000081a00000|100%| O|  |TAMS 0x0000000081a00000, 0x0000000081900000| Untracked 
|  26|0x0000000081a00000, 0x0000000081b00000, 0x0000000081b00000|100%| O|  |TAMS 0x0000000081b00000, 0x0000000081a00000| Untracked 
|  27|0x0000000081b00000, 0x0000000081c00000, 0x0000000081c00000|100%| O|  |TAMS 0x0000000081c00000, 0x0000000081b00000| Untracked 
|  28|0x0000000081c00000, 0x0000000081d00000, 0x0000000081d00000|100%|HS|  |TAMS 0x0000000081d00000, 0x0000000081c00000| Complete 
|  29|0x0000000081d00000, 0x0000000081e00000, 0x0000000081e00000|100%| O|  |TAMS 0x0000000081e00000, 0x0000000081d00000| Untracked 
|  30|0x0000000081e00000, 0x0000000081f00000, 0x0000000081f00000|100%| O|  |TAMS 0x0000000081f00000, 0x0000000081e00000| Untracked 
|  31|0x0000000081f00000, 0x0000000082000000, 0x0000000082000000|100%| O|  |TAMS 0x0000000082000000, 0x0000000081f00000| Untracked 
|  32|0x0000000082000000, 0x0000000082100000, 0x0000000082100000|100%| O|  |TAMS 0x0000000082100000, 0x0000000082000000| Untracked 
|  33|0x0000000082100000, 0x0000000082200000, 0x0000000082200000|100%| O|  |TAMS 0x0000000082200000, 0x0000000082100000| Untracked 
|  34|0x0000000082200000, 0x0000000082300000, 0x0000000082300000|100%| O|  |TAMS 0x0000000082300000, 0x0000000082200000| Untracked 
|  35|0x0000000082300000, 0x0000000082400000, 0x0000000082400000|100%| O|  |TAMS 0x0000000082400000, 0x0000000082300000| Untracked 
|  36|0x0000000082400000, 0x0000000082500000, 0x0000000082500000|100%| O|  |TAMS 0x0000000082500000, 0x0000000082400000| Untracked 
|  37|0x0000000082500000, 0x0000000082600000, 0x0000000082600000|100%| O|  |TAMS 0x0000000082600000, 0x0000000082500000| Untracked 
|  38|0x0000000082600000, 0x0000000082700000, 0x0000000082700000|100%|HS|  |TAMS 0x0000000082700000, 0x0000000082600000| Complete 
|  39|0x0000000082700000, 0x0000000082800000, 0x0000000082800000|100%|HC|  |TAMS 0x0000000082800000, 0x0000000082700000| Complete 
|  40|0x0000000082800000, 0x0000000082900000, 0x0000000082900000|100%|HC|  |TAMS 0x0000000082900000, 0x0000000082800000| Complete 
|  41|0x0000000082900000, 0x0000000082a00000, 0x0000000082a00000|100%| O|  |TAMS 0x0000000082a00000, 0x0000000082900000| Untracked 
|  42|0x0000000082a00000, 0x0000000082b00000, 0x0000000082b00000|100%| O|  |TAMS 0x0000000082b00000, 0x0000000082a00000| Untracked 
|  43|0x0000000082b00000, 0x0000000082c00000, 0x0000000082c00000|100%| O|  |TAMS 0x0000000082c00000, 0x0000000082b00000| Untracked 
|  44|0x0000000082c00000, 0x0000000082d00000, 0x0000000082d00000|100%| O|  |TAMS 0x0000000082d00000, 0x0000000082c00000| Untracked 
|  45|0x0000000082d00000, 0x0000000082e00000, 0x0000000082e00000|100%| O|  |TAMS 0x0000000082e00000, 0x0000000082d00000| Untracked 
|  46|0x0000000082e00000, 0x0000000082f00000, 0x0000000082f00000|100%| O|  |TAMS 0x0000000082f00000, 0x0000000082e00000| Untracked 
|  47|0x0000000082f00000, 0x0000000083000000, 0x0000000083000000|100%| O|  |TAMS 0x0000000083000000, 0x0000000082f00000| Untracked 
|  48|0x0000000083000000, 0x0000000083100000, 0x0000000083100000|100%| O|  |TAMS 0x0000000083100000, 0x0000000083000000| Untracked 
|  49|0x0000000083100000, 0x0000000083200000, 0x0000000083200000|100%| O|  |TAMS 0x0000000083200000, 0x0000000083100000| Untracked 
|  50|0x0000000083200000, 0x0000000083300000, 0x0000000083300000|100%| O|  |TAMS 0x0000000083300000, 0x0000000083200000| Untracked 
|  51|0x0000000083300000, 0x0000000083400000, 0x0000000083400000|100%|HS|  |TAMS 0x0000000083400000, 0x0000000083300000| Complete 
|  52|0x0000000083400000, 0x0000000083500000, 0x0000000083500000|100%|HS|  |TAMS 0x0000000083500000, 0x0000000083400000| Complete 
|  53|0x0000000083500000, 0x0000000083600000, 0x0000000083600000|100%| O|  |TAMS 0x0000000083600000, 0x0000000083500000| Untracked 
|  54|0x0000000083600000, 0x0000000083700000, 0x0000000083700000|100%|HS|  |TAMS 0x0000000083700000, 0x0000000083600000| Complete 
|  55|0x0000000083700000, 0x0000000083800000, 0x0000000083800000|100%|HC|  |TAMS 0x0000000083800000, 0x0000000083700000| Complete 
|  56|0x0000000083800000, 0x0000000083900000, 0x0000000083900000|100%| O|  |TAMS 0x0000000083900000, 0x0000000083800000| Untracked 
|  57|0x0000000083900000, 0x0000000083a00000, 0x0000000083a00000|100%| O|  |TAMS 0x0000000083a00000, 0x0000000083900000| Untracked 
|  58|0x0000000083a00000, 0x0000000083b00000, 0x0000000083b00000|100%| O|  |TAMS 0x0000000083b00000, 0x0000000083a00000| Untracked 
|  59|0x0000000083b00000, 0x0000000083c00000, 0x0000000083c00000|100%| O|  |TAMS 0x0000000083c00000, 0x0000000083b00000| Untracked 
|  60|0x0000000083c00000, 0x0000000083d00000, 0x0000000083d00000|100%| O|  |TAMS 0x0000000083d00000, 0x0000000083c00000| Untracked 
|  61|0x0000000083d00000, 0x0000000083e00000, 0x0000000083e00000|100%| O|  |TAMS 0x0000000083e00000, 0x0000000083d00000| Untracked 
|  62|0x0000000083e00000, 0x0000000083f00000, 0x0000000083f00000|100%| O|  |TAMS 0x0000000083f00000, 0x0000000083e00000| Untracked 
|  63|0x0000000083f00000, 0x0000000084000000, 0x0000000084000000|100%| O|  |TAMS 0x0000000083f00000, 0x0000000083f00000| Untracked 
|  64|0x0000000084000000, 0x0000000084100000, 0x0000000084100000|100%| O|  |TAMS 0x0000000084100000, 0x0000000084000000| Untracked 
|  65|0x0000000084100000, 0x0000000084200000, 0x0000000084200000|100%| O|  |TAMS 0x0000000084200000, 0x0000000084100000| Untracked 
|  66|0x0000000084200000, 0x0000000084300000, 0x0000000084300000|100%| O|  |TAMS 0x0000000084300000, 0x0000000084200000| Untracked 
|  67|0x0000000084300000, 0x0000000084400000, 0x0000000084400000|100%| O|  |TAMS 0x0000000084400000, 0x0000000084300000| Untracked 
|  68|0x0000000084400000, 0x0000000084500000, 0x0000000084500000|100%| O|  |TAMS 0x0000000084500000, 0x0000000084400000| Untracked 
|  69|0x0000000084500000, 0x0000000084600000, 0x0000000084600000|100%| O|  |TAMS 0x0000000084600000, 0x0000000084500000| Untracked 
|  70|0x0000000084600000, 0x0000000084700000, 0x0000000084700000|100%| O|  |TAMS 0x0000000084700000, 0x0000000084600000| Untracked 
|  71|0x0000000084700000, 0x0000000084800000, 0x0000000084800000|100%| O|  |TAMS 0x0000000084800000, 0x0000000084700000| Untracked 
|  72|0x0000000084800000, 0x0000000084900000, 0x0000000084900000|100%| O|  |TAMS 0x0000000084900000, 0x0000000084800000| Untracked 
|  73|0x0000000084900000, 0x0000000084a00000, 0x0000000084a00000|100%| O|  |TAMS 0x0000000084a00000, 0x0000000084900000| Untracked 
|  74|0x0000000084a00000, 0x0000000084b00000, 0x0000000084b00000|100%| O|  |TAMS 0x0000000084b00000, 0x0000000084a00000| Untracked 
|  75|0x0000000084b00000, 0x0000000084c00000, 0x0000000084c00000|100%| O|  |TAMS 0x0000000084c00000, 0x0000000084b00000| Untracked 
|  76|0x0000000084c00000, 0x0000000084d00000, 0x0000000084d00000|100%| O|  |TAMS 0x0000000084d00000, 0x0000000084c00000| Untracked 
|  77|0x0000000084d00000, 0x0000000084e00000, 0x0000000084e00000|100%| O|  |TAMS 0x0000000084e00000, 0x0000000084d00000| Untracked 
|  78|0x0000000084e00000, 0x0000000084f00000, 0x0000000084f00000|100%| O|  |TAMS 0x0000000084f00000, 0x0000000084e00000| Untracked 
|  79|0x0000000084f00000, 0x0000000085000000, 0x0000000085000000|100%| O|  |TAMS 0x0000000085000000, 0x0000000084f00000| Untracked 
|  80|0x0000000085000000, 0x0000000085000000, 0x0000000085100000|  0%| F|  |TAMS 0x0000000085000000, 0x0000000085000000| Untracked 
|  81|0x0000000085100000, 0x0000000085200000, 0x0000000085200000|100%|HS|  |TAMS 0x0000000085200000, 0x0000000085100000| Complete 
|  82|0x0000000085200000, 0x0000000085300000, 0x0000000085300000|100%|HC|  |TAMS 0x0000000085300000, 0x0000000085200000| Complete 
|  83|0x0000000085300000, 0x0000000085400000, 0x0000000085400000|100%| O|  |TAMS 0x0000000085400000, 0x0000000085300000| Untracked 
|  84|0x0000000085400000, 0x0000000085500000, 0x0000000085500000|100%| O|  |TAMS 0x0000000085500000, 0x0000000085400000| Untracked 
|  85|0x0000000085500000, 0x0000000085600000, 0x0000000085600000|100%| O|  |TAMS 0x0000000085600000, 0x0000000085500000| Untracked 
|  86|0x0000000085600000, 0x0000000085700000, 0x0000000085700000|100%| O|  |TAMS 0x0000000085700000, 0x0000000085600000| Untracked 
|  87|0x0000000085700000, 0x0000000085800000, 0x0000000085800000|100%| O|  |TAMS 0x0000000085800000, 0x0000000085700000| Untracked 
|  88|0x0000000085800000, 0x0000000085900000, 0x0000000085900000|100%| O|  |TAMS 0x0000000085900000, 0x0000000085800000| Untracked 
|  89|0x0000000085900000, 0x0000000085a00000, 0x0000000085a00000|100%| O|  |TAMS 0x0000000085a00000, 0x0000000085900000| Untracked 
|  90|0x0000000085a00000, 0x0000000085b00000, 0x0000000085b00000|100%|HS|  |TAMS 0x0000000085b00000, 0x0000000085a00000| Complete 
|  91|0x0000000085b00000, 0x0000000085c00000, 0x0000000085c00000|100%|HC|  |TAMS 0x0000000085c00000, 0x0000000085b00000| Complete 
|  92|0x0000000085c00000, 0x0000000085d00000, 0x0000000085d00000|100%|HC|  |TAMS 0x0000000085d00000, 0x0000000085c00000| Complete 
|  93|0x0000000085d00000, 0x0000000085e00000, 0x0000000085e00000|100%|HC|  |TAMS 0x0000000085e00000, 0x0000000085d00000| Complete 
|  94|0x0000000085e00000, 0x0000000085f00000, 0x0000000085f00000|100%|HS|  |TAMS 0x0000000085f00000, 0x0000000085e00000| Complete 
|  95|0x0000000085f00000, 0x0000000086000000, 0x0000000086000000|100%|HC|  |TAMS 0x0000000086000000, 0x0000000085f00000| Complete 
|  96|0x0000000086000000, 0x0000000086100000, 0x0000000086100000|100%|HC|  |TAMS 0x0000000086100000, 0x0000000086000000| Complete 
|  97|0x0000000086100000, 0x0000000086200000, 0x0000000086200000|100%|HS|  |TAMS 0x0000000086200000, 0x0000000086100000| Complete 
|  98|0x0000000086200000, 0x0000000086300000, 0x0000000086300000|100%|HC|  |TAMS 0x0000000086300000, 0x0000000086200000| Complete 
|  99|0x0000000086300000, 0x0000000086400000, 0x0000000086400000|100%| O|  |TAMS 0x0000000086400000, 0x0000000086300000| Untracked 
| 100|0x0000000086400000, 0x0000000086500000, 0x0000000086500000|100%| O|  |TAMS 0x0000000086500000, 0x0000000086400000| Untracked 
| 101|0x0000000086500000, 0x0000000086600000, 0x0000000086600000|100%| O|  |TAMS 0x0000000086600000, 0x0000000086500000| Untracked 
| 102|0x0000000086600000, 0x0000000086700000, 0x0000000086700000|100%| O|  |TAMS 0x0000000086700000, 0x0000000086600000| Untracked 
| 103|0x0000000086700000, 0x0000000086800000, 0x0000000086800000|100%| O|  |TAMS 0x0000000086800000, 0x0000000086700000| Untracked 
| 104|0x0000000086800000, 0x0000000086900000, 0x0000000086900000|100%| O|  |TAMS 0x0000000086900000, 0x0000000086800000| Untracked 
| 105|0x0000000086900000, 0x0000000086a00000, 0x0000000086a00000|100%| O|  |TAMS 0x0000000086a00000, 0x0000000086900000| Untracked 
| 106|0x0000000086a00000, 0x0000000086b00000, 0x0000000086b00000|100%| O|  |TAMS 0x0000000086b00000, 0x0000000086a00000| Untracked 
| 107|0x0000000086b00000, 0x0000000086c00000, 0x0000000086c00000|100%| O|  |TAMS 0x0000000086c00000, 0x0000000086b00000| Untracked 
| 108|0x0000000086c00000, 0x0000000086d00000, 0x0000000086d00000|100%| O|  |TAMS 0x0000000086d00000, 0x0000000086c00000| Untracked 
| 109|0x0000000086d00000, 0x0000000086e00000, 0x0000000086e00000|100%| O|  |TAMS 0x0000000086e00000, 0x0000000086d00000| Untracked 
| 110|0x0000000086e00000, 0x0000000086e00000, 0x0000000086f00000|  0%| F|  |TAMS 0x0000000086e00000, 0x0000000086e00000| Untracked 
| 111|0x0000000086f00000, 0x0000000087000000, 0x0000000087000000|100%| O|  |TAMS 0x0000000087000000, 0x0000000086f00000| Untracked 
| 112|0x0000000087000000, 0x0000000087100000, 0x0000000087100000|100%| O|  |TAMS 0x0000000087100000, 0x0000000087000000| Untracked 
| 113|0x0000000087100000, 0x0000000087200000, 0x0000000087200000|100%| O|  |TAMS 0x0000000087200000, 0x0000000087100000| Untracked 
| 114|0x0000000087200000, 0x0000000087300000, 0x0000000087300000|100%| O|  |TAMS 0x0000000087300000, 0x0000000087200000| Untracked 
| 115|0x0000000087300000, 0x0000000087400000, 0x0000000087400000|100%| O|  |TAMS 0x0000000087400000, 0x0000000087300000| Untracked 
| 116|0x0000000087400000, 0x0000000087500000, 0x0000000087500000|100%| O|  |TAMS 0x0000000087500000, 0x0000000087400000| Untracked 
| 117|0x0000000087500000, 0x0000000087600000, 0x0000000087600000|100%| O|  |TAMS 0x0000000087600000, 0x0000000087500000| Untracked 
| 118|0x0000000087600000, 0x0000000087700000, 0x0000000087700000|100%| O|  |TAMS 0x0000000087700000, 0x0000000087600000| Untracked 
| 119|0x0000000087700000, 0x0000000087800000, 0x0000000087800000|100%| O|  |TAMS 0x0000000087800000, 0x0000000087700000| Untracked 
| 120|0x0000000087800000, 0x0000000087900000, 0x0000000087900000|100%| O|  |TAMS 0x000000008787b200, 0x0000000087800000| Untracked 
| 121|0x0000000087900000, 0x0000000087a00000, 0x0000000087a00000|100%| O|  |TAMS 0x0000000087900000, 0x0000000087900000| Untracked 
| 122|0x0000000087a00000, 0x0000000087b00000, 0x0000000087b00000|100%| O|  |TAMS 0x0000000087a00000, 0x0000000087a00000| Untracked 
| 123|0x0000000087b00000, 0x0000000087c00000, 0x0000000087c00000|100%| O|  |TAMS 0x0000000087b00000, 0x0000000087b00000| Untracked 
| 124|0x0000000087c00000, 0x0000000087d00000, 0x0000000087d00000|100%|HS|  |TAMS 0x0000000087c00000, 0x0000000087c00000| Complete 
| 125|0x0000000087d00000, 0x0000000087e00000, 0x0000000087e00000|100%|HS|  |TAMS 0x0000000087d00000, 0x0000000087d00000| Complete 
| 126|0x0000000087e00000, 0x0000000087f00000, 0x0000000087f00000|100%|HS|  |TAMS 0x0000000087e00000, 0x0000000087e00000| Complete 
| 127|0x0000000087f00000, 0x0000000088000000, 0x0000000088000000|100%|HS|  |TAMS 0x0000000087f00000, 0x0000000087f00000| Complete 
| 128|0x0000000088000000, 0x0000000088100000, 0x0000000088100000|100%|HC|  |TAMS 0x0000000088000000, 0x0000000088000000| Complete 
| 129|0x0000000088100000, 0x0000000088200000, 0x0000000088200000|100%|HC|  |TAMS 0x0000000088100000, 0x0000000088100000| Complete 
| 130|0x0000000088200000, 0x0000000088300000, 0x0000000088300000|100%| O|  |TAMS 0x0000000088200000, 0x0000000088200000| Untracked 
| 131|0x0000000088300000, 0x0000000088400000, 0x0000000088400000|100%| O|  |TAMS 0x0000000088300000, 0x0000000088300000| Untracked 
| 132|0x0000000088400000, 0x0000000088500000, 0x0000000088500000|100%| O|  |TAMS 0x0000000088400000, 0x0000000088400000| Untracked 
| 133|0x0000000088500000, 0x0000000088600000, 0x0000000088600000|100%| O|  |TAMS 0x0000000088500000, 0x0000000088500000| Untracked 
| 134|0x0000000088600000, 0x0000000088700000, 0x0000000088700000|100%| O|  |TAMS 0x0000000088600000, 0x0000000088600000| Untracked 
| 135|0x0000000088700000, 0x0000000088800000, 0x0000000088800000|100%| O|  |TAMS 0x0000000088700000, 0x0000000088700000| Untracked 
| 136|0x0000000088800000, 0x0000000088900000, 0x0000000088900000|100%| O|  |TAMS 0x0000000088800000, 0x0000000088800000| Untracked 
| 137|0x0000000088900000, 0x0000000088a00000, 0x0000000088a00000|100%| O|  |TAMS 0x0000000088900000, 0x0000000088900000| Untracked 
| 138|0x0000000088a00000, 0x0000000088b00000, 0x0000000088b00000|100%| O|  |TAMS 0x0000000088a00000, 0x0000000088a00000| Untracked 
| 139|0x0000000088b00000, 0x0000000088bc5c00, 0x0000000088c00000| 77%| O|  |TAMS 0x0000000088b00000, 0x0000000088b00000| Untracked 
| 140|0x0000000088c00000, 0x0000000088c00000, 0x0000000088d00000|  0%| F|  |TAMS 0x0000000088c00000, 0x0000000088c00000| Untracked 
| 141|0x0000000088d00000, 0x0000000088d00000, 0x0000000088e00000|  0%| F|  |TAMS 0x0000000088d00000, 0x0000000088d00000| Untracked 
| 142|0x0000000088e00000, 0x0000000088e00000, 0x0000000088f00000|  0%| F|  |TAMS 0x0000000088e00000, 0x0000000088e00000| Untracked 
| 143|0x0000000088f00000, 0x0000000088f00000, 0x0000000089000000|  0%| F|  |TAMS 0x0000000088f00000, 0x0000000088f00000| Untracked 
| 144|0x0000000089000000, 0x0000000089000000, 0x0000000089100000|  0%| F|  |TAMS 0x0000000089000000, 0x0000000089000000| Untracked 
| 145|0x0000000089100000, 0x0000000089100000, 0x0000000089200000|  0%| F|  |TAMS 0x0000000089100000, 0x0000000089100000| Untracked 
| 146|0x0000000089200000, 0x0000000089200000, 0x0000000089300000|  0%| F|  |TAMS 0x0000000089200000, 0x0000000089200000| Untracked 
| 147|0x0000000089300000, 0x0000000089300000, 0x0000000089400000|  0%| F|  |TAMS 0x0000000089300000, 0x0000000089300000| Untracked 
| 148|0x0000000089400000, 0x0000000089400000, 0x0000000089500000|  0%| F|  |TAMS 0x0000000089400000, 0x0000000089400000| Untracked 
| 149|0x0000000089500000, 0x0000000089500000, 0x0000000089600000|  0%| F|  |TAMS 0x0000000089500000, 0x0000000089500000| Untracked 
| 150|0x0000000089600000, 0x0000000089600000, 0x0000000089700000|  0%| F|  |TAMS 0x0000000089600000, 0x0000000089600000| Untracked 
| 151|0x0000000089700000, 0x0000000089700000, 0x0000000089800000|  0%| F|  |TAMS 0x0000000089700000, 0x0000000089700000| Untracked 
| 152|0x0000000089800000, 0x0000000089800000, 0x0000000089900000|  0%| F|  |TAMS 0x0000000089800000, 0x0000000089800000| Untracked 
| 153|0x0000000089900000, 0x0000000089900000, 0x0000000089a00000|  0%| F|  |TAMS 0x0000000089900000, 0x0000000089900000| Untracked 
| 154|0x0000000089a00000, 0x0000000089a00000, 0x0000000089b00000|  0%| F|  |TAMS 0x0000000089a00000, 0x0000000089a00000| Untracked 
| 155|0x0000000089b00000, 0x0000000089b00000, 0x0000000089c00000|  0%| F|  |TAMS 0x0000000089b00000, 0x0000000089b00000| Untracked 
| 156|0x0000000089c00000, 0x0000000089c00000, 0x0000000089d00000|  0%| F|  |TAMS 0x0000000089c00000, 0x0000000089c00000| Untracked 
| 157|0x0000000089d00000, 0x0000000089d00000, 0x0000000089e00000|  0%| F|  |TAMS 0x0000000089d00000, 0x0000000089d00000| Untracked 
| 158|0x0000000089e00000, 0x0000000089e00000, 0x0000000089f00000|  0%| F|  |TAMS 0x0000000089e00000, 0x0000000089e00000| Untracked 
| 159|0x0000000089f00000, 0x0000000089f00000, 0x000000008a000000|  0%| F|  |TAMS 0x0000000089f00000, 0x0000000089f00000| Untracked 
| 160|0x000000008a000000, 0x000000008a000000, 0x000000008a100000|  0%| F|  |TAMS 0x000000008a000000, 0x000000008a000000| Untracked 
| 161|0x000000008a100000, 0x000000008a100000, 0x000000008a200000|  0%| F|  |TAMS 0x000000008a100000, 0x000000008a100000| Untracked 
| 162|0x000000008a200000, 0x000000008a200000, 0x000000008a300000|  0%| F|  |TAMS 0x000000008a200000, 0x000000008a200000| Untracked 
| 163|0x000000008a300000, 0x000000008a300000, 0x000000008a400000|  0%| F|  |TAMS 0x000000008a300000, 0x000000008a300000| Untracked 
| 164|0x000000008a400000, 0x000000008a400000, 0x000000008a500000|  0%| F|  |TAMS 0x000000008a400000, 0x000000008a400000| Untracked 
| 165|0x000000008a500000, 0x000000008a500000, 0x000000008a600000|  0%| F|  |TAMS 0x000000008a500000, 0x000000008a500000| Untracked 
| 166|0x000000008a600000, 0x000000008a600000, 0x000000008a700000|  0%| F|  |TAMS 0x000000008a600000, 0x000000008a600000| Untracked 
| 167|0x000000008a700000, 0x000000008a700000, 0x000000008a800000|  0%| F|  |TAMS 0x000000008a700000, 0x000000008a700000| Untracked 
| 168|0x000000008a800000, 0x000000008a800000, 0x000000008a900000|  0%| F|  |TAMS 0x000000008a800000, 0x000000008a800000| Untracked 
| 169|0x000000008a900000, 0x000000008a900000, 0x000000008aa00000|  0%| F|  |TAMS 0x000000008a900000, 0x000000008a900000| Untracked 
| 170|0x000000008aa00000, 0x000000008aa00000, 0x000000008ab00000|  0%| F|  |TAMS 0x000000008aa00000, 0x000000008aa00000| Untracked 
| 171|0x000000008ab00000, 0x000000008ab00000, 0x000000008ac00000|  0%| F|  |TAMS 0x000000008ab00000, 0x000000008ab00000| Untracked 
| 172|0x000000008ac00000, 0x000000008ac00000, 0x000000008ad00000|  0%| F|  |TAMS 0x000000008ac00000, 0x000000008ac00000| Untracked 
| 173|0x000000008ad00000, 0x000000008ad00000, 0x000000008ae00000|  0%| F|  |TAMS 0x000000008ad00000, 0x000000008ad00000| Untracked 
| 174|0x000000008ae00000, 0x000000008ae00000, 0x000000008af00000|  0%| F|  |TAMS 0x000000008ae00000, 0x000000008ae00000| Untracked 
| 175|0x000000008af00000, 0x000000008af00000, 0x000000008b000000|  0%| F|  |TAMS 0x000000008af00000, 0x000000008af00000| Untracked 
| 176|0x000000008b000000, 0x000000008b000000, 0x000000008b100000|  0%| F|  |TAMS 0x000000008b000000, 0x000000008b000000| Untracked 
| 177|0x000000008b100000, 0x000000008b100000, 0x000000008b200000|  0%| F|  |TAMS 0x000000008b100000, 0x000000008b100000| Untracked 
| 178|0x000000008b200000, 0x000000008b200000, 0x000000008b300000|  0%| F|  |TAMS 0x000000008b200000, 0x000000008b200000| Untracked 
| 179|0x000000008b300000, 0x000000008b300000, 0x000000008b400000|  0%| F|  |TAMS 0x000000008b300000, 0x000000008b300000| Untracked 
| 180|0x000000008b400000, 0x000000008b400000, 0x000000008b500000|  0%| F|  |TAMS 0x000000008b400000, 0x000000008b400000| Untracked 
| 181|0x000000008b500000, 0x000000008b500000, 0x000000008b600000|  0%| F|  |TAMS 0x000000008b500000, 0x000000008b500000| Untracked 
| 182|0x000000008b600000, 0x000000008b600000, 0x000000008b700000|  0%| F|  |TAMS 0x000000008b600000, 0x000000008b600000| Untracked 
| 183|0x000000008b700000, 0x000000008b700000, 0x000000008b800000|  0%| F|  |TAMS 0x000000008b700000, 0x000000008b700000| Untracked 
| 184|0x000000008b800000, 0x000000008b800000, 0x000000008b900000|  0%| F|  |TAMS 0x000000008b800000, 0x000000008b800000| Untracked 
| 185|0x000000008b900000, 0x000000008b900000, 0x000000008ba00000|  0%| F|  |TAMS 0x000000008b900000, 0x000000008b900000| Untracked 
| 186|0x000000008ba00000, 0x000000008ba00000, 0x000000008bb00000|  0%| F|  |TAMS 0x000000008ba00000, 0x000000008ba00000| Untracked 
| 187|0x000000008bb00000, 0x000000008bb00000, 0x000000008bc00000|  0%| F|  |TAMS 0x000000008bb00000, 0x000000008bb00000| Untracked 
| 188|0x000000008bc00000, 0x000000008bc00000, 0x000000008bd00000|  0%| F|  |TAMS 0x000000008bc00000, 0x000000008bc00000| Untracked 
| 189|0x000000008bd00000, 0x000000008bd00000, 0x000000008be00000|  0%| F|  |TAMS 0x000000008bd00000, 0x000000008bd00000| Untracked 
| 190|0x000000008be00000, 0x000000008be00000, 0x000000008bf00000|  0%| F|  |TAMS 0x000000008be00000, 0x000000008be00000| Untracked 
| 191|0x000000008bf00000, 0x000000008bf00000, 0x000000008c000000|  0%| F|  |TAMS 0x000000008bf00000, 0x000000008bf00000| Untracked 
| 192|0x000000008c000000, 0x000000008c000000, 0x000000008c100000|  0%| F|  |TAMS 0x000000008c000000, 0x000000008c000000| Untracked 
| 193|0x000000008c100000, 0x000000008c100000, 0x000000008c200000|  0%| F|  |TAMS 0x000000008c100000, 0x000000008c100000| Untracked 
| 194|0x000000008c200000, 0x000000008c200000, 0x000000008c300000|  0%| F|  |TAMS 0x000000008c200000, 0x000000008c200000| Untracked 
| 195|0x000000008c300000, 0x000000008c300000, 0x000000008c400000|  0%| F|  |TAMS 0x000000008c300000, 0x000000008c300000| Untracked 
| 196|0x000000008c400000, 0x000000008c400000, 0x000000008c500000|  0%| F|  |TAMS 0x000000008c400000, 0x000000008c400000| Untracked 
| 197|0x000000008c500000, 0x000000008c500000, 0x000000008c600000|  0%| F|  |TAMS 0x000000008c500000, 0x000000008c500000| Untracked 
| 198|0x000000008c600000, 0x000000008c600000, 0x000000008c700000|  0%| F|  |TAMS 0x000000008c600000, 0x000000008c600000| Untracked 
| 199|0x000000008c700000, 0x000000008c700000, 0x000000008c800000|  0%| F|  |TAMS 0x000000008c700000, 0x000000008c700000| Untracked 
| 200|0x000000008c800000, 0x000000008c800000, 0x000000008c900000|  0%| F|  |TAMS 0x000000008c800000, 0x000000008c800000| Untracked 
| 201|0x000000008c900000, 0x000000008c900000, 0x000000008ca00000|  0%| F|  |TAMS 0x000000008c900000, 0x000000008c900000| Untracked 
| 202|0x000000008ca00000, 0x000000008ca00000, 0x000000008cb00000|  0%| F|  |TAMS 0x000000008ca00000, 0x000000008ca00000| Untracked 
| 203|0x000000008cb00000, 0x000000008cb00000, 0x000000008cc00000|  0%| F|  |TAMS 0x000000008cb00000, 0x000000008cb00000| Untracked 
| 204|0x000000008cc00000, 0x000000008cc00000, 0x000000008cd00000|  0%| F|  |TAMS 0x000000008cc00000, 0x000000008cc00000| Untracked 
| 205|0x000000008cd00000, 0x000000008cd00000, 0x000000008ce00000|  0%| F|  |TAMS 0x000000008cd00000, 0x000000008cd00000| Untracked 
| 206|0x000000008ce00000, 0x000000008ce00000, 0x000000008cf00000|  0%| F|  |TAMS 0x000000008ce00000, 0x000000008ce00000| Untracked 
| 207|0x000000008cf00000, 0x000000008cf00000, 0x000000008d000000|  0%| F|  |TAMS 0x000000008cf00000, 0x000000008cf00000| Untracked 
| 208|0x000000008d000000, 0x000000008d000000, 0x000000008d100000|  0%| F|  |TAMS 0x000000008d000000, 0x000000008d000000| Untracked 
| 209|0x000000008d100000, 0x000000008d100000, 0x000000008d200000|  0%| F|  |TAMS 0x000000008d100000, 0x000000008d100000| Untracked 
| 210|0x000000008d200000, 0x000000008d200000, 0x000000008d300000|  0%| F|  |TAMS 0x000000008d200000, 0x000000008d200000| Untracked 
| 211|0x000000008d300000, 0x000000008d300000, 0x000000008d400000|  0%| F|  |TAMS 0x000000008d300000, 0x000000008d300000| Untracked 
| 212|0x000000008d400000, 0x000000008d400000, 0x000000008d500000|  0%| F|  |TAMS 0x000000008d400000, 0x000000008d400000| Untracked 
| 213|0x000000008d500000, 0x000000008d500000, 0x000000008d600000|  0%| F|  |TAMS 0x000000008d500000, 0x000000008d500000| Untracked 
| 214|0x000000008d600000, 0x000000008d600000, 0x000000008d700000|  0%| F|  |TAMS 0x000000008d600000, 0x000000008d600000| Untracked 
| 215|0x000000008d700000, 0x000000008d700000, 0x000000008d800000|  0%| F|  |TAMS 0x000000008d700000, 0x000000008d700000| Untracked 
| 216|0x000000008d800000, 0x000000008d800000, 0x000000008d900000|  0%| F|  |TAMS 0x000000008d800000, 0x000000008d800000| Untracked 
| 217|0x000000008d900000, 0x000000008d900000, 0x000000008da00000|  0%| F|  |TAMS 0x000000008d900000, 0x000000008d900000| Untracked 
| 218|0x000000008da00000, 0x000000008da00000, 0x000000008db00000|  0%| F|  |TAMS 0x000000008da00000, 0x000000008da00000| Untracked 
| 219|0x000000008db00000, 0x000000008db00000, 0x000000008dc00000|  0%| F|  |TAMS 0x000000008db00000, 0x000000008db00000| Untracked 
| 220|0x000000008dc00000, 0x000000008dc00000, 0x000000008dd00000|  0%| F|  |TAMS 0x000000008dc00000, 0x000000008dc00000| Untracked 
| 221|0x000000008dd00000, 0x000000008dd00000, 0x000000008de00000|  0%| F|  |TAMS 0x000000008dd00000, 0x000000008dd00000| Untracked 
| 222|0x000000008de00000, 0x000000008de00000, 0x000000008df00000|  0%| F|  |TAMS 0x000000008de00000, 0x000000008de00000| Untracked 
| 223|0x000000008df00000, 0x000000008e000000, 0x000000008e000000|100%| S|CS|TAMS 0x000000008df00000, 0x000000008df00000| Complete 
| 224|0x000000008e000000, 0x000000008e100000, 0x000000008e100000|100%| S|CS|TAMS 0x000000008e000000, 0x000000008e000000| Complete 
| 225|0x000000008e100000, 0x000000008e100000, 0x000000008e200000|  0%| F|  |TAMS 0x000000008e100000, 0x000000008e100000| Untracked 
| 226|0x000000008e200000, 0x000000008e200000, 0x000000008e300000|  0%| F|  |TAMS 0x000000008e200000, 0x000000008e200000| Untracked 
| 227|0x000000008e300000, 0x000000008e300000, 0x000000008e400000|  0%| F|  |TAMS 0x000000008e300000, 0x000000008e300000| Untracked 
| 228|0x000000008e400000, 0x000000008e400000, 0x000000008e500000|  0%| F|  |TAMS 0x000000008e400000, 0x000000008e400000| Untracked 
| 229|0x000000008e500000, 0x000000008e500000, 0x000000008e600000|  0%| F|  |TAMS 0x000000008e500000, 0x000000008e500000| Untracked 
| 254|0x000000008fe00000, 0x000000008fe00000, 0x000000008ff00000|  0%| F|  |TAMS 0x000000008fe00000, 0x000000008fe00000| Untracked 
| 255|0x000000008ff00000, 0x000000008ff00000, 0x0000000090000000|  0%| F|  |TAMS 0x000000008ff00000, 0x000000008ff00000| Untracked 

Card table byte_map: [0x000002b0ec260000,0x000002b0ec660000] _byte_map_base: 0x000002b0ebe60000

Marking Bits (Prev, Next): (CMBitMap*) 0x000002b0d357f7c0, (CMBitMap*) 0x000002b0d357f780
 Prev Bits: [0x000002b0eea60000, 0x000002b0f0a60000)
 Next Bits: [0x000002b0eca60000, 0x000002b0eea60000)

Polling page: 0x000002b0d35e0000

Metaspace:

Usage:
  Non-class:     70.67 MB used.
      Class:     11.51 MB used.
       Both:     82.19 MB used.

Virtual space:
  Non-class space:      128.00 MB reserved,      71.25 MB ( 56%) committed,  2 nodes.
      Class space:      416.00 MB reserved,      12.00 MB (  3%) committed,  1 nodes.
             Both:      544.00 MB reserved,      83.25 MB ( 15%) committed. 

Chunk freelists:
   Non-Class:  8.36 MB
       Class:  3.86 MB
        Both:  12.21 MB

MaxMetaspaceSize: 512.00 MB
CompressedClassSpaceSize: 416.00 MB
Initial GC threshold: 21.00 MB
Current GC threshold: 138.12 MB
CDS: on
MetaspaceReclaimPolicy: balanced
 - commit_granule_bytes: 65536.
 - commit_granule_words: 8192.
 - virtual_space_node_default_size: 8388608.
 - enlarge_chunks_in_place: 1.
 - new_chunks_are_fully_committed: 0.
 - uncommit_free_chunks: 1.
 - use_allocation_guard: 0.
 - handle_deallocations: 1.


Internal statistics:

num_allocs_failed_limit: 6.
num_arena_births: 1168.
num_arena_deaths: 0.
num_vsnodes_births: 3.
num_vsnodes_deaths: 0.
num_space_committed: 1332.
num_space_uncommitted: 0.
num_chunks_returned_to_freelist: 6.
num_chunks_taken_from_freelist: 4780.
num_chunk_merges: 6.
num_chunk_splits: 3141.
num_chunks_enlarged: 2028.
num_inconsistent_stats: 0.

CodeHeap 'non-profiled nmethods': size=120000Kb used=6089Kb max_used=6089Kb free=113910Kb
 bounds [0x000002b0e42f0000, 0x000002b0e48f0000, 0x000002b0eb820000]
CodeHeap 'profiled nmethods': size=120000Kb used=21683Kb max_used=21683Kb free=98317Kb
 bounds [0x000002b0dc820000, 0x000002b0ddd50000, 0x000002b0e3d50000]
CodeHeap 'non-nmethods': size=5760Kb used=2398Kb max_used=2494Kb free=3361Kb
 bounds [0x000002b0e3d50000, 0x000002b0e3fd0000, 0x000002b0e42f0000]
 total_blobs=11542 nmethods=10607 adapters=847
 compilation: enabled
              stopped_count=0, restarted_count=0
 full_count=0

Compilation events (20 events):
Event: 39.105 Thread 0x000002b0f9b3ac50 12127   !   4       java.util.zip.ZipFile$Source::readFullyAt (74 bytes)
Event: 39.109 Thread 0x000002b0f9b3ac50 nmethod 12127 0x000002b0e48d9c10 code [0x000002b0e48d9dc0, 0x000002b0e48da238]
Event: 39.116 Thread 0x000002b0f9b3ac50 12128       4       java.util.jar.JarFile::getManifest (5 bytes)
Event: 39.116 Thread 0x000002b0f9b3ac50 nmethod 12128 0x000002b0e48da590 code [0x000002b0e48da720, 0x000002b0e48da7c8]
Event: 39.179 Thread 0x000002b0f30d7b70 12129       4       java.util.zip.ZipFile$Source::initCEN (591 bytes)
Event: 39.287 Thread 0x000002b0f30e4220 12130       3       java.util.TreeSet::size (10 bytes)
Event: 39.288 Thread 0x000002b0f30e4220 nmethod 12130 0x000002b0ddd4ce90 code [0x000002b0ddd4d040, 0x000002b0ddd4d208]
Event: 39.317 Thread 0x000002b0f30e4220 12131       1       java.nio.charset.CharsetDecoder::charset (5 bytes)
Event: 39.317 Thread 0x000002b0f30e4220 nmethod 12131 0x000002b0e48da890 code [0x000002b0e48daa20, 0x000002b0e48daaf8]
Event: 39.320 Thread 0x000002b0f30e4220 12132       3       sun.nio.cs.StreamDecoder::implRead (243 bytes)
Event: 39.320 Thread 0x000002b0f30e4220 nmethod 12132 0x000002b0ddd4d310 code [0x000002b0ddd4d5a0, 0x000002b0ddd4e458]
Event: 39.323 Thread 0x000002b0f30e4220 12133       3       java.io.BufferedReader::readLine (7 bytes)
Event: 39.323 Thread 0x000002b0f30e4220 nmethod 12133 0x000002b0ddd4e910 code [0x000002b0ddd4eac0, 0x000002b0ddd4ec88]
Event: 39.345 Thread 0x000002b0f30d7b70 nmethod 12129 0x000002b0e48dab90 code [0x000002b0e48daee0, 0x000002b0e48df560]
Event: 39.348 Thread 0x000002b0f30d7b70 12134       4       java.util.LinkedList::indexOf (73 bytes)
Event: 39.351 Thread 0x000002b0f30d7b70 nmethod 12134 0x000002b0e48e1b90 code [0x000002b0e48e1d20, 0x000002b0e48e1fb8]
Event: 39.363 Thread 0x000002b0f30e4220 12135       1       org.gradle.api.internal.project.DefaultProjectStateRegistry::access$200 (5 bytes)
Event: 39.363 Thread 0x000002b0f30e4220 nmethod 12135 0x000002b0e48e2110 code [0x000002b0e48e22a0, 0x000002b0e48e2358]
Event: 39.368 Thread 0x000002b0f30d7b70 12136       4       jdk.internal.org.objectweb.asm.Attribute::putAttributes (78 bytes)
Event: 39.369 Thread 0x000002b0f30d7b70 nmethod 12136 0x000002b0e48e2410 code [0x000002b0e48e2580, 0x000002b0e48e2658]

GC Heap History (20 events):
Event: 21.318 GC heap after
{Heap after GC invocations=22 (full 0):
 garbage-first heap   total 192512K, used 55596K [0x0000000080000000, 0x0000000100000000)
  region size 1024K, 4 young (4096K), 4 survivors (4096K)
 Metaspace       used 59549K, committed 60160K, reserved 491520K
  class space    used 8367K, committed 8640K, reserved 425984K
}
Event: 22.788 GC heap before
{Heap before GC invocations=23 (full 0):
 garbage-first heap   total 192512K, used 138540K [0x0000000080000000, 0x0000000100000000)
  region size 1024K, 81 young (82944K), 4 survivors (4096K)
 Metaspace       used 67532K, committed 68224K, reserved 491520K
  class space    used 9345K, committed 9664K, reserved 425984K
}
Event: 22.803 GC heap after
{Heap after GC invocations=24 (full 0):
 garbage-first heap   total 192512K, used 69628K [0x0000000080000000, 0x0000000100000000)
  region size 1024K, 11 young (11264K), 11 survivors (11264K)
 Metaspace       used 67532K, committed 68224K, reserved 491520K
  class space    used 9345K, committed 9664K, reserved 425984K
}
Event: 24.265 GC heap before
{Heap before GC invocations=24 (full 0):
 garbage-first heap   total 192512K, used 145404K [0x0000000080000000, 0x0000000100000000)
  region size 1024K, 79 young (80896K), 11 survivors (11264K)
 Metaspace       used 73136K, committed 73920K, reserved 491520K
  class space    used 10049K, committed 10432K, reserved 425984K
}
Event: 24.279 GC heap after
{Heap after GC invocations=25 (full 0):
 garbage-first heap   total 192512K, used 76339K [0x0000000080000000, 0x0000000100000000)
  region size 1024K, 7 young (7168K), 7 survivors (7168K)
 Metaspace       used 73136K, committed 73920K, reserved 491520K
  class space    used 10049K, committed 10432K, reserved 425984K
}
Event: 34.590 GC heap before
{Heap before GC invocations=25 (full 0):
 garbage-first heap   total 192512K, used 142899K [0x0000000080000000, 0x0000000100000000)
  region size 1024K, 72 young (73728K), 7 survivors (7168K)
 Metaspace       used 76594K, committed 77376K, reserved 557056K
  class space    used 10620K, committed 11008K, reserved 425984K
}
Event: 34.604 GC heap after
{Heap after GC invocations=26 (full 0):
 garbage-first heap   total 192512K, used 82245K [0x0000000080000000, 0x0000000100000000)
  region size 1024K, 6 young (6144K), 6 survivors (6144K)
 Metaspace       used 76594K, committed 77376K, reserved 557056K
  class space    used 10620K, committed 11008K, reserved 425984K
}
Event: 35.620 GC heap before
{Heap before GC invocations=26 (full 0):
 garbage-first heap   total 192512K, used 147781K [0x0000000080000000, 0x0000000100000000)
  region size 1024K, 70 young (71680K), 6 survivors (6144K)
 Metaspace       used 80413K, committed 81216K, reserved 557056K
  class space    used 11261K, committed 11648K, reserved 425984K
}
Event: 35.640 GC heap after
{Heap after GC invocations=27 (full 0):
 garbage-first heap   total 192512K, used 89055K [0x0000000080000000, 0x0000000100000000)
  region size 1024K, 7 young (7168K), 7 survivors (7168K)
 Metaspace       used 80413K, committed 81216K, reserved 557056K
  class space    used 11261K, committed 11648K, reserved 425984K
}
Event: 36.207 GC heap before
{Heap before GC invocations=27 (full 0):
 garbage-first heap   total 192512K, used 117727K [0x0000000080000000, 0x0000000100000000)
  region size 1024K, 35 young (35840K), 7 survivors (7168K)
 Metaspace       used 81884K, committed 82752K, reserved 557056K
  class space    used 11523K, committed 11904K, reserved 425984K
}
Event: 36.222 GC heap after
{Heap after GC invocations=28 (full 0):
 garbage-first heap   total 192512K, used 96813K [0x0000000080000000, 0x0000000100000000)
  region size 1024K, 6 young (6144K), 6 survivors (6144K)
 Metaspace       used 81884K, committed 82752K, reserved 557056K
  class space    used 11523K, committed 11904K, reserved 425984K
}
Event: 37.515 GC heap before
{Heap before GC invocations=29 (full 0):
 garbage-first heap   total 192512K, used 157229K [0x0000000080000000, 0x0000000100000000)
  region size 1024K, 57 young (58368K), 6 survivors (6144K)
 Metaspace       used 83191K, committed 84224K, reserved 557056K
  class space    used 11692K, committed 12160K, reserved 425984K
}
Event: 37.534 GC heap after
{Heap after GC invocations=30 (full 0):
 garbage-first heap   total 192512K, used 121157K [0x0000000080000000, 0x0000000100000000)
  region size 1024K, 8 young (8192K), 8 survivors (8192K)
 Metaspace       used 83191K, committed 84224K, reserved 557056K
  class space    used 11692K, committed 12160K, reserved 425984K
}
Event: 37.551 GC heap before
{Heap before GC invocations=30 (full 0):
 garbage-first heap   total 192512K, used 122181K [0x0000000080000000, 0x0000000100000000)
  region size 1024K, 9 young (9216K), 8 survivors (8192K)
 Metaspace       used 83198K, committed 84224K, reserved 557056K
  class space    used 11693K, committed 12160K, reserved 425984K
}
Event: 37.564 GC heap after
{Heap after GC invocations=31 (full 0):
 garbage-first heap   total 192512K, used 123039K [0x0000000080000000, 0x0000000100000000)
  region size 1024K, 2 young (2048K), 2 survivors (2048K)
 Metaspace       used 83198K, committed 84224K, reserved 557056K
  class space    used 11693K, committed 12160K, reserved 425984K
}
Event: 38.574 GC heap before
{Heap before GC invocations=31 (full 0):
 garbage-first heap   total 192512K, used 152735K [0x0000000080000000, 0x0000000100000000)
  region size 1024K, 31 young (31744K), 2 survivors (2048K)
 Metaspace       used 83683K, committed 84800K, reserved 557056K
  class space    used 11733K, committed 12224K, reserved 425984K
}
Event: 38.584 GC heap after
{Heap after GC invocations=32 (full 0):
 garbage-first heap   total 192512K, used 129788K [0x0000000080000000, 0x0000000100000000)
  region size 1024K, 4 young (4096K), 4 survivors (4096K)
 Metaspace       used 83683K, committed 84800K, reserved 557056K
  class space    used 11733K, committed 12224K, reserved 425984K
}
Event: 39.221 GC heap before
{Heap before GC invocations=33 (full 0):
 garbage-first heap   total 237568K, used 157436K [0x0000000080000000, 0x0000000100000000)
  region size 1024K, 26 young (26624K), 4 survivors (4096K)
 Metaspace       used 83838K, committed 84928K, reserved 557056K
  class space    used 11737K, committed 12224K, reserved 425984K
}
Event: 39.232 GC heap after
{Heap after GC invocations=34 (full 0):
 garbage-first heap   total 237568K, used 140705K [0x0000000080000000, 0x0000000100000000)
  region size 1024K, 4 young (4096K), 4 survivors (4096K)
 Metaspace       used 83838K, committed 84928K, reserved 557056K
  class space    used 11737K, committed 12224K, reserved 425984K
}
Event: 39.400 GC heap before
{Heap before GC invocations=34 (full 0):
 garbage-first heap   total 237568K, used 146849K [0x0000000080000000, 0x0000000100000000)
  region size 1024K, 11 young (11264K), 4 survivors (4096K)
 Metaspace       used 84160K, committed 85248K, reserved 557056K
  class space    used 11789K, committed 12288K, reserved 425984K
}

Dll operation events (13 events):
Event: 0.009 Loaded shared library C:\Program Files\Microsoft\jdk-17.0.11.9-hotspot\bin\java.dll
Event: 0.032 Loaded shared library C:\Program Files\Microsoft\jdk-17.0.11.9-hotspot\bin\jsvml.dll
Event: 0.084 Loaded shared library C:\Program Files\Microsoft\jdk-17.0.11.9-hotspot\bin\net.dll
Event: 0.086 Loaded shared library C:\Program Files\Microsoft\jdk-17.0.11.9-hotspot\bin\nio.dll
Event: 0.091 Loaded shared library C:\Program Files\Microsoft\jdk-17.0.11.9-hotspot\bin\zip.dll
Event: 0.294 Loaded shared library C:\Program Files\Microsoft\jdk-17.0.11.9-hotspot\bin\jimage.dll
Event: 0.377 Loaded shared library C:\Program Files\Microsoft\jdk-17.0.11.9-hotspot\bin\verify.dll
Event: 0.628 Loaded shared library C:\Users\User\.gradle\native\68d5fa5c4cc2d200863cafc0d521ce42e7d3e7ee720ec0a83991735586a16f82\windows-amd64\native-platform.dll
Event: 0.634 Loaded shared library C:\Users\User\.gradle\native\e376f236ea51e6404a007f0833ffe2c6e607c4080706a723a18a27aeea778392\windows-amd64\native-platform-file-events.dll
Event: 1.698 Loaded shared library C:\Program Files\Microsoft\jdk-17.0.11.9-hotspot\bin\management.dll
Event: 1.701 Loaded shared library C:\Program Files\Microsoft\jdk-17.0.11.9-hotspot\bin\management_ext.dll
Event: 2.004 Loaded shared library C:\Program Files\Microsoft\jdk-17.0.11.9-hotspot\bin\extnet.dll
Event: 2.384 Loaded shared library C:\Program Files\Microsoft\jdk-17.0.11.9-hotspot\bin\sunmscapi.dll

Deoptimization events (20 events):
Event: 38.923 Thread 0x000002b0fb8f8840 Uncommon trap: trap_request=0xffffff45 fr.pc=0x000002b0e48c7750 relative=0x00000000000001d0
Event: 38.923 Thread 0x000002b0fb8f8840 Uncommon trap: reason=unstable_if action=reinterpret pc=0x000002b0e48c7750 method=java.util.concurrent.locks.ReentrantLock$FairSync.initialTryLock()Z @ 26 c2
Event: 38.923 Thread 0x000002b0fb8f8840 DEOPT PACKING pc=0x000002b0e48c7750 sp=0x000000d9f74fe810
Event: 38.923 Thread 0x000002b0fb8f8840 DEOPT UNPACKING pc=0x000002b0e3da69a3 sp=0x000000d9f74fe7c8 mode 2
Event: 38.987 Thread 0x000002b0f84aeee0 DEOPT PACKING pc=0x000002b0dcb725d9 sp=0x000000d9f65f8ea0
Event: 38.987 Thread 0x000002b0f84aeee0 DEOPT UNPACKING pc=0x000002b0e3da7143 sp=0x000000d9f65f8398 mode 0
Event: 38.992 Thread 0x000002b0f84aeee0 DEOPT PACKING pc=0x000002b0dcb725d9 sp=0x000000d9f65f8ea0
Event: 38.992 Thread 0x000002b0f84aeee0 DEOPT UNPACKING pc=0x000002b0e3da7143 sp=0x000000d9f65f8398 mode 0
Event: 39.074 Thread 0x000002b0f84aeee0 DEOPT PACKING pc=0x000002b0ddc29669 sp=0x000000d9f65f8240
Event: 39.074 Thread 0x000002b0f84aeee0 DEOPT UNPACKING pc=0x000002b0e3da7143 sp=0x000000d9f65f77c0 mode 0
Event: 39.098 Thread 0x000002b0f84aeee0 DEOPT PACKING pc=0x000002b0ddc29669 sp=0x000000d9f65f8240
Event: 39.098 Thread 0x000002b0f84aeee0 DEOPT UNPACKING pc=0x000002b0e3da7143 sp=0x000000d9f65f77c0 mode 0
Event: 39.124 Thread 0x000002b0f84aeee0 DEOPT PACKING pc=0x000002b0ddc29669 sp=0x000000d9f65f8240
Event: 39.124 Thread 0x000002b0f84aeee0 DEOPT UNPACKING pc=0x000002b0e3da7143 sp=0x000000d9f65f77c0 mode 0
Event: 39.179 Thread 0x000002b0f84aeee0 DEOPT PACKING pc=0x000002b0ddc29669 sp=0x000000d9f65f8240
Event: 39.179 Thread 0x000002b0f84aeee0 DEOPT UNPACKING pc=0x000002b0e3da7143 sp=0x000000d9f65f77c0 mode 0
Event: 39.254 Thread 0x000002b0f84aeee0 DEOPT PACKING pc=0x000002b0ddc29669 sp=0x000000d9f65f8240
Event: 39.254 Thread 0x000002b0f84aeee0 DEOPT UNPACKING pc=0x000002b0e3da7143 sp=0x000000d9f65f77c0 mode 0
Event: 39.327 Thread 0x000002b0f84aeee0 DEOPT PACKING pc=0x000002b0ddc29669 sp=0x000000d9f65f8240
Event: 39.327 Thread 0x000002b0f84aeee0 DEOPT UNPACKING pc=0x000002b0e3da7143 sp=0x000000d9f65f77c0 mode 0

Classes unloaded (0 events):
No events

Classes redefined (0 events):
No events

Internal exceptions (20 events):
Event: 37.474 Thread 0x000002b0f84aeee0 Exception <a 'java/lang/ClassNotFoundException'{0x0000000088470350}: firebase_json_2zaxtxstsvzvgvp3q3rgt4hihCustomizer> (0x0000000088470350) 
thrown [s\src\hotspot\share\classfile\systemDictionary.cpp, line 256]
Event: 37.483 Thread 0x000002b0f84aeee0 Exception <a 'java/lang/ClassNotFoundException'{0x00000000884f8a48}: groovy/json/JsonOutputBeanInfo> (0x00000000884f8a48) 
thrown [s\src\hotspot\share\classfile\systemDictionary.cpp, line 256]
Event: 37.484 Thread 0x000002b0f84aeee0 Exception <a 'java/lang/ClassNotFoundException'{0x000000008830b000}: groovy/json/JsonOutputCustomizer> (0x000000008830b000) 
thrown [s\src\hotspot\share\classfile\systemDictionary.cpp, line 256]
Event: 37.578 Thread 0x000002b0f84aeee0 Exception <a 'java/lang/NoClassDefFoundError'{0x000000008b82be98}: org/jetbrains/kotlin/gradle/plugin/KotlinBasePluginWrapper> (0x000000008b82be98) 
thrown [s\src\hotspot\share\oops\constantPool.cpp, line 837]
Event: 37.600 Thread 0x000002b0f84aeee0 Exception <a 'java/lang/ClassNotFoundException'{0x000000008b8fa268}: build_41klygnbh0eqdwb9yd6dhtc7oBeanInfo> (0x000000008b8fa268) 
thrown [s\src\hotspot\share\classfile\systemDictionary.cpp, line 256]
Event: 37.601 Thread 0x000002b0f84aeee0 Exception <a 'java/lang/ClassNotFoundException'{0x000000008b714450}: build_41klygnbh0eqdwb9yd6dhtc7oCustomizer> (0x000000008b714450) 
thrown [s\src\hotspot\share\classfile\systemDictionary.cpp, line 256]
Event: 37.639 Thread 0x000002b0f84aeee0 Exception <a 'java/lang/ClassNotFoundException'{0x000000008b521e08}: build_41klygnbh0eqdwb9yd6dhtc7oBeanInfo> (0x000000008b521e08) 
thrown [s\src\hotspot\share\classfile\systemDictionary.cpp, line 256]
Event: 37.639 Thread 0x000002b0f84aeee0 Exception <a 'java/lang/ClassNotFoundException'{0x000000008b528628}: build_41klygnbh0eqdwb9yd6dhtc7oCustomizer> (0x000000008b528628) 
thrown [s\src\hotspot\share\classfile\systemDictionary.cpp, line 256]
Event: 37.701 Thread 0x000002b0f84aeee0 Exception <a 'java/lang/NoClassDefFoundError'{0x000000008b22f9f8}: org/jetbrains/kotlin/gradle/plugin/KotlinBasePluginWrapper> (0x000000008b22f9f8) 
thrown [s\src\hotspot\share\oops\constantPool.cpp, line 837]
Event: 37.719 Thread 0x000002b0f84aeee0 Exception <a 'java/lang/ClassNotFoundException'{0x000000008b2e2198}: build_3a8cpiqwhl3vowul1pxq1i8dyBeanInfo> (0x000000008b2e2198) 
thrown [s\src\hotspot\share\classfile\systemDictionary.cpp, line 256]
Event: 37.719 Thread 0x000002b0f84aeee0 Exception <a 'java/lang/ClassNotFoundException'{0x000000008b2e8a18}: build_3a8cpiqwhl3vowul1pxq1i8dyCustomizer> (0x000000008b2e8a18) 
thrown [s\src\hotspot\share\classfile\systemDictionary.cpp, line 256]
Event: 37.885 Thread 0x000002b0f84aeee0 Exception <a 'java/lang/ClassNotFoundException'{0x000000008aad10f0}: build_3a8cpiqwhl3vowul1pxq1i8dyBeanInfo> (0x000000008aad10f0) 
thrown [s\src\hotspot\share\classfile\systemDictionary.cpp, line 256]
Event: 37.886 Thread 0x000002b0f84aeee0 Exception <a 'java/lang/ClassNotFoundException'{0x000000008aad7910}: build_3a8cpiqwhl3vowul1pxq1i8dyCustomizer> (0x000000008aad7910) 
thrown [s\src\hotspot\share\classfile\systemDictionary.cpp, line 256]
Event: 38.042 Thread 0x000002b0f84aeee0 Exception <a 'java/lang/ClassNotFoundException'{0x000000008a67fce0}: build_3a8cpiqwhl3vowul1pxq1i8dy$_run_closure1BeanInfo> (0x000000008a67fce0) 
thrown [s\src\hotspot\share\classfile\systemDictionary.cpp, line 256]
Event: 38.043 Thread 0x000002b0f84aeee0 Exception <a 'java/lang/ClassNotFoundException'{0x000000008a68a760}: build_3a8cpiqwhl3vowul1pxq1i8dy$_run_closure1Customizer> (0x000000008a68a760) 
thrown [s\src\hotspot\share\classfile\systemDictionary.cpp, line 256]
Event: 38.092 Thread 0x000002b0f84aeee0 Exception <a 'java/lang/NoClassDefFoundError'{0x000000008a4bd8a0}: org/jetbrains/kotlin/gradle/plugin/KotlinBasePluginWrapper> (0x000000008a4bd8a0) 
thrown [s\src\hotspot\share\oops\constantPool.cpp, line 837]
Event: 38.286 Thread 0x000002b0f84aeee0 Exception <a 'java/lang/ClassNotFoundException'{0x000000008a376958}: build_26nwcp0tu0es8fq781qyx1lqkBeanInfo> (0x000000008a376958) 
thrown [s\src\hotspot\share\classfile\systemDictionary.cpp, line 256]
Event: 38.286 Thread 0x000002b0f84aeee0 Exception <a 'java/lang/ClassNotFoundException'{0x000000008a37d1d8}: build_26nwcp0tu0es8fq781qyx1lqkCustomizer> (0x000000008a37d1d8) 
thrown [s\src\hotspot\share\classfile\systemDictionary.cpp, line 256]
Event: 39.018 Thread 0x000002b0f84aeee0 Exception <a 'java/lang/ClassNotFoundException'{0x000000008dfa59f8}: build_26nwcp0tu0es8fq781qyx1lqkBeanInfo> (0x000000008dfa59f8) 
thrown [s\src\hotspot\share\classfile\systemDictionary.cpp, line 256]
Event: 39.020 Thread 0x000002b0f84aeee0 Exception <a 'java/lang/ClassNotFoundException'{0x000000008dfac218}: build_26nwcp0tu0es8fq781qyx1lqkCustomizer> (0x000000008dfac218) 
thrown [s\src\hotspot\share\classfile\systemDictionary.cpp, line 256]

VM Operations (20 events):
Event: 36.846 Executing VM operation: ICBufferFull done
Event: 37.259 Executing VM operation: ICBufferFull
Event: 37.259 Executing VM operation: ICBufferFull done
Event: 37.515 Executing VM operation: G1CollectForAllocation
Event: 37.534 Executing VM operation: G1CollectForAllocation done
Event: 37.551 Executing VM operation: G1CollectForAllocation
Event: 37.564 Executing VM operation: G1CollectForAllocation done
Event: 37.973 Executing VM operation: ICBufferFull
Event: 37.973 Executing VM operation: ICBufferFull done
Event: 38.574 Executing VM operation: G1CollectForAllocation
Event: 38.584 Executing VM operation: G1CollectForAllocation done
Event: 38.851 Executing VM operation: ICBufferFull
Event: 38.851 Executing VM operation: ICBufferFull done
Event: 38.881 Executing VM operation: G1PauseRemark
Event: 38.888 Executing VM operation: G1PauseRemark done
Event: 39.049 Executing VM operation: G1PauseCleanup
Event: 39.049 Executing VM operation: G1PauseCleanup done
Event: 39.220 Executing VM operation: G1CollectForAllocation
Event: 39.232 Executing VM operation: G1CollectForAllocation done
Event: 39.400 Executing VM operation: G1CollectForAllocation

Events (20 events):
Event: 35.797 Thread 0x000002b0f3210060 flushing nmethod 0x000002b0ddae6d10
Event: 36.605 loading class java/lang/BooleanBeanInfo
Event: 36.605 loading class java/lang/BooleanBeanInfo done
Event: 36.606 loading class java/lang/BooleanBeanInfo
Event: 36.606 loading class java/lang/BooleanBeanInfo done
Event: 36.606 loading class java/lang/BooleanCustomizer
Event: 36.606 loading class java/lang/BooleanCustomizer done
Event: 36.606 loading class java/lang/BooleanCustomizer
Event: 36.606 loading class java/lang/BooleanCustomizer done
Event: 36.634 loading class java/io/ObjectOutputStream$BlockDataOutputStream
Event: 36.634 loading class java/io/ObjectOutputStream$BlockDataOutputStream done
Event: 36.635 loading class java/io/ObjectOutputStream$HandleTable
Event: 36.638 loading class java/io/ObjectOutputStream$HandleTable done
Event: 36.638 loading class java/io/ObjectOutputStream$ReplaceTable
Event: 36.638 loading class java/io/ObjectOutputStream$ReplaceTable done
Event: 36.641 loading class java/io/Bits
Event: 36.641 loading class java/io/Bits done
Event: 38.053 Thread 0x000002b0f9b3c6e0 Thread exited: 0x000002b0f9b3c6e0
Event: 38.088 Thread 0x000002b0f9b3ac50 Thread added: 0x000002b0f9b3ac50
Event: 39.287 Thread 0x000002b0f9b3ac50 Thread exited: 0x000002b0f9b3ac50


Dynamic libraries:
0x00007ff7eb9e0000 - 0x00007ff7eb9ee000 	C:\Program Files\Microsoft\jdk-17.0.11.9-hotspot\bin\java.exe
0x00007ffe97750000 - 0x00007ffe97948000 	C:\WINDOWS\SYSTEM32\ntdll.dll
0x00007ffe96860000 - 0x00007ffe9691d000 	C:\WINDOWS\System32\KERNEL32.DLL
0x00007ffe94e80000 - 0x00007ffe95176000 	C:\WINDOWS\System32\KERNELBASE.dll
0x00007ffe951d0000 - 0x00007ffe952d0000 	C:\WINDOWS\System32\ucrtbase.dll
0x00007ffe8bc20000 - 0x00007ffe8bc37000 	C:\Program Files\Microsoft\jdk-17.0.11.9-hotspot\bin\jli.dll
0x00007ffe8b170000 - 0x00007ffe8b18b000 	C:\Program Files\Microsoft\jdk-17.0.11.9-hotspot\bin\VCRUNTIME140.dll
0x00007ffe96c50000 - 0x00007ffe96def000 	C:\WINDOWS\System32\USER32.dll
0x00007ffe952d0000 - 0x00007ffe952f2000 	C:\WINDOWS\System32\win32u.dll
0x00007ffe96830000 - 0x00007ffe9685b000 	C:\WINDOWS\System32\GDI32.dll
0x00007ffe95500000 - 0x00007ffe95617000 	C:\WINDOWS\System32\gdi32full.dll
0x00007ffe95300000 - 0x00007ffe9539d000 	C:\WINDOWS\System32\msvcp_win.dll
0x00007ffe71a50000 - 0x00007ffe71cea000 	C:\WINDOWS\WinSxS\amd64_microsoft.windows.common-controls_6595b64144ccf1df_6.0.19041.4355_none_60b8b9eb71f62e16\COMCTL32.dll
0x00007ffe96330000 - 0x00007ffe963ce000 	C:\WINDOWS\System32\msvcrt.dll
0x00007ffe96800000 - 0x00007ffe9682f000 	C:\WINDOWS\System32\IMM32.DLL
0x00007ffe8c4d0000 - 0x00007ffe8c4dc000 	C:\Program Files\Microsoft\jdk-17.0.11.9-hotspot\bin\vcruntime140_1.dll
0x00007ffe58950000 - 0x00007ffe589dd000 	C:\Program Files\Microsoft\jdk-17.0.11.9-hotspot\bin\msvcp140.dll
0x00007ffe2f460000 - 0x00007ffe300c6000 	C:\Program Files\Microsoft\jdk-17.0.11.9-hotspot\bin\server\jvm.dll
0x00007ffe96af0000 - 0x00007ffe96ba0000 	C:\WINDOWS\System32\ADVAPI32.dll
0x00007ffe969f0000 - 0x00007ffe96a90000 	C:\WINDOWS\System32\sechost.dll
0x00007ffe97170000 - 0x00007ffe97293000 	C:\WINDOWS\System32\RPCRT4.dll
0x00007ffe956d0000 - 0x00007ffe956f7000 	C:\WINDOWS\System32\bcrypt.dll
0x00007ffe720d0000 - 0x00007ffe720d9000 	C:\WINDOWS\SYSTEM32\WSOCK32.dll
0x00007ffe73470000 - 0x00007ffe73497000 	C:\WINDOWS\SYSTEM32\WINMM.dll
0x00007ffe96980000 - 0x00007ffe969eb000 	C:\WINDOWS\System32\WS2_32.dll
0x00007ffe94c60000 - 0x00007ffe94cab000 	C:\WINDOWS\SYSTEM32\POWRPROF.dll
0x00007ffe8f4b0000 - 0x00007ffe8f4ba000 	C:\WINDOWS\SYSTEM32\VERSION.dll
0x00007ffe94c40000 - 0x00007ffe94c52000 	C:\WINDOWS\SYSTEM32\UMPDC.dll
0x00007ffe93650000 - 0x00007ffe93662000 	C:\WINDOWS\SYSTEM32\kernel.appcore.dll
0x00007ffe8b900000 - 0x00007ffe8b90a000 	C:\Program Files\Microsoft\jdk-17.0.11.9-hotspot\bin\jimage.dll
0x00007ffe8fb40000 - 0x00007ffe8fd24000 	C:\WINDOWS\SYSTEM32\DBGHELP.DLL
0x00007ffe788b0000 - 0x00007ffe788e4000 	C:\WINDOWS\SYSTEM32\dbgcore.DLL
0x00007ffe95700000 - 0x00007ffe95782000 	C:\WINDOWS\System32\bcryptPrimitives.dll
0x00007ffe6cbe0000 - 0x00007ffe6cc05000 	C:\Program Files\Microsoft\jdk-17.0.11.9-hotspot\bin\java.dll
0x00007ffe53890000 - 0x00007ffe53967000 	C:\Program Files\Microsoft\jdk-17.0.11.9-hotspot\bin\jsvml.dll
0x00007ffe95790000 - 0x00007ffe95efc000 	C:\WINDOWS\System32\SHELL32.dll
0x00007ffe92e40000 - 0x00007ffe935dd000 	C:\WINDOWS\SYSTEM32\windows.storage.dll
0x00007ffe963d0000 - 0x00007ffe96723000 	C:\WINDOWS\System32\combase.dll
0x00007ffe94760000 - 0x00007ffe9478e000 	C:\WINDOWS\SYSTEM32\Wldp.dll
0x00007ffe95fe0000 - 0x00007ffe960ad000 	C:\WINDOWS\System32\OLEAUT32.dll
0x00007ffe96ba0000 - 0x00007ffe96c4d000 	C:\WINDOWS\System32\SHCORE.dll
0x00007ffe96920000 - 0x00007ffe96975000 	C:\WINDOWS\System32\shlwapi.dll
0x00007ffe94d40000 - 0x00007ffe94d64000 	C:\WINDOWS\SYSTEM32\profapi.dll
0x00007ffe81ec0000 - 0x00007ffe81ed9000 	C:\Program Files\Microsoft\jdk-17.0.11.9-hotspot\bin\net.dll
0x00007ffe88860000 - 0x00007ffe8896a000 	C:\WINDOWS\SYSTEM32\WINHTTP.dll
0x00007ffe944c0000 - 0x00007ffe9452a000 	C:\WINDOWS\system32\mswsock.dll
0x00007ffe81e00000 - 0x00007ffe81e16000 	C:\Program Files\Microsoft\jdk-17.0.11.9-hotspot\bin\nio.dll
0x00007ffe805e0000 - 0x00007ffe805f8000 	C:\Program Files\Microsoft\jdk-17.0.11.9-hotspot\bin\zip.dll
0x00007ffe882b0000 - 0x00007ffe882c0000 	C:\Program Files\Microsoft\jdk-17.0.11.9-hotspot\bin\verify.dll
0x00007ffe725d0000 - 0x00007ffe725f7000 	C:\Users\User\.gradle\native\68d5fa5c4cc2d200863cafc0d521ce42e7d3e7ee720ec0a83991735586a16f82\windows-amd64\native-platform.dll
0x00007ffe50610000 - 0x00007ffe50754000 	C:\Users\User\.gradle\native\e376f236ea51e6404a007f0833ffe2c6e607c4080706a723a18a27aeea778392\windows-amd64\native-platform-file-events.dll
0x00007ffe8aa60000 - 0x00007ffe8aa69000 	C:\Program Files\Microsoft\jdk-17.0.11.9-hotspot\bin\management.dll
0x00007ffe88970000 - 0x00007ffe8897b000 	C:\Program Files\Microsoft\jdk-17.0.11.9-hotspot\bin\management_ext.dll
0x00007ffe967f0000 - 0x00007ffe967f8000 	C:\WINDOWS\System32\PSAPI.DLL
0x00007ffe946b0000 - 0x00007ffe946c8000 	C:\WINDOWS\SYSTEM32\CRYPTSP.dll
0x00007ffe93de0000 - 0x00007ffe93e14000 	C:\WINDOWS\system32\rsaenh.dll
0x00007ffe94cb0000 - 0x00007ffe94cde000 	C:\WINDOWS\SYSTEM32\USERENV.dll
0x00007ffe946d0000 - 0x00007ffe946dc000 	C:\WINDOWS\SYSTEM32\CRYPTBASE.dll
0x00007ffe941a0000 - 0x00007ffe941db000 	C:\WINDOWS\SYSTEM32\IPHLPAPI.DLL
0x00007ffe967e0000 - 0x00007ffe967e8000 	C:\WINDOWS\System32\NSI.dll
0x00007ffe88580000 - 0x00007ffe88597000 	C:\WINDOWS\SYSTEM32\dhcpcsvc6.DLL
0x00007ffe89c70000 - 0x00007ffe89c8d000 	C:\WINDOWS\SYSTEM32\dhcpcsvc.DLL
0x00007ffe941e0000 - 0x00007ffe942aa000 	C:\WINDOWS\SYSTEM32\DNSAPI.dll
0x00007ffe8b360000 - 0x00007ffe8b369000 	C:\Program Files\Microsoft\jdk-17.0.11.9-hotspot\bin\extnet.dll
0x00007ffe8b750000 - 0x00007ffe8b75e000 	C:\Program Files\Microsoft\jdk-17.0.11.9-hotspot\bin\sunmscapi.dll
0x00007ffe953a0000 - 0x00007ffe954fe000 	C:\WINDOWS\System32\CRYPT32.dll
0x00007ffe947d0000 - 0x00007ffe947f9000 	C:\WINDOWS\SYSTEM32\ncrypt.dll
0x00007ffe94790000 - 0x00007ffe947cb000 	C:\WINDOWS\SYSTEM32\NTASN1.dll
0x00007ffe8dce0000 - 0x00007ffe8dce7000 	C:\WINDOWS\system32\wshunix.dll

dbghelp: loaded successfully - version: 4.0.5 - missing functions: none
symbol engine: initialized successfully - sym options: 0x614 - pdb path: .;C:\Program Files\Microsoft\jdk-17.0.11.9-hotspot\bin;C:\WINDOWS\SYSTEM32;C:\WINDOWS\WinSxS\amd64_microsoft.windows.common-controls_6595b64144ccf1df_6.0.19041.4355_none_60b8b9eb71f62e16;C:\Program Files\Microsoft\jdk-17.0.11.9-hotspot\bin\server;C:\Users\User\.gradle\native\68d5fa5c4cc2d200863cafc0d521ce42e7d3e7ee720ec0a83991735586a16f82\windows-amd64;C:\Users\User\.gradle\native\e376f236ea51e6404a007f0833ffe2c6e607c4080706a723a18a27aeea778392\windows-amd64

VM Arguments:
jvm_args: -XX:MaxMetaspaceSize=512m --add-opens=java.base/java.util=ALL-UNNAMED --add-opens=java.base/java.lang=ALL-UNNAMED --add-opens=java.base/java.lang.invoke=ALL-UNNAMED --add-opens=java.prefs/java.util.prefs=ALL-UNNAMED --add-opens=java.base/java.nio.charset=ALL-UNNAMED --add-opens=java.base/java.net=ALL-UNNAMED --add-opens=java.base/java.util.concurrent.atomic=ALL-UNNAMED -Xmx2048m -Dfile.encoding=windows-1252 -Duser.country=US -Duser.language=en -Duser.variant 
java_command: org.gradle.launcher.daemon.bootstrap.GradleDaemon 7.6
java_class_path (initial): C:\Users\User\.gradle\wrapper\dists\gradle-7.6-all\9f832ih6bniajn45pbmqhk2cw\gradle-7.6\lib\gradle-launcher-7.6.jar
Launcher Type: SUN_STANDARD

[Global flags]
     intx CICompilerCount                          = 3                                         {product} {ergonomic}
   size_t CompressedClassSpaceSize                 = 436207616                                 {product} {ergonomic}
     uint ConcGCThreads                            = 1                                         {product} {ergonomic}
     uint G1ConcRefinementThreads                  = 4                                         {product} {ergonomic}
   size_t G1HeapRegionSize                         = 1048576                                   {product} {ergonomic}
    uintx GCDrainStackTargetSize                   = 64                                        {product} {ergonomic}
   size_t InitialHeapSize                          = 268435456                                 {product} {ergonomic}
   size_t MarkStackSize                            = 4194304                                   {product} {ergonomic}
   size_t MaxHeapSize                              = 2147483648                                {product} {command line}
   size_t MaxMetaspaceSize                         = 536870912                                 {product} {command line}
   size_t MaxNewSize                               = 1287651328                                {product} {ergonomic}
   size_t MinHeapDeltaBytes                        = 1048576                                   {product} {ergonomic}
   size_t MinHeapSize                              = 8388608                                   {product} {ergonomic}
    uintx NonNMethodCodeHeapSize                   = 5832780                                {pd product} {ergonomic}
    uintx NonProfiledCodeHeapSize                  = 122912730                              {pd product} {ergonomic}
    uintx ProfiledCodeHeapSize                     = 122912730                              {pd product} {ergonomic}
    uintx ReservedCodeCacheSize                    = 251658240                              {pd product} {ergonomic}
     bool SegmentedCodeCache                       = true                                      {product} {ergonomic}
   size_t SoftMaxHeapSize                          = 2147483648                             {manageable} {ergonomic}
     bool UseCompressedClassPointers               = true                           {product lp64_product} {ergonomic}
     bool UseCompressedOops                        = true                           {product lp64_product} {ergonomic}
     bool UseG1GC                                  = true                                      {product} {ergonomic}
     bool UseLargePagesIndividualAllocation        = false                                  {pd product} {ergonomic}

Logging:
Log output configuration:
 #0: stdout all=warning uptime,level,tags
 #1: stderr all=off uptime,level,tags

Environment Variables:
JAVA_HOME=C:\Program Files\Microsoft\jdk-17.0.11.9-hotspot\
CLASSPATH=D:\React Native\DemoSocietyUi\android\\gradle\wrapper\gradle-wrapper.jar
PATH=D:\React Native\DemoSocietyUi\android\node_modules\.bin;D:\React Native\DemoSocietyUi\node_modules\.bin;D:\React Native\node_modules\.bin;D:\node_modules\.bin;C:\Program Files\nodejs;D:\React Native\DemoSocietyUi\node_modules\.bin;D:\React Native\node_modules\.bin;D:\node_modules\.bin;C:\Users\User\AppData\Roaming\npm\node_modules\npm\node_modules\@npmcli\run-script\lib\node-gyp-bin;C:\Program Files\Microsoft\jdk-17.0.11.9-hotspot\bin;C:\WINDOWS\system32;C:\WINDOWS;C:\WINDOWS\System32\Wbem;C:\WINDOWS\System32\WindowsPowerShell\v1.0\;C:\WINDOWS\System32\OpenSSH\;C:\Program Files (x86)\Intel\Intel(R) Management Engine Components\DAL;C:\Program Files\Intel\Intel(R) Management Engine Components\DAL;C:\ProgramData\chocolatey\bin;C:\Program Files\nodejs\;C:\Program Files\Git\cmd;C:\Users\User\Downloads\openssl-0.9.8k_WIN32\bin;C:\Users\User\AppData\Local\Microsoft\WindowsApps;C:\Users\User\AppData\Roaming\npm;C:\Users\User\AppData\Local\Android\Sdk\platform-tools;C:\Users\User\AppData\Local\Programs\Microsoft VS Code\bin;C:\Users\User\AppData\Local\GitHubDesktop\bin;C:\fp\swdir
USERNAME=User
LANG=en_US.UTF-8
OS=Windows_NT
PROCESSOR_IDENTIFIER=Intel64 Family 6 Model 78 Stepping 3, GenuineIntel
TMP=C:\Users\User\AppData\Local\Temp
TEMP=C:\Users\User\AppData\Local\Temp



Periodic native trim disabled


---------------  S Y S T E M  ---------------

OS:
 Windows 10 , 64 bit Build 19041 (10.0.19041.3636)
OS uptime: 75 days 19:37 hours

CPU: total 4 (initial active 4) (2 cores per cpu, 2 threads per core) family 6 model 78 stepping 3 microcode 0xf0, cx8, cmov, fxsr, ht, mmx, 3dnowpref, sse, sse2, sse3, ssse3, sse4.1, sse4.2, popcnt, lzcnt, tsc, tscinvbit, avx, avx2, aes, erms, clmul, bmi1, bmi2, rtm, adx, fma, vzeroupper, clflush, clflushopt
Processor Information for all 4 processors :
  Max Mhz: 2808, Current Mhz: 2607, Mhz Limit: 2583

Memory: 4k page, system-wide physical 16263M (1281M free)
TotalPageFile size 38040M (AvailPageFile size 28M)
current process WorkingSet (physical memory assigned to process): 460M, peak: 460M
current process commit charge ("private bytes"): 529M, peak: 553M

vm_info: OpenJDK 64-Bit Server VM (17.0.11+9-LTS) for windows-amd64 JRE (17.0.11+9-LTS), built on Apr  9 2024 22:05:54 by "MicrosoftCorporation" with MS VC++ 16.10 / 16.11 (VS2019)

END.
