#
# There is insufficient memory for the Java Runtime Environment to continue.
# Native memory allocation (mmap) failed to map 79691776 bytes. Error detail: G1 virtual space
# Possible reasons:
#   The system is out of physical RAM or swap space
#   This process is running with CompressedOops enabled, and the Java Heap may be blocking the growth of the native heap
# Possible solutions:
#   Reduce memory load on the system
#   Increase physical memory or swap space
#   Check if swap backing store is full
#   Decrease Java heap size (-Xmx/-Xms)
#   Decrease number of Java threads
#   Decrease Java thread stack sizes (-Xss)
#   Set larger code cache with -XX:ReservedCodeCacheSize=
#   JVM is running with Unscaled Compressed Oops mode in which the Java heap is
#     placed in the first 4GB address space. The Java Heap base address is the
#     maximum limit for the native heap growth. Please use -XX:HeapBaseMinAddress
#     to set the Java Heap base and to place the Java Heap above 4GB virtual address.
# This output file may be truncated or incomplete.
#
#  Out of Memory Error (os_windows.cpp:3613), pid=10516, tid=25000
#
# JRE version: OpenJDK Runtime Environment Microsoft-9388408 (17.0.11+9) (build 17.0.11+9-LTS)
# Java VM: OpenJDK 64-Bit Server VM Microsoft-9388408 (17.0.11+9-LTS, mixed mode, sharing, tiered, compressed oops, compressed class ptrs, g1 gc, windows-amd64)
# No core dump will be written. Minidumps are not enabled by default on client versions of Windows
#

---------------  S U M M A R Y ------------

Command Line: -XX:MaxMetaspaceSize=512m --add-opens=java.base/java.util=ALL-UNNAMED --add-opens=java.base/java.lang=ALL-UNNAMED --add-opens=java.base/java.lang.invoke=ALL-UNNAMED --add-opens=java.prefs/java.util.prefs=ALL-UNNAMED --add-opens=java.base/java.nio.charset=ALL-UNNAMED --add-opens=java.base/java.net=ALL-UNNAMED --add-opens=java.base/java.util.concurrent.atomic=ALL-UNNAMED -Xmx2048m -Dfile.encoding=windows-1252 -Duser.country=US -Duser.language=en -Duser.variant org.gradle.launcher.daemon.bootstrap.GradleDaemon 7.6

Host: Intel(R) Core(TM) i7-6600U CPU @ 2.60GHz, 4 cores, 15G,  Windows 10 , 64 bit Build 19041 (10.0.19041.3636)
Time: Fri Sep 20 12:07:12 2024 Pakistan Standard Time elapsed time: 53.264060 seconds (0d 0h 0m 53s)

---------------  T H R E A D  ---------------

Current thread (0x00000172d6ca23d0):  VMThread "VM Thread" [stack: 0x0000002dcb900000,0x0000002dcba00000] [id=25000]

Stack: [0x0000002dcb900000,0x0000002dcba00000]
Native frames: (J=compiled Java code, j=interpreted, Vv=VM code, C=native code)
V  [jvm.dll+0x67f6d9]
V  [jvm.dll+0x83773a]
V  [jvm.dll+0x8391fe]
V  [jvm.dll+0x839863]
V  [jvm.dll+0x247fbf]
V  [jvm.dll+0x67c519]
V  [jvm.dll+0x670f8a]
V  [jvm.dll+0x309bdb]
V  [jvm.dll+0x311086]
V  [jvm.dll+0x360a6e]
V  [jvm.dll+0x360c9f]
V  [jvm.dll+0x2e0928]
V  [jvm.dll+0x2ded34]
V  [jvm.dll+0x2de33c]
V  [jvm.dll+0x321d2b]
V  [jvm.dll+0x83dd5b]
V  [jvm.dll+0x83ea92]
V  [jvm.dll+0x83efad]
V  [jvm.dll+0x83f384]
V  [jvm.dll+0x83f450]
V  [jvm.dll+0x7e6cba]
V  [jvm.dll+0x67e5c5]
C  [ucrtbase.dll+0x21bb2]
C  [KERNEL32.DLL+0x17344]
C  [ntdll.dll+0x4cc91]

VM_Operation (0x0000002dcd5fde40): G1CollectForAllocation, mode: safepoint, requested by thread 0x00000172f7b70af0


---------------  P R O C E S S  ---------------

Threads class SMR info:
_java_thread_list=0x00000172f9db6480, length=88, elements={
0x00000172b6e4e800, 0x00000172d6ca7bc0, 0x00000172d6ca8950, 0x00000172d6cbd960,
0x00000172d6cbe6f0, 0x00000172d6cc2140, 0x00000172d6ccae20, 0x00000172d6ccefd0,
0x00000172d6ccf990, 0x00000172f6020040, 0x00000172f6121b20, 0x00000172f6124230,
0x00000172f7f6fc00, 0x00000172f845bae0, 0x00000172f6892850, 0x00000172f70f5850,
0x00000172f66dea90, 0x00000172f6349030, 0x00000172f7b72440, 0x00000172f7b71a20,
0x00000172f7b71f30, 0x00000172f7b73880, 0x00000172f7b700d0, 0x00000172f7b705e0,
0x00000172f7b70af0, 0x00000172f7b72950, 0x00000172f7b72e60, 0x00000172f7b73370,
0x00000172f7b71000, 0x00000172f79eae50, 0x00000172f79eccb0, 0x00000172f79ea430,
0x00000172f79ea940, 0x00000172f79ed1c0, 0x00000172f79ed6d0, 0x00000172f79ec290,
0x00000172f79ebd80, 0x00000172f79edbe0, 0x00000172f9d22f90, 0x00000172f9d248e0,
0x00000172f9d24df0, 0x00000172f9d234a0, 0x00000172f9d239b0, 0x00000172f9d22060,
0x00000172f9d25300, 0x00000172f9d22570, 0x00000172f9d25810, 0x00000172f9d23ec0,
0x00000172f9d22a80, 0x00000172f9653f00, 0x00000172f9656c90, 0x00000172f9650750,
0x00000172f96520a0, 0x00000172f9654e30, 0x00000172f9650c60, 0x00000172f9654410,
0x00000172f9655340, 0x00000172f9651680, 0x00000172f964f820, 0x00000172f964fd30,
0x00000172f9651170, 0x00000172f9654920, 0x00000172f9650240, 0x00000172f9651b90,
0x00000172f9655850, 0x00000172f96525b0, 0x00000172f96571a0, 0x00000172f9652ac0,
0x00000172f9652fd0, 0x00000172f96534e0, 0x00000172f96539f0, 0x00000172f9655d60,
0x00000172f9656270, 0x00000172f9656780, 0x00000172f87e5240, 0x00000172f87e5750,
0x00000172f87e6170, 0x00000172f87e84e0, 0x00000172f87e6b90, 0x00000172f87e6680,
0x00000172f87e7fd0, 0x00000172f87e70a0, 0x00000172f913b390, 0x00000172f9139530,
0x00000172f913c2c0, 0x00000172f913ae80, 0x00000172f913e120, 0x00000172f913eb40
}

Java Threads: ( => current thread )
  0x00000172b6e4e800 JavaThread "main" [_thread_blocked, id=22028, stack(0x0000002dcb300000,0x0000002dcb400000)]
  0x00000172d6ca7bc0 JavaThread "Reference Handler" daemon [_thread_blocked, id=17484, stack(0x0000002dcba00000,0x0000002dcbb00000)]
  0x00000172d6ca8950 JavaThread "Finalizer" daemon [_thread_blocked, id=28180, stack(0x0000002dcbb00000,0x0000002dcbc00000)]
  0x00000172d6cbd960 JavaThread "Signal Dispatcher" daemon [_thread_blocked, id=11768, stack(0x0000002dcbc00000,0x0000002dcbd00000)]
  0x00000172d6cbe6f0 JavaThread "Attach Listener" daemon [_thread_blocked, id=18032, stack(0x0000002dcbd00000,0x0000002dcbe00000)]
  0x00000172d6cc2140 JavaThread "Service Thread" daemon [_thread_blocked, id=26168, stack(0x0000002dcbe00000,0x0000002dcbf00000)]
  0x00000172d6ccae20 JavaThread "Monitor Deflation Thread" daemon [_thread_blocked, id=6640, stack(0x0000002dcbf00000,0x0000002dcc000000)]
  0x00000172d6ccefd0 JavaThread "C2 CompilerThread0" daemon [_thread_blocked, id=8212, stack(0x0000002dcc000000,0x0000002dcc100000)]
  0x00000172d6ccf990 JavaThread "C1 CompilerThread0" daemon [_thread_blocked, id=6560, stack(0x0000002dcc100000,0x0000002dcc200000)]
  0x00000172f6020040 JavaThread "Sweeper thread" daemon [_thread_blocked, id=25580, stack(0x0000002dcc200000,0x0000002dcc300000)]
  0x00000172f6121b20 JavaThread "Common-Cleaner" daemon [_thread_blocked, id=23928, stack(0x0000002dcc300000,0x0000002dcc400000)]
  0x00000172f6124230 JavaThread "Notification Thread" daemon [_thread_blocked, id=17320, stack(0x0000002dcc400000,0x0000002dcc500000)]
  0x00000172f7f6fc00 JavaThread "Daemon health stats" [_thread_blocked, id=10880, stack(0x0000002dcca00000,0x0000002dccb00000)]
  0x00000172f845bae0 JavaThread "Incoming local TCP Connector on port 57535" [_thread_in_native, id=13860, stack(0x0000002dcc900000,0x0000002dcca00000)]
  0x00000172f6892850 JavaThread "Daemon periodic checks" [_thread_blocked, id=4516, stack(0x0000002dccc00000,0x0000002dccd00000)]
  0x00000172f70f5850 JavaThread "Daemon" [_thread_blocked, id=12800, stack(0x0000002dccd00000,0x0000002dcce00000)]
  0x00000172f66dea90 JavaThread "Handler for socket connection from /127.0.0.1:57535 to /127.0.0.1:57536" [_thread_in_native, id=9640, stack(0x0000002dcce00000,0x0000002dccf00000)]
  0x00000172f6349030 JavaThread "Cancel handler" [_thread_blocked, id=5544, stack(0x0000002dccb00000,0x0000002dccc00000)]
  0x00000172f7b72440 JavaThread "Daemon worker" [_thread_blocked, id=26524, stack(0x0000002dccf00000,0x0000002dcd000000)]
  0x00000172f7b71a20 JavaThread "Asynchronous log dispatcher for DefaultDaemonConnection: socket connection from /127.0.0.1:57535 to /127.0.0.1:57536" [_thread_blocked, id=13016, stack(0x0000002dcd000000,0x0000002dcd100000)]
  0x00000172f7b71f30 JavaThread "Stdin handler" [_thread_blocked, id=20928, stack(0x0000002dcd100000,0x0000002dcd200000)]
  0x00000172f7b73880 JavaThread "Daemon client event forwarder" [_thread_blocked, id=12152, stack(0x0000002dcd200000,0x0000002dcd300000)]
  0x00000172f7b700d0 JavaThread "Cache worker for journal cache (C:\Users\User\.gradle\caches\journal-1)" [_thread_blocked, id=14872, stack(0x0000002dcd300000,0x0000002dcd400000)]
  0x00000172f7b705e0 JavaThread "File lock request listener" [_thread_in_native, id=18008, stack(0x0000002dcd400000,0x0000002dcd500000)]
  0x00000172f7b70af0 JavaThread "Cache worker for file hash cache (C:\Users\User\.gradle\caches\7.6\fileHashes)" [_thread_blocked, id=24536, stack(0x0000002dcd500000,0x0000002dcd600000)]
  0x00000172f7b72950 JavaThread "File watcher server" daemon [_thread_in_native, id=13752, stack(0x0000002dcd700000,0x0000002dcd800000)]
  0x00000172f7b72e60 JavaThread "File watcher consumer" daemon [_thread_blocked, id=7688, stack(0x0000002dcd800000,0x0000002dcd900000)]
  0x00000172f7b73370 JavaThread "Cache worker for checksums cache (D:\React Native\DemoSocietyUi\android\.gradle\7.6\checksums)" [_thread_blocked, id=18548, stack(0x0000002dcd900000,0x0000002dcda00000)]
  0x00000172f7b71000 JavaThread "Cache worker for cache directory md-rule (C:\Users\User\.gradle\caches\7.6\md-rule)" [_thread_blocked, id=3552, stack(0x0000002dcda00000,0x0000002dcdb00000)]
  0x00000172f79eae50 JavaThread "Cache worker for file content cache (C:\Users\User\.gradle\caches\7.6\fileContent)" [_thread_blocked, id=8360, stack(0x0000002dcdb00000,0x0000002dcdc00000)]
  0x00000172f79eccb0 JavaThread "Cache worker for file hash cache (D:\React Native\DemoSocietyUi\android\.gradle\7.6\fileHashes)" [_thread_blocked, id=11372, stack(0x0000002dcdc00000,0x0000002dcdd00000)]
  0x00000172f79ea430 JavaThread "Cache worker for cache directory md-supplier (C:\Users\User\.gradle\caches\7.6\md-supplier)" [_thread_blocked, id=24652, stack(0x0000002dcdd00000,0x0000002dcde00000)]
  0x00000172f79ea940 JavaThread "Cache worker for execution history cache (C:\Users\User\.gradle\caches\7.6\executionHistory)" [_thread_blocked, id=25512, stack(0x0000002dcde00000,0x0000002dcdf00000)]
  0x00000172f79ed1c0 JavaThread "jar transforms" [_thread_blocked, id=28540, stack(0x0000002dcdf00000,0x0000002dce000000)]
  0x00000172f79ed6d0 JavaThread "jar transforms Thread 2" [_thread_blocked, id=12048, stack(0x0000002dcd600000,0x0000002dcd700000)]
  0x00000172f79ec290 JavaThread "jar transforms Thread 3" [_thread_blocked, id=26252, stack(0x0000002dce000000,0x0000002dce100000)]
  0x00000172f79ebd80 JavaThread "jar transforms Thread 4" [_thread_blocked, id=27872, stack(0x0000002dce100000,0x0000002dce200000)]
  0x00000172f79edbe0 JavaThread "Cache worker for kotlin-dsl (C:\Users\User\.gradle\caches\7.6\kotlin-dsl)" [_thread_blocked, id=22496, stack(0x0000002dce200000,0x0000002dce300000)]
  0x00000172f9d22f90 JavaThread "Cache worker for dependencies-accessors (D:\React Native\DemoSocietyUi\android\.gradle\7.6\dependencies-accessors)" [_thread_blocked, id=17808, stack(0x0000002dce300000,0x0000002dce400000)]
  0x00000172f9d248e0 JavaThread "Cache worker for Build Output Cleanup Cache (D:\React Native\DemoSocietyUi\node_modules\react-native-gradle-plugin\.gradle\buildOutputCleanup)" [_thread_blocked, id=20688, stack(0x0000002dce400000,0x0000002dce500000)]
  0x00000172f9d24df0 JavaThread "Unconstrained build operations" [_thread_blocked, id=27888, stack(0x0000002dce600000,0x0000002dce700000)]
  0x00000172f9d234a0 JavaThread "Unconstrained build operations Thread 2" [_thread_blocked, id=26288, stack(0x0000002dce700000,0x0000002dce800000)]
  0x00000172f9d239b0 JavaThread "Unconstrained build operations Thread 3" [_thread_blocked, id=12760, stack(0x0000002dce800000,0x0000002dce900000)]
  0x00000172f9d22060 JavaThread "Unconstrained build operations Thread 4" [_thread_blocked, id=25880, stack(0x0000002dce900000,0x0000002dcea00000)]
  0x00000172f9d25300 JavaThread "Unconstrained build operations Thread 5" [_thread_blocked, id=15016, stack(0x0000002dcea00000,0x0000002dceb00000)]
  0x00000172f9d22570 JavaThread "Unconstrained build operations Thread 6" [_thread_blocked, id=21364, stack(0x0000002dceb00000,0x0000002dcec00000)]
  0x00000172f9d25810 JavaThread "Unconstrained build operations Thread 7" [_thread_blocked, id=22348, stack(0x0000002dcec00000,0x0000002dced00000)]
  0x00000172f9d23ec0 JavaThread "Unconstrained build operations Thread 8" [_thread_blocked, id=20604, stack(0x0000002dced00000,0x0000002dcee00000)]
  0x00000172f9d22a80 JavaThread "Unconstrained build operations Thread 9" [_thread_blocked, id=16160, stack(0x0000002dcee00000,0x0000002dcef00000)]
  0x00000172f9653f00 JavaThread "Unconstrained build operations Thread 10" [_thread_blocked, id=13864, stack(0x0000002dcef00000,0x0000002dcf000000)]
  0x00000172f9656c90 JavaThread "Unconstrained build operations Thread 11" [_thread_blocked, id=10024, stack(0x0000002dcf000000,0x0000002dcf100000)]
  0x00000172f9650750 JavaThread "Unconstrained build operations Thread 12" [_thread_blocked, id=26556, stack(0x0000002dcf100000,0x0000002dcf200000)]
  0x00000172f96520a0 JavaThread "Unconstrained build operations Thread 13" [_thread_blocked, id=21088, stack(0x0000002dcf200000,0x0000002dcf300000)]
  0x00000172f9654e30 JavaThread "Unconstrained build operations Thread 14" [_thread_blocked, id=24492, stack(0x0000002dcf300000,0x0000002dcf400000)]
  0x00000172f9650c60 JavaThread "Unconstrained build operations Thread 15" [_thread_blocked, id=25280, stack(0x0000002dcf400000,0x0000002dcf500000)]
  0x00000172f9654410 JavaThread "Unconstrained build operations Thread 16" [_thread_blocked, id=9476, stack(0x0000002dcf500000,0x0000002dcf600000)]
  0x00000172f9655340 JavaThread "Unconstrained build operations Thread 17" [_thread_blocked, id=17312, stack(0x0000002dcf600000,0x0000002dcf700000)]
  0x00000172f9651680 JavaThread "Unconstrained build operations Thread 18" [_thread_blocked, id=28580, stack(0x0000002dcf700000,0x0000002dcf800000)]
  0x00000172f964f820 JavaThread "Unconstrained build operations Thread 19" [_thread_blocked, id=22336, stack(0x0000002dcf800000,0x0000002dcf900000)]
  0x00000172f964fd30 JavaThread "Unconstrained build operations Thread 20" [_thread_blocked, id=17272, stack(0x0000002dcf900000,0x0000002dcfa00000)]
  0x00000172f9651170 JavaThread "Unconstrained build operations Thread 21" [_thread_blocked, id=25396, stack(0x0000002dcfa00000,0x0000002dcfb00000)]
  0x00000172f9654920 JavaThread "Unconstrained build operations Thread 22" [_thread_blocked, id=23116, stack(0x0000002dcfb00000,0x0000002dcfc00000)]
  0x00000172f9650240 JavaThread "Unconstrained build operations Thread 23" [_thread_blocked, id=5340, stack(0x0000002dcfc00000,0x0000002dcfd00000)]
  0x00000172f9651b90 JavaThread "Unconstrained build operations Thread 24" [_thread_blocked, id=25760, stack(0x0000002dcfd00000,0x0000002dcfe00000)]
  0x00000172f9655850 JavaThread "Unconstrained build operations Thread 25" [_thread_blocked, id=27652, stack(0x0000002dcfe00000,0x0000002dcff00000)]
  0x00000172f96525b0 JavaThread "Unconstrained build operations Thread 26" [_thread_blocked, id=22552, stack(0x0000002dcff00000,0x0000002dd0000000)]
  0x00000172f96571a0 JavaThread "Unconstrained build operations Thread 27" [_thread_blocked, id=27848, stack(0x0000002dd0000000,0x0000002dd0100000)]
  0x00000172f9652ac0 JavaThread "Unconstrained build operations Thread 28" [_thread_blocked, id=27600, stack(0x0000002dd0100000,0x0000002dd0200000)]
  0x00000172f9652fd0 JavaThread "Unconstrained build operations Thread 29" [_thread_blocked, id=21360, stack(0x0000002dd0200000,0x0000002dd0300000)]
  0x00000172f96534e0 JavaThread "Unconstrained build operations Thread 30" [_thread_blocked, id=20448, stack(0x0000002dd0300000,0x0000002dd0400000)]
  0x00000172f96539f0 JavaThread "Unconstrained build operations Thread 31" [_thread_blocked, id=8928, stack(0x0000002dd0400000,0x0000002dd0500000)]
  0x00000172f9655d60 JavaThread "Unconstrained build operations Thread 32" [_thread_blocked, id=23852, stack(0x0000002dd0500000,0x0000002dd0600000)]
  0x00000172f9656270 JavaThread "Unconstrained build operations Thread 33" [_thread_blocked, id=17684, stack(0x0000002dd0600000,0x0000002dd0700000)]
  0x00000172f9656780 JavaThread "build event listener" [_thread_blocked, id=23948, stack(0x0000002dd0700000,0x0000002dd0800000)]
  0x00000172f87e5240 JavaThread "Memory manager" [_thread_blocked, id=28412, stack(0x0000002dd0800000,0x0000002dd0900000)]
  0x00000172f87e5750 JavaThread "Cache worker for Build Output Cleanup Cache (D:\React Native\DemoSocietyUi\android\.gradle\buildOutputCleanup)" [_thread_blocked, id=9816, stack(0x0000002dd0900000,0x0000002dd0a00000)]
  0x00000172f87e6170 JavaThread "included builds" [_thread_blocked, id=15904, stack(0x0000002dd0a00000,0x0000002dd0b00000)]
  0x00000172f87e84e0 JavaThread "Execution worker" [_thread_blocked, id=23960, stack(0x0000002dd0b00000,0x0000002dd0c00000)]
  0x00000172f87e6b90 JavaThread "Execution worker Thread 2" [_thread_blocked, id=14008, stack(0x0000002dd0c00000,0x0000002dd0d00000)]
  0x00000172f87e6680 JavaThread "Execution worker Thread 3" [_thread_blocked, id=18400, stack(0x0000002dd0d00000,0x0000002dd0e00000)]
  0x00000172f87e7fd0 JavaThread "Cache worker for execution history cache (D:\React Native\DemoSocietyUi\node_modules\react-native-gradle-plugin\.gradle\7.6\executionHistory)" [_thread_blocked, id=18228, stack(0x0000002dd0e00000,0x0000002dd0f00000)]
  0x00000172f87e70a0 JavaThread "Unconstrained build operations Thread 34" [_thread_blocked, id=24624, stack(0x0000002dd0f00000,0x0000002dd1000000)]
  0x00000172f913b390 JavaThread "Unconstrained build operations Thread 35" [_thread_blocked, id=21900, stack(0x0000002dd1000000,0x0000002dd1100000)]
  0x00000172f9139530 JavaThread "Unconstrained build operations Thread 36" [_thread_blocked, id=7412, stack(0x0000002dd1100000,0x0000002dd1200000)]
  0x00000172f913c2c0 JavaThread "Unconstrained build operations Thread 37" [_thread_blocked, id=4972, stack(0x0000002dd1200000,0x0000002dd1300000)]
  0x00000172f913ae80 JavaThread "Unconstrained build operations Thread 38" [_thread_blocked, id=25532, stack(0x0000002dd1300000,0x0000002dd1400000)]
  0x00000172f913e120 JavaThread "Unconstrained build operations Thread 39" [_thread_blocked, id=25452, stack(0x0000002dd1400000,0x0000002dd1500000)]
  0x00000172f913eb40 JavaThread "Unconstrained build operations Thread 40" [_thread_blocked, id=20460, stack(0x0000002dd1500000,0x0000002dd1600000)]

Other Threads:
=>0x00000172d6ca23d0 VMThread "VM Thread" [stack: 0x0000002dcb900000,0x0000002dcba00000] [id=25000]
  0x00000172f6124710 WatcherThread [stack: 0x0000002dcc500000,0x0000002dcc600000] [id=26688]
  0x00000172b90ddd90 GCTaskThread "GC Thread#0" [stack: 0x0000002dcb400000,0x0000002dcb500000] [id=26992]
  0x00000172f67812d0 GCTaskThread "GC Thread#1" [stack: 0x0000002dcc600000,0x0000002dcc700000] [id=8548]
  0x00000172f6781590 GCTaskThread "GC Thread#2" [stack: 0x0000002dcc700000,0x0000002dcc800000] [id=23408]
  0x00000172f6781850 GCTaskThread "GC Thread#3" [stack: 0x0000002dcc800000,0x0000002dcc900000] [id=3356]
  0x00000172b90f03a0 ConcurrentGCThread "G1 Main Marker" [stack: 0x0000002dcb500000,0x0000002dcb600000] [id=22504]
  0x00000172b90f0cd0 ConcurrentGCThread "G1 Conc#0" [stack: 0x0000002dcb600000,0x0000002dcb700000] [id=28576]
  0x00000172b913e9c0 ConcurrentGCThread "G1 Refine#0" [stack: 0x0000002dcb700000,0x0000002dcb800000] [id=15408]
  0x00000172d6b60550 ConcurrentGCThread "G1 Service" [stack: 0x0000002dcb800000,0x0000002dcb900000] [id=16816]

Threads with active compile tasks:
C2 CompilerThread0    53325 11978       4       org.gradle.internal.serialize.kryo.StringDeduplicatingKryoBackedEncoder::writeString (20 bytes)

VM state: at safepoint (normal execution)

VM Mutex/Monitor currently owned by a thread:  ([mutex/lock_event])
[0x00000172b6e4a380] Threads_lock - owner thread: 0x00000172d6ca23d0
[0x00000172b6e4bcd0] Heap_lock - owner thread: 0x00000172f7b70af0

Heap address: 0x0000000080000000, size: 2048 MB, Compressed Oops mode: 32-bit

CDS archive(s) mapped at: [0x00000172d7000000-0x00000172d7bb0000-0x00000172d7bb0000), size 12255232, SharedBaseAddress: 0x00000172d7000000, ArchiveRelocationMode: 1.
Compressed class space mapped at: 0x00000172d8000000-0x00000172f2000000, reserved size: 436207616
Narrow klass base: 0x00000172d7000000, Narrow klass shift: 0, Narrow klass range: 0x100000000

GC Precious Log:
 CPUs: 4 total, 4 available
 Memory: 16263M
 Large Page Support: Disabled
 NUMA Support: Disabled
 Compressed Oops: Enabled (32-bit)
 Heap Region Size: 1M
 Heap Min Capacity: 8M
 Heap Initial Capacity: 256M
 Heap Max Capacity: 2G
 Pre-touch: Disabled
 Parallel Workers: 4
 Concurrent Workers: 1
 Concurrent Refinement Workers: 4
 Periodic GC: Disabled

Heap:
 garbage-first heap   total 184320K, used 128000K [0x0000000080000000, 0x0000000100000000)
  region size 1024K, 4 young (4096K), 4 survivors (4096K)
 Metaspace       used 88673K, committed 89856K, reserved 557056K
  class space    used 12378K, committed 12928K, reserved 425984K

Heap Regions: E=young(eden), S=young(survivor), O=old, HS=humongous(starts), HC=humongous(continues), CS=collection set, F=free, OA=open archive, CA=closed archive, TAMS=top-at-mark-start (previous, next)
|   0|0x0000000080000000, 0x0000000080100000, 0x0000000080100000|100%| O|  |TAMS 0x0000000080100000, 0x0000000080100000| Untracked 
|   1|0x0000000080100000, 0x0000000080200000, 0x0000000080200000|100%| O|  |TAMS 0x0000000080200000, 0x0000000080200000| Untracked 
|   2|0x0000000080200000, 0x0000000080300000, 0x0000000080300000|100%|HS|  |TAMS 0x0000000080300000, 0x0000000080300000| Complete 
|   3|0x0000000080300000, 0x0000000080400000, 0x0000000080400000|100%|HC|  |TAMS 0x0000000080400000, 0x0000000080400000| Complete 
|   4|0x0000000080400000, 0x0000000080500000, 0x0000000080500000|100%|HC|  |TAMS 0x0000000080500000, 0x0000000080500000| Complete 
|   5|0x0000000080500000, 0x0000000080600000, 0x0000000080600000|100%| O|  |TAMS 0x0000000080600000, 0x0000000080600000| Untracked 
|   6|0x0000000080600000, 0x0000000080700000, 0x0000000080700000|100%| O|  |TAMS 0x0000000080700000, 0x0000000080700000| Untracked 
|   7|0x0000000080700000, 0x0000000080800000, 0x0000000080800000|100%| O|  |TAMS 0x0000000080800000, 0x0000000080800000| Untracked 
|   8|0x0000000080800000, 0x0000000080900000, 0x0000000080900000|100%| O|  |TAMS 0x0000000080900000, 0x0000000080900000| Untracked 
|   9|0x0000000080900000, 0x0000000080a00000, 0x0000000080a00000|100%| O|  |TAMS 0x0000000080a00000, 0x0000000080a00000| Untracked 
|  10|0x0000000080a00000, 0x0000000080b00000, 0x0000000080b00000|100%| O|  |TAMS 0x0000000080b00000, 0x0000000080b00000| Untracked 
|  11|0x0000000080b00000, 0x0000000080c00000, 0x0000000080c00000|100%| O|  |TAMS 0x0000000080c00000, 0x0000000080c00000| Untracked 
|  12|0x0000000080c00000, 0x0000000080d00000, 0x0000000080d00000|100%| O|  |TAMS 0x0000000080d00000, 0x0000000080d00000| Untracked 
|  13|0x0000000080d00000, 0x0000000080e00000, 0x0000000080e00000|100%| O|  |TAMS 0x0000000080e00000, 0x0000000080e00000| Untracked 
|  14|0x0000000080e00000, 0x0000000080f00000, 0x0000000080f00000|100%| O|  |TAMS 0x0000000080f00000, 0x0000000080f00000| Untracked 
|  15|0x0000000080f00000, 0x0000000081000000, 0x0000000081000000|100%| O|  |TAMS 0x0000000081000000, 0x0000000081000000| Untracked 
|  16|0x0000000081000000, 0x0000000081100000, 0x0000000081100000|100%| O|  |TAMS 0x0000000081100000, 0x0000000081100000| Untracked 
|  17|0x0000000081100000, 0x0000000081200000, 0x0000000081200000|100%| O|  |TAMS 0x0000000081200000, 0x0000000081200000| Untracked 
|  18|0x0000000081200000, 0x0000000081300000, 0x0000000081300000|100%| O|  |TAMS 0x0000000081300000, 0x0000000081300000| Untracked 
|  19|0x0000000081300000, 0x0000000081400000, 0x0000000081400000|100%| O|  |TAMS 0x0000000081400000, 0x0000000081400000| Untracked 
|  20|0x0000000081400000, 0x0000000081500000, 0x0000000081500000|100%| O|  |TAMS 0x0000000081500000, 0x0000000081500000| Untracked 
|  21|0x0000000081500000, 0x0000000081600000, 0x0000000081600000|100%| O|  |TAMS 0x0000000081600000, 0x0000000081600000| Untracked 
|  22|0x0000000081600000, 0x0000000081700000, 0x0000000081700000|100%| O|  |TAMS 0x0000000081600000, 0x0000000081600000| Untracked 
|  23|0x0000000081700000, 0x0000000081800000, 0x0000000081800000|100%| O|  |TAMS 0x0000000081800000, 0x0000000081800000| Untracked 
|  24|0x0000000081800000, 0x0000000081900000, 0x0000000081900000|100%| O|  |TAMS 0x0000000081900000, 0x0000000081900000| Untracked 
|  25|0x0000000081900000, 0x0000000081a00000, 0x0000000081a00000|100%| O|  |TAMS 0x0000000081a00000, 0x0000000081a00000| Untracked 
|  26|0x0000000081a00000, 0x0000000081b00000, 0x0000000081b00000|100%| O|  |TAMS 0x0000000081b00000, 0x0000000081b00000| Untracked 
|  27|0x0000000081b00000, 0x0000000081c00000, 0x0000000081c00000|100%| O|  |TAMS 0x0000000081c00000, 0x0000000081c00000| Untracked 
|  28|0x0000000081c00000, 0x0000000081d00000, 0x0000000081d00000|100%| O|  |TAMS 0x0000000081d00000, 0x0000000081d00000| Untracked 
|  29|0x0000000081d00000, 0x0000000081e00000, 0x0000000081e00000|100%| O|  |TAMS 0x0000000081e00000, 0x0000000081e00000| Untracked 
|  30|0x0000000081e00000, 0x0000000081f00000, 0x0000000081f00000|100%|HS|  |TAMS 0x0000000081f00000, 0x0000000081f00000| Complete 
|  31|0x0000000081f00000, 0x0000000082000000, 0x0000000082000000|100%| O|  |TAMS 0x0000000082000000, 0x0000000082000000| Untracked 
|  32|0x0000000082000000, 0x0000000082100000, 0x0000000082100000|100%| O|  |TAMS 0x0000000082100000, 0x0000000082100000| Untracked 
|  33|0x0000000082100000, 0x0000000082200000, 0x0000000082200000|100%| O|  |TAMS 0x0000000082200000, 0x0000000082200000| Untracked 
|  34|0x0000000082200000, 0x0000000082300000, 0x0000000082300000|100%| O|  |TAMS 0x0000000082300000, 0x0000000082300000| Untracked 
|  35|0x0000000082300000, 0x0000000082400000, 0x0000000082400000|100%| O|  |TAMS 0x0000000082400000, 0x0000000082400000| Untracked 
|  36|0x0000000082400000, 0x0000000082500000, 0x0000000082500000|100%| O|  |TAMS 0x0000000082500000, 0x0000000082500000| Untracked 
|  37|0x0000000082500000, 0x0000000082600000, 0x0000000082600000|100%|HS|  |TAMS 0x0000000082600000, 0x0000000082600000| Complete 
|  38|0x0000000082600000, 0x0000000082700000, 0x0000000082700000|100%|HC|  |TAMS 0x0000000082700000, 0x0000000082700000| Complete 
|  39|0x0000000082700000, 0x0000000082800000, 0x0000000082800000|100%|HC|  |TAMS 0x0000000082800000, 0x0000000082800000| Complete 
|  40|0x0000000082800000, 0x0000000082900000, 0x0000000082900000|100%| O|  |TAMS 0x0000000082900000, 0x0000000082900000| Untracked 
|  41|0x0000000082900000, 0x0000000082a00000, 0x0000000082a00000|100%| O|  |TAMS 0x0000000082a00000, 0x0000000082a00000| Untracked 
|  42|0x0000000082a00000, 0x0000000082b00000, 0x0000000082b00000|100%| O|  |TAMS 0x0000000082b00000, 0x0000000082b00000| Untracked 
|  43|0x0000000082b00000, 0x0000000082c00000, 0x0000000082c00000|100%| O|  |TAMS 0x0000000082c00000, 0x0000000082c00000| Untracked 
|  44|0x0000000082c00000, 0x0000000082d00000, 0x0000000082d00000|100%| O|  |TAMS 0x0000000082d00000, 0x0000000082d00000| Untracked 
|  45|0x0000000082d00000, 0x0000000082e00000, 0x0000000082e00000|100%| O|  |TAMS 0x0000000082e00000, 0x0000000082e00000| Untracked 
|  46|0x0000000082e00000, 0x0000000082f00000, 0x0000000082f00000|100%| O|  |TAMS 0x0000000082f00000, 0x0000000082f00000| Untracked 
|  47|0x0000000082f00000, 0x0000000083000000, 0x0000000083000000|100%| O|  |TAMS 0x0000000083000000, 0x0000000083000000| Untracked 
|  48|0x0000000083000000, 0x0000000083100000, 0x0000000083100000|100%| O|  |TAMS 0x0000000083100000, 0x0000000083100000| Untracked 
|  49|0x0000000083100000, 0x0000000083200000, 0x0000000083200000|100%| O|  |TAMS 0x0000000083200000, 0x0000000083200000| Untracked 
|  50|0x0000000083200000, 0x0000000083300000, 0x0000000083300000|100%| O|  |TAMS 0x0000000083300000, 0x0000000083300000| Untracked 
|  51|0x0000000083300000, 0x0000000083400000, 0x0000000083400000|100%| O|  |TAMS 0x0000000083400000, 0x0000000083400000| Untracked 
|  52|0x0000000083400000, 0x0000000083500000, 0x0000000083500000|100%| O|  |TAMS 0x0000000083500000, 0x0000000083500000| Untracked 
|  53|0x0000000083500000, 0x0000000083600000, 0x0000000083600000|100%| O|  |TAMS 0x0000000083600000, 0x0000000083600000| Untracked 
|  54|0x0000000083600000, 0x0000000083700000, 0x0000000083700000|100%| O|  |TAMS 0x0000000083700000, 0x0000000083700000| Untracked 
|  55|0x0000000083700000, 0x0000000083800000, 0x0000000083800000|100%| O|  |TAMS 0x0000000083800000, 0x0000000083800000| Untracked 
|  56|0x0000000083800000, 0x0000000083900000, 0x0000000083900000|100%| O|  |TAMS 0x0000000083900000, 0x0000000083900000| Untracked 
|  57|0x0000000083900000, 0x0000000083a00000, 0x0000000083a00000|100%| O|  |TAMS 0x0000000083a00000, 0x0000000083a00000| Untracked 
|  58|0x0000000083a00000, 0x0000000083b00000, 0x0000000083b00000|100%|HS|  |TAMS 0x0000000083b00000, 0x0000000083b00000| Complete 
|  59|0x0000000083b00000, 0x0000000083c00000, 0x0000000083c00000|100%|HS|  |TAMS 0x0000000083c00000, 0x0000000083c00000| Complete 
|  60|0x0000000083c00000, 0x0000000083d00000, 0x0000000083d00000|100%| O|  |TAMS 0x0000000083d00000, 0x0000000083d00000| Untracked 
|  61|0x0000000083d00000, 0x0000000083e00000, 0x0000000083e00000|100%| O|  |TAMS 0x0000000083e00000, 0x0000000083e00000| Untracked 
|  62|0x0000000083e00000, 0x0000000083f00000, 0x0000000083f00000|100%| O|  |TAMS 0x0000000083f00000, 0x0000000083f00000| Untracked 
|  63|0x0000000083f00000, 0x0000000084000000, 0x0000000084000000|100%|HS|  |TAMS 0x0000000084000000, 0x0000000084000000| Complete 
|  64|0x0000000084000000, 0x0000000084100000, 0x0000000084100000|100%|HC|  |TAMS 0x0000000084100000, 0x0000000084100000| Complete 
|  65|0x0000000084100000, 0x0000000084200000, 0x0000000084200000|100%| O|  |TAMS 0x0000000084200000, 0x0000000084200000| Untracked 
|  66|0x0000000084200000, 0x0000000084300000, 0x0000000084300000|100%| O|  |TAMS 0x0000000084300000, 0x0000000084300000| Untracked 
|  67|0x0000000084300000, 0x0000000084400000, 0x0000000084400000|100%| O|  |TAMS 0x0000000084400000, 0x0000000084400000| Untracked 
|  68|0x0000000084400000, 0x0000000084500000, 0x0000000084500000|100%| O|  |TAMS 0x0000000084500000, 0x0000000084500000| Untracked 
|  69|0x0000000084500000, 0x0000000084600000, 0x0000000084600000|100%| O|  |TAMS 0x0000000084600000, 0x0000000084600000| Untracked 
|  70|0x0000000084600000, 0x0000000084700000, 0x0000000084700000|100%| O|  |TAMS 0x0000000084700000, 0x0000000084700000| Untracked 
|  71|0x0000000084700000, 0x0000000084800000, 0x0000000084800000|100%| O|  |TAMS 0x0000000084800000, 0x0000000084800000| Untracked 
|  72|0x0000000084800000, 0x0000000084900000, 0x0000000084900000|100%| O|  |TAMS 0x0000000084900000, 0x0000000084900000| Untracked 
|  73|0x0000000084900000, 0x0000000084a00000, 0x0000000084a00000|100%| O|  |TAMS 0x0000000084a00000, 0x0000000084a00000| Untracked 
|  74|0x0000000084a00000, 0x0000000084b00000, 0x0000000084b00000|100%| O|  |TAMS 0x0000000084b00000, 0x0000000084b00000| Untracked 
|  75|0x0000000084b00000, 0x0000000084c00000, 0x0000000084c00000|100%| O|  |TAMS 0x0000000084c00000, 0x0000000084c00000| Untracked 
|  76|0x0000000084c00000, 0x0000000084d00000, 0x0000000084d00000|100%| O|  |TAMS 0x0000000084d00000, 0x0000000084d00000| Untracked 
|  77|0x0000000084d00000, 0x0000000084e00000, 0x0000000084e00000|100%| O|  |TAMS 0x0000000084e00000, 0x0000000084e00000| Untracked 
|  78|0x0000000084e00000, 0x0000000084f00000, 0x0000000084f00000|100%| O|  |TAMS 0x0000000084f00000, 0x0000000084f00000| Untracked 
|  79|0x0000000084f00000, 0x0000000085000000, 0x0000000085000000|100%| O|  |TAMS 0x0000000085000000, 0x0000000085000000| Untracked 
|  80|0x0000000085000000, 0x0000000085100000, 0x0000000085100000|100%| O|  |TAMS 0x0000000085100000, 0x0000000085100000| Untracked 
|  81|0x0000000085100000, 0x0000000085200000, 0x0000000085200000|100%| O|  |TAMS 0x0000000085200000, 0x0000000085200000| Untracked 
|  82|0x0000000085200000, 0x0000000085300000, 0x0000000085300000|100%| O|  |TAMS 0x00000000852bd000, 0x0000000085300000| Untracked 
|  83|0x0000000085300000, 0x0000000085400000, 0x0000000085400000|100%| O|  |TAMS 0x0000000085300000, 0x0000000085400000| Untracked 
|  84|0x0000000085400000, 0x0000000085500000, 0x0000000085500000|100%| O|  |TAMS 0x0000000085400000, 0x0000000085500000| Untracked 
|  85|0x0000000085500000, 0x0000000085600000, 0x0000000085600000|100%| O|  |TAMS 0x0000000085500000, 0x0000000085600000| Untracked 
|  86|0x0000000085600000, 0x0000000085700000, 0x0000000085700000|100%| O|  |TAMS 0x0000000085600000, 0x0000000085700000| Untracked 
|  87|0x0000000085700000, 0x0000000085800000, 0x0000000085800000|100%| O|  |TAMS 0x0000000085700000, 0x0000000085800000| Untracked 
|  88|0x0000000085800000, 0x0000000085900000, 0x0000000085900000|100%|HS|  |TAMS 0x0000000085800000, 0x0000000085900000| Complete 
|  89|0x0000000085900000, 0x0000000085a00000, 0x0000000085a00000|100%|HC|  |TAMS 0x0000000085900000, 0x0000000085a00000| Complete 
|  90|0x0000000085a00000, 0x0000000085b00000, 0x0000000085b00000|100%|HS|  |TAMS 0x0000000085a00000, 0x0000000085b00000| Complete 
|  91|0x0000000085b00000, 0x0000000085c00000, 0x0000000085c00000|100%|HC|  |TAMS 0x0000000085b00000, 0x0000000085c00000| Complete 
|  92|0x0000000085c00000, 0x0000000085d00000, 0x0000000085d00000|100%|HC|  |TAMS 0x0000000085c00000, 0x0000000085d00000| Complete 
|  93|0x0000000085d00000, 0x0000000085e00000, 0x0000000085e00000|100%|HC|  |TAMS 0x0000000085d00000, 0x0000000085e00000| Complete 
|  94|0x0000000085e00000, 0x0000000085f00000, 0x0000000085f00000|100%|HS|  |TAMS 0x0000000085e00000, 0x0000000085f00000| Complete 
|  95|0x0000000085f00000, 0x0000000086000000, 0x0000000086000000|100%|HC|  |TAMS 0x0000000085f00000, 0x0000000086000000| Complete 
|  96|0x0000000086000000, 0x0000000086100000, 0x0000000086100000|100%|HC|  |TAMS 0x0000000086000000, 0x0000000086100000| Complete 
|  97|0x0000000086100000, 0x0000000086200000, 0x0000000086200000|100%|HS|  |TAMS 0x0000000086100000, 0x0000000086200000| Complete 
|  98|0x0000000086200000, 0x0000000086300000, 0x0000000086300000|100%|HC|  |TAMS 0x0000000086200000, 0x0000000086300000| Complete 
|  99|0x0000000086300000, 0x0000000086400000, 0x0000000086400000|100%| O|  |TAMS 0x0000000086300000, 0x0000000086400000| Untracked 
| 100|0x0000000086400000, 0x0000000086500000, 0x0000000086500000|100%| O|  |TAMS 0x0000000086400000, 0x0000000086500000| Untracked 
| 101|0x0000000086500000, 0x0000000086600000, 0x0000000086600000|100%| O|  |TAMS 0x0000000086500000, 0x0000000086600000| Untracked 
| 102|0x0000000086600000, 0x0000000086700000, 0x0000000086700000|100%| O|  |TAMS 0x0000000086600000, 0x0000000086700000| Untracked 
| 103|0x0000000086700000, 0x0000000086800000, 0x0000000086800000|100%| O|  |TAMS 0x0000000086700000, 0x0000000086800000| Untracked 
| 104|0x0000000086800000, 0x0000000086900000, 0x0000000086900000|100%| O|  |TAMS 0x0000000086800000, 0x0000000086900000| Untracked 
| 105|0x0000000086900000, 0x0000000086a00000, 0x0000000086a00000|100%| O|  |TAMS 0x0000000086900000, 0x0000000086a00000| Untracked 
| 106|0x0000000086a00000, 0x0000000086b00000, 0x0000000086b00000|100%| O|  |TAMS 0x0000000086a00000, 0x0000000086b00000| Untracked 
| 107|0x0000000086b00000, 0x0000000086c00000, 0x0000000086c00000|100%| O|  |TAMS 0x0000000086b00000, 0x0000000086c00000| Untracked 
| 108|0x0000000086c00000, 0x0000000086d00000, 0x0000000086d00000|100%| O|  |TAMS 0x0000000086c00000, 0x0000000086d00000| Untracked 
| 109|0x0000000086d00000, 0x0000000086e00000, 0x0000000086e00000|100%| O|  |TAMS 0x0000000086d00000, 0x0000000086e00000| Untracked 
| 110|0x0000000086e00000, 0x0000000086f00000, 0x0000000086f00000|100%| O|  |TAMS 0x0000000086e00000, 0x0000000086f00000| Untracked 
| 111|0x0000000086f00000, 0x0000000087000000, 0x0000000087000000|100%| O|  |TAMS 0x0000000086f00000, 0x0000000087000000| Untracked 
| 112|0x0000000087000000, 0x0000000087100000, 0x0000000087100000|100%| O|  |TAMS 0x0000000087000000, 0x0000000087100000| Untracked 
| 113|0x0000000087100000, 0x0000000087200000, 0x0000000087200000|100%| O|  |TAMS 0x0000000087100000, 0x0000000087200000| Untracked 
| 114|0x0000000087200000, 0x0000000087300000, 0x0000000087300000|100%| O|  |TAMS 0x0000000087200000, 0x0000000087300000| Untracked 
| 115|0x0000000087300000, 0x0000000087400000, 0x0000000087400000|100%| O|  |TAMS 0x0000000087300000, 0x0000000087400000| Untracked 
| 116|0x0000000087400000, 0x0000000087500000, 0x0000000087500000|100%| O|  |TAMS 0x0000000087400000, 0x0000000087500000| Untracked 
| 117|0x0000000087500000, 0x0000000087600000, 0x0000000087600000|100%| O|  |TAMS 0x0000000087500000, 0x0000000087600000| Untracked 
| 118|0x0000000087600000, 0x0000000087700000, 0x0000000087700000|100%| O|  |TAMS 0x0000000087600000, 0x0000000087680000| Untracked 
| 119|0x0000000087700000, 0x0000000087800000, 0x0000000087800000|100%| O|  |TAMS 0x0000000087700000, 0x0000000087700000| Untracked 
| 120|0x0000000087800000, 0x0000000087900000, 0x0000000087900000|100%| O|  |TAMS 0x0000000087800000, 0x0000000087800000| Untracked 
| 121|0x0000000087900000, 0x0000000087900000, 0x0000000087a00000|  0%| F|  |TAMS 0x0000000087900000, 0x0000000087900000| Untracked 
| 122|0x0000000087a00000, 0x0000000087a00000, 0x0000000087b00000|  0%| F|  |TAMS 0x0000000087a00000, 0x0000000087a00000| Untracked 
| 123|0x0000000087b00000, 0x0000000087b00000, 0x0000000087c00000|  0%| F|  |TAMS 0x0000000087b00000, 0x0000000087b00000| Untracked 
| 124|0x0000000087c00000, 0x0000000087c00000, 0x0000000087d00000|  0%| F|  |TAMS 0x0000000087c00000, 0x0000000087c00000| Untracked 
| 125|0x0000000087d00000, 0x0000000087d00000, 0x0000000087e00000|  0%| F|  |TAMS 0x0000000087d00000, 0x0000000087d00000| Untracked 
| 126|0x0000000087e00000, 0x0000000087e00000, 0x0000000087f00000|  0%| F|  |TAMS 0x0000000087e00000, 0x0000000087e00000| Untracked 
| 127|0x0000000087f00000, 0x0000000087f00000, 0x0000000088000000|  0%| F|  |TAMS 0x0000000087f00000, 0x0000000087f00000| Untracked 
| 128|0x0000000088000000, 0x0000000088000000, 0x0000000088100000|  0%| F|  |TAMS 0x0000000088000000, 0x0000000088000000| Untracked 
| 129|0x0000000088100000, 0x0000000088100000, 0x0000000088200000|  0%| F|  |TAMS 0x0000000088100000, 0x0000000088100000| Untracked 
| 130|0x0000000088200000, 0x0000000088200000, 0x0000000088300000|  0%| F|  |TAMS 0x0000000088200000, 0x0000000088200000| Untracked 
| 131|0x0000000088300000, 0x0000000088300000, 0x0000000088400000|  0%| F|  |TAMS 0x0000000088300000, 0x0000000088300000| Untracked 
| 132|0x0000000088400000, 0x0000000088400000, 0x0000000088500000|  0%| F|  |TAMS 0x0000000088400000, 0x0000000088400000| Untracked 
| 133|0x0000000088500000, 0x0000000088500000, 0x0000000088600000|  0%| F|  |TAMS 0x0000000088500000, 0x0000000088500000| Untracked 
| 134|0x0000000088600000, 0x0000000088600000, 0x0000000088700000|  0%| F|  |TAMS 0x0000000088600000, 0x0000000088600000| Untracked 
| 135|0x0000000088700000, 0x0000000088700000, 0x0000000088800000|  0%| F|  |TAMS 0x0000000088700000, 0x0000000088700000| Untracked 
| 136|0x0000000088800000, 0x0000000088800000, 0x0000000088900000|  0%| F|  |TAMS 0x0000000088800000, 0x0000000088800000| Untracked 
| 137|0x0000000088900000, 0x0000000088900000, 0x0000000088a00000|  0%| F|  |TAMS 0x0000000088900000, 0x0000000088900000| Untracked 
| 138|0x0000000088a00000, 0x0000000088a00000, 0x0000000088b00000|  0%| F|  |TAMS 0x0000000088a00000, 0x0000000088a00000| Untracked 
| 139|0x0000000088b00000, 0x0000000088b00000, 0x0000000088c00000|  0%| F|  |TAMS 0x0000000088b00000, 0x0000000088b00000| Untracked 
| 140|0x0000000088c00000, 0x0000000088c00000, 0x0000000088d00000|  0%| F|  |TAMS 0x0000000088c00000, 0x0000000088c00000| Untracked 
| 141|0x0000000088d00000, 0x0000000088d00000, 0x0000000088e00000|  0%| F|  |TAMS 0x0000000088d00000, 0x0000000088d00000| Untracked 
| 142|0x0000000088e00000, 0x0000000088e00000, 0x0000000088f00000|  0%| F|  |TAMS 0x0000000088e00000, 0x0000000088e00000| Untracked 
| 143|0x0000000088f00000, 0x0000000088f00000, 0x0000000089000000|  0%| F|  |TAMS 0x0000000088f00000, 0x0000000088f00000| Untracked 
| 144|0x0000000089000000, 0x0000000089000000, 0x0000000089100000|  0%| F|  |TAMS 0x0000000089000000, 0x0000000089000000| Untracked 
| 145|0x0000000089100000, 0x0000000089100000, 0x0000000089200000|  0%| F|  |TAMS 0x0000000089100000, 0x0000000089100000| Untracked 
| 146|0x0000000089200000, 0x0000000089200000, 0x0000000089300000|  0%| F|  |TAMS 0x0000000089200000, 0x0000000089200000| Untracked 
| 147|0x0000000089300000, 0x0000000089400000, 0x0000000089400000|100%| S|CS|TAMS 0x0000000089300000, 0x0000000089300000| Complete 
| 148|0x0000000089400000, 0x0000000089500000, 0x0000000089500000|100%| S|CS|TAMS 0x0000000089400000, 0x0000000089400000| Complete 
| 149|0x0000000089500000, 0x0000000089600000, 0x0000000089600000|100%| S|CS|TAMS 0x0000000089500000, 0x0000000089500000| Complete 
| 150|0x0000000089600000, 0x0000000089700000, 0x0000000089700000|100%| S|CS|TAMS 0x0000000089600000, 0x0000000089600000| Complete 
| 151|0x0000000089700000, 0x0000000089700000, 0x0000000089800000|  0%| F|  |TAMS 0x0000000089700000, 0x0000000089700000| Untracked 
| 152|0x0000000089800000, 0x0000000089800000, 0x0000000089900000|  0%| F|  |TAMS 0x0000000089800000, 0x0000000089800000| Untracked 
| 153|0x0000000089900000, 0x0000000089900000, 0x0000000089a00000|  0%| F|  |TAMS 0x0000000089900000, 0x0000000089900000| Untracked 
| 154|0x0000000089a00000, 0x0000000089a00000, 0x0000000089b00000|  0%| F|  |TAMS 0x0000000089a00000, 0x0000000089a00000| Untracked 
| 155|0x0000000089b00000, 0x0000000089b00000, 0x0000000089c00000|  0%| F|  |TAMS 0x0000000089b00000, 0x0000000089b00000| Untracked 
| 156|0x0000000089c00000, 0x0000000089c00000, 0x0000000089d00000|  0%| F|  |TAMS 0x0000000089c00000, 0x0000000089c00000| Untracked 
| 157|0x0000000089d00000, 0x0000000089d00000, 0x0000000089e00000|  0%| F|  |TAMS 0x0000000089d00000, 0x0000000089d00000| Untracked 
| 158|0x0000000089e00000, 0x0000000089e00000, 0x0000000089f00000|  0%| F|  |TAMS 0x0000000089e00000, 0x0000000089e00000| Untracked 
| 159|0x0000000089f00000, 0x0000000089f00000, 0x000000008a000000|  0%| F|  |TAMS 0x0000000089f00000, 0x0000000089f00000| Untracked 
| 160|0x000000008a000000, 0x000000008a000000, 0x000000008a100000|  0%| F|  |TAMS 0x000000008a000000, 0x000000008a000000| Untracked 
| 161|0x000000008a100000, 0x000000008a100000, 0x000000008a200000|  0%| F|  |TAMS 0x000000008a100000, 0x000000008a100000| Untracked 
| 162|0x000000008a200000, 0x000000008a200000, 0x000000008a300000|  0%| F|  |TAMS 0x000000008a200000, 0x000000008a200000| Untracked 
| 163|0x000000008a300000, 0x000000008a300000, 0x000000008a400000|  0%| F|  |TAMS 0x000000008a300000, 0x000000008a300000| Untracked 
| 164|0x000000008a400000, 0x000000008a400000, 0x000000008a500000|  0%| F|  |TAMS 0x000000008a400000, 0x000000008a400000| Untracked 
| 165|0x000000008a500000, 0x000000008a500000, 0x000000008a600000|  0%| F|  |TAMS 0x000000008a500000, 0x000000008a500000| Untracked 
| 166|0x000000008a600000, 0x000000008a600000, 0x000000008a700000|  0%| F|  |TAMS 0x000000008a600000, 0x000000008a600000| Untracked 
| 167|0x000000008a700000, 0x000000008a700000, 0x000000008a800000|  0%| F|  |TAMS 0x000000008a700000, 0x000000008a700000| Untracked 
| 168|0x000000008a800000, 0x000000008a800000, 0x000000008a900000|  0%| F|  |TAMS 0x000000008a800000, 0x000000008a800000| Untracked 
| 169|0x000000008a900000, 0x000000008a900000, 0x000000008aa00000|  0%| F|  |TAMS 0x000000008a900000, 0x000000008a900000| Untracked 
| 170|0x000000008aa00000, 0x000000008aa00000, 0x000000008ab00000|  0%| F|  |TAMS 0x000000008aa00000, 0x000000008aa00000| Untracked 
| 171|0x000000008ab00000, 0x000000008ab00000, 0x000000008ac00000|  0%| F|  |TAMS 0x000000008ab00000, 0x000000008ab00000| Untracked 
| 172|0x000000008ac00000, 0x000000008ac00000, 0x000000008ad00000|  0%| F|  |TAMS 0x000000008ac00000, 0x000000008ac00000| Untracked 
| 173|0x000000008ad00000, 0x000000008ad00000, 0x000000008ae00000|  0%| F|  |TAMS 0x000000008ad00000, 0x000000008ad00000| Untracked 
| 174|0x000000008ae00000, 0x000000008ae00000, 0x000000008af00000|  0%| F|  |TAMS 0x000000008ae00000, 0x000000008ae00000| Untracked 
| 175|0x000000008af00000, 0x000000008af00000, 0x000000008b000000|  0%| F|  |TAMS 0x000000008af00000, 0x000000008af00000| Untracked 
| 176|0x000000008b000000, 0x000000008b000000, 0x000000008b100000|  0%| F|  |TAMS 0x000000008b000000, 0x000000008b000000| Untracked 
| 177|0x000000008b100000, 0x000000008b100000, 0x000000008b200000|  0%| F|  |TAMS 0x000000008b100000, 0x000000008b100000| Untracked 
| 178|0x000000008b200000, 0x000000008b200000, 0x000000008b300000|  0%| F|  |TAMS 0x000000008b200000, 0x000000008b200000| Untracked 
| 255|0x000000008ff00000, 0x000000008ff00000, 0x0000000090000000|  0%| F|  |TAMS 0x000000008ff00000, 0x000000008ff00000| Untracked 

Card table byte_map: [0x00000172cffb0000,0x00000172d03b0000] _byte_map_base: 0x00000172cfbb0000

Marking Bits (Prev, Next): (CMBitMap*) 0x00000172b90df310, (CMBitMap*) 0x00000172b90df2d0
 Prev Bits: [0x00000172d27b0000, 0x00000172d47b0000)
 Next Bits: [0x00000172d07b0000, 0x00000172d27b0000)

Polling page: 0x00000172b6fa0000

Metaspace:

Usage:
  Non-class:     74.51 MB used.
      Class:     12.09 MB used.
       Both:     86.60 MB used.

Virtual space:
  Non-class space:      128.00 MB reserved,      75.12 MB ( 59%) committed,  2 nodes.
      Class space:      416.00 MB reserved,      12.62 MB (  3%) committed,  1 nodes.
             Both:      544.00 MB reserved,      87.75 MB ( 16%) committed. 

Chunk freelists:
   Non-Class:  4.34 MB
       Class:  3.31 MB
        Both:  7.65 MB

MaxMetaspaceSize: 512.00 MB
CompressedClassSpaceSize: 416.00 MB
Initial GC threshold: 21.00 MB
Current GC threshold: 143.44 MB
CDS: on
MetaspaceReclaimPolicy: balanced
 - commit_granule_bytes: 65536.
 - commit_granule_words: 8192.
 - virtual_space_node_default_size: 8388608.
 - enlarge_chunks_in_place: 1.
 - new_chunks_are_fully_committed: 0.
 - uncommit_free_chunks: 1.
 - use_allocation_guard: 0.
 - handle_deallocations: 1.


Internal statistics:

num_allocs_failed_limit: 9.
num_arena_births: 1178.
num_arena_deaths: 0.
num_vsnodes_births: 3.
num_vsnodes_deaths: 0.
num_space_committed: 1404.
num_space_uncommitted: 0.
num_chunks_returned_to_freelist: 9.
num_chunks_taken_from_freelist: 4829.
num_chunk_merges: 6.
num_chunk_splits: 3154.
num_chunks_enlarged: 2050.
num_inconsistent_stats: 0.

CodeHeap 'non-profiled nmethods': size=120000Kb used=4446Kb max_used=4635Kb free=115553Kb
 bounds [0x00000172c8680000, 0x00000172c8b10000, 0x00000172cfbb0000]
CodeHeap 'profiled nmethods': size=120000Kb used=19549Kb max_used=19549Kb free=100451Kb
 bounds [0x00000172c0bb0000, 0x00000172c1ed0000, 0x00000172c80e0000]
CodeHeap 'non-nmethods': size=5760Kb used=2440Kb max_used=2515Kb free=3319Kb
 bounds [0x00000172c80e0000, 0x00000172c8360000, 0x00000172c8680000]
 total_blobs=11357 nmethods=10377 adapters=892
 compilation: enabled
              stopped_count=0, restarted_count=0
 full_count=0

Compilation events (20 events):
Event: 53.229 Thread 0x00000172d6ccf990 12041       2       org.gradle.internal.vfs.impl.DefaultFileSystemAccess$$Lambda$396/0x00000172d8423478::snapshot (17 bytes)
Event: 53.230 Thread 0x00000172d6ccf990 nmethod 12041 0x00000172c1eb9d10 code [0x00000172c1eb9ea0, 0x00000172c1eb9fe8]
Event: 53.230 Thread 0x00000172d6ccf990 12042       2       org.gradle.internal.vfs.impl.DefaultFileSystemAccess::lambda$snapshot$7 (184 bytes)
Event: 53.231 Thread 0x00000172d6ccf990 nmethod 12042 0x00000172c1eba090 code [0x00000172c1eba380, 0x00000172c1ebb0e8]
Event: 53.231 Thread 0x00000172d6ccf990 12050       2       org.gradle.internal.vfs.impl.AbstractVirtualFileSystem$$Lambda$399/0x00000172d8424288::store (13 bytes)
Event: 53.231 Thread 0x00000172d6ccf990 nmethod 12050 0x00000172c1ebb910 code [0x00000172c1ebbaa0, 0x00000172c1ebbbe8]
Event: 53.231 Thread 0x00000172d6ccf990 12043       2       org.gradle.internal.nativeintegration.filesystem.services.GenericFileSystem::stat (18 bytes)
Event: 53.232 Thread 0x00000172d6ccf990 nmethod 12043 0x00000172c1ebbc90 code [0x00000172c1ebbe40, 0x00000172c1ebbff8]
Event: 53.232 Thread 0x00000172d6ccf990 12045   !   2       org.gradle.internal.nativeintegration.filesystem.services.NativePlatformBackedFileMetadataAccessor::stat (269 bytes)
Event: 53.233 Thread 0x00000172d6ccf990 nmethod 12045 0x00000172c1ebc190 code [0x00000172c1ebc580, 0x00000172c1ebd4b8]
Event: 53.233 Thread 0x00000172d6ccf990 12046       2       net.rubygrapefruit.platform.internal.DefaultWindowsFiles::stat (7 bytes)
Event: 53.234 Thread 0x00000172d6ccf990 nmethod 12046 0x00000172c1ebde90 code [0x00000172c1ebe020, 0x00000172c1ebe148]
Event: 53.234 Thread 0x00000172d6ccf990 12047       2       net.rubygrapefruit.platform.internal.DefaultWindowsFiles::stat (70 bytes)
Event: 53.234 Thread 0x00000172d6ccf990 nmethod 12047 0x00000172c1ebe210 code [0x00000172c1ebe460, 0x00000172c1ebed78]
Event: 53.234 Thread 0x00000172d6ccf990 12048       2       net.rubygrapefruit.platform.internal.WindowsFileStat::<init> (10 bytes)
Event: 53.235 Thread 0x00000172d6ccf990 nmethod 12048 0x00000172c1ebf110 code [0x00000172c1ebf2a0, 0x00000172c1ebf3f8]
Event: 53.235 Thread 0x00000172d6ccf990 12044       2       org.gradle.internal.file.StatStatistics$Collector::reportFileStated (9 bytes)
Event: 53.235 Thread 0x00000172d6ccf990 nmethod 12044 0x00000172c1ebf490 code [0x00000172c1ebf620, 0x00000172c1ebf748]
Event: 53.236 Thread 0x00000172d6ccf990 12051   !   3       com.google.common.cache.LocalCache$Segment::lockedGetOrLoad (447 bytes)
Event: 53.242 Thread 0x00000172d6ccf990 nmethod 12051 0x00000172c1ebf810 code [0x00000172c1ec0040, 0x00000172c1ec4f18]

GC Heap History (20 events):
Event: 33.189 GC heap after
{Heap after GC invocations=28 (full 0):
 garbage-first heap   total 101376K, used 59356K [0x0000000080000000, 0x0000000100000000)
  region size 1024K, 4 young (4096K), 4 survivors (4096K)
 Metaspace       used 66265K, committed 66944K, reserved 491520K
  class space    used 9178K, committed 9472K, reserved 425984K
}
Event: 33.649 GC heap before
{Heap before GC invocations=29 (full 0):
 garbage-first heap   total 111616K, used 80860K [0x0000000080000000, 0x0000000100000000)
  region size 1024K, 26 young (26624K), 4 survivors (4096K)
 Metaspace       used 67434K, committed 68160K, reserved 491520K
  class space    used 9339K, committed 9664K, reserved 425984K
}
Event: 33.664 GC heap after
{Heap after GC invocations=30 (full 0):
 garbage-first heap   total 111616K, used 61557K [0x0000000080000000, 0x0000000100000000)
  region size 1024K, 3 young (3072K), 3 survivors (3072K)
 Metaspace       used 67434K, committed 68160K, reserved 491520K
  class space    used 9339K, committed 9664K, reserved 425984K
}
Event: 33.753 GC heap before
{Heap before GC invocations=30 (full 0):
 garbage-first heap   total 111616K, used 64629K [0x0000000080000000, 0x0000000100000000)
  region size 1024K, 5 young (5120K), 3 survivors (3072K)
 Metaspace       used 67510K, committed 68224K, reserved 491520K
  class space    used 9347K, committed 9664K, reserved 425984K
}
Event: 33.758 GC heap after
{Heap after GC invocations=31 (full 0):
 garbage-first heap   total 171008K, used 64393K [0x0000000080000000, 0x0000000100000000)
  region size 1024K, 1 young (1024K), 1 survivors (1024K)
 Metaspace       used 67510K, committed 68224K, reserved 491520K
  class space    used 9347K, committed 9664K, reserved 425984K
}
Event: 35.262 GC heap before
{Heap before GC invocations=31 (full 0):
 garbage-first heap   total 171008K, used 139145K [0x0000000080000000, 0x0000000100000000)
  region size 1024K, 66 young (67584K), 1 survivors (1024K)
 Metaspace       used 74311K, committed 75008K, reserved 491520K
  class space    used 10183K, committed 10496K, reserved 425984K
}
Event: 35.268 GC heap after
{Heap after GC invocations=32 (full 0):
 garbage-first heap   total 171008K, used 75016K [0x0000000080000000, 0x0000000100000000)
  region size 1024K, 9 young (9216K), 9 survivors (9216K)
 Metaspace       used 74311K, committed 75008K, reserved 491520K
  class space    used 10183K, committed 10496K, reserved 425984K
}
Event: 36.054 GC heap before
{Heap before GC invocations=32 (full 0):
 garbage-first heap   total 171008K, used 132360K [0x0000000080000000, 0x0000000100000000)
  region size 1024K, 65 young (66560K), 9 survivors (9216K)
 Metaspace       used 78373K, committed 79040K, reserved 557056K
  class space    used 10715K, committed 11008K, reserved 425984K
}
Event: 36.064 GC heap after
{Heap after GC invocations=33 (full 0):
 garbage-first heap   total 171008K, used 79537K [0x0000000080000000, 0x0000000100000000)
  region size 1024K, 4 young (4096K), 4 survivors (4096K)
 Metaspace       used 78373K, committed 79040K, reserved 557056K
  class space    used 10715K, committed 11008K, reserved 425984K
}
Event: 48.722 GC heap before
{Heap before GC invocations=33 (full 0):
 garbage-first heap   total 171008K, used 134833K [0x0000000080000000, 0x0000000100000000)
  region size 1024K, 58 young (59392K), 4 survivors (4096K)
 Metaspace       used 80702K, committed 81408K, reserved 557056K
  class space    used 11060K, committed 11392K, reserved 425984K
}
Event: 48.735 GC heap after
{Heap after GC invocations=34 (full 0):
 garbage-first heap   total 171008K, used 84656K [0x0000000080000000, 0x0000000100000000)
  region size 1024K, 8 young (8192K), 8 survivors (8192K)
 Metaspace       used 80702K, committed 81408K, reserved 557056K
  class space    used 11060K, committed 11392K, reserved 425984K
}
Event: 49.427 GC heap before
{Heap before GC invocations=34 (full 0):
 garbage-first heap   total 171008K, used 136880K [0x0000000080000000, 0x0000000100000000)
  region size 1024K, 59 young (60416K), 8 survivors (8192K)
 Metaspace       used 85016K, committed 85824K, reserved 557056K
  class space    used 11838K, committed 12224K, reserved 425984K
}
Event: 49.442 GC heap after
{Heap after GC invocations=35 (full 0):
 garbage-first heap   total 171008K, used 89511K [0x0000000080000000, 0x0000000100000000)
  region size 1024K, 5 young (5120K), 5 survivors (5120K)
 Metaspace       used 85016K, committed 85824K, reserved 557056K
  class space    used 11838K, committed 12224K, reserved 425984K
}
Event: 51.225 GC heap before
{Heap before GC invocations=35 (full 0):
 garbage-first heap   total 171008K, used 137639K [0x0000000080000000, 0x0000000100000000)
  region size 1024K, 52 young (53248K), 5 survivors (5120K)
 Metaspace       used 87027K, committed 88000K, reserved 557056K
  class space    used 12177K, committed 12608K, reserved 425984K
}
Event: 51.239 GC heap after
{Heap after GC invocations=36 (full 0):
 garbage-first heap   total 171008K, used 96601K [0x0000000080000000, 0x0000000100000000)
  region size 1024K, 7 young (7168K), 7 survivors (7168K)
 Metaspace       used 87027K, committed 88000K, reserved 557056K
  class space    used 12177K, committed 12608K, reserved 425984K
}
Event: 52.384 GC heap before
{Heap before GC invocations=37 (full 0):
 garbage-first heap   total 184320K, used 147801K [0x0000000080000000, 0x0000000100000000)
  region size 1024K, 47 young (48128K), 7 survivors (7168K)
 Metaspace       used 87993K, committed 89088K, reserved 557056K
  class space    used 12297K, committed 12800K, reserved 425984K
}
Event: 52.402 GC heap after
{Heap after GC invocations=38 (full 0):
 garbage-first heap   total 184320K, used 119734K [0x0000000080000000, 0x0000000100000000)
  region size 1024K, 6 young (6144K), 6 survivors (6144K)
 Metaspace       used 87993K, committed 89088K, reserved 557056K
  class space    used 12297K, committed 12800K, reserved 425984K
}
Event: 52.451 GC heap before
{Heap before GC invocations=38 (full 0):
 garbage-first heap   total 184320K, used 122806K [0x0000000080000000, 0x0000000100000000)
  region size 1024K, 9 young (9216K), 6 survivors (6144K)
 Metaspace       used 88022K, committed 89088K, reserved 557056K
  class space    used 12299K, committed 12800K, reserved 425984K
}
Event: 52.458 GC heap after
{Heap after GC invocations=39 (full 0):
 garbage-first heap   total 184320K, used 121767K [0x0000000080000000, 0x0000000100000000)
  region size 1024K, 2 young (2048K), 2 survivors (2048K)
 Metaspace       used 88022K, committed 89088K, reserved 557056K
  class space    used 12299K, committed 12800K, reserved 425984K
}
Event: 53.247 GC heap before
{Heap before GC invocations=39 (full 0):
 garbage-first heap   total 184320K, used 148391K [0x0000000080000000, 0x0000000100000000)
  region size 1024K, 29 young (29696K), 2 survivors (2048K)
 Metaspace       used 88673K, committed 89856K, reserved 557056K
  class space    used 12378K, committed 12928K, reserved 425984K
}

Dll operation events (13 events):
Event: 0.025 Loaded shared library C:\Program Files\Microsoft\jdk-17.0.11.9-hotspot\bin\java.dll
Event: 0.057 Loaded shared library C:\Program Files\Microsoft\jdk-17.0.11.9-hotspot\bin\jsvml.dll
Event: 0.163 Loaded shared library C:\Program Files\Microsoft\jdk-17.0.11.9-hotspot\bin\net.dll
Event: 0.166 Loaded shared library C:\Program Files\Microsoft\jdk-17.0.11.9-hotspot\bin\nio.dll
Event: 0.172 Loaded shared library C:\Program Files\Microsoft\jdk-17.0.11.9-hotspot\bin\zip.dll
Event: 0.923 Loaded shared library C:\Program Files\Microsoft\jdk-17.0.11.9-hotspot\bin\jimage.dll
Event: 1.539 Loaded shared library C:\Program Files\Microsoft\jdk-17.0.11.9-hotspot\bin\verify.dll
Event: 2.074 Loaded shared library C:\Users\User\.gradle\native\68d5fa5c4cc2d200863cafc0d521ce42e7d3e7ee720ec0a83991735586a16f82\windows-amd64\native-platform.dll
Event: 2.090 Loaded shared library C:\Users\User\.gradle\native\e376f236ea51e6404a007f0833ffe2c6e607c4080706a723a18a27aeea778392\windows-amd64\native-platform-file-events.dll
Event: 4.440 Loaded shared library C:\Program Files\Microsoft\jdk-17.0.11.9-hotspot\bin\management.dll
Event: 4.449 Loaded shared library C:\Program Files\Microsoft\jdk-17.0.11.9-hotspot\bin\management_ext.dll
Event: 5.118 Loaded shared library C:\Program Files\Microsoft\jdk-17.0.11.9-hotspot\bin\extnet.dll
Event: 5.705 Loaded shared library C:\Program Files\Microsoft\jdk-17.0.11.9-hotspot\bin\sunmscapi.dll

Deoptimization events (20 events):
Event: 52.261 Thread 0x00000172f7b72440 DEOPT PACKING pc=0x00000172c1a57c9d sp=0x0000002dccff8df0
Event: 52.261 Thread 0x00000172f7b72440 DEOPT UNPACKING pc=0x00000172c8137143 sp=0x0000002dccff8318 mode 0
Event: 52.261 Thread 0x00000172f7b72440 DEOPT PACKING pc=0x00000172c1a57b35 sp=0x0000002dccff8810
Event: 52.261 Thread 0x00000172f7b72440 DEOPT UNPACKING pc=0x00000172c8137143 sp=0x0000002dccff7d38 mode 0
Event: 52.272 Thread 0x00000172f7b72440 DEOPT PACKING pc=0x00000172c1a57c9d sp=0x0000002dccff8870
Event: 52.272 Thread 0x00000172f7b72440 DEOPT UNPACKING pc=0x00000172c8137143 sp=0x0000002dccff7d98 mode 0
Event: 52.381 Thread 0x00000172f7b72440 DEOPT PACKING pc=0x00000172c16fc86e sp=0x0000002dccff6870
Event: 52.381 Thread 0x00000172f7b72440 DEOPT UNPACKING pc=0x00000172c8137143 sp=0x0000002dccff5d20 mode 0
Event: 52.433 Thread 0x00000172f7b72440 DEOPT PACKING pc=0x00000172c1a57c9d sp=0x0000002dccff8850
Event: 52.433 Thread 0x00000172f7b72440 DEOPT UNPACKING pc=0x00000172c8137143 sp=0x0000002dccff7d78 mode 0
Event: 52.433 Thread 0x00000172f7b72440 DEOPT PACKING pc=0x00000172c1a57c9d sp=0x0000002dccff8830
Event: 52.433 Thread 0x00000172f7b72440 DEOPT UNPACKING pc=0x00000172c8137143 sp=0x0000002dccff7d58 mode 0
Event: 52.875 Thread 0x00000172f7b72440 DEOPT PACKING pc=0x00000172c0c98b1e sp=0x0000002dccff9640
Event: 52.875 Thread 0x00000172f7b72440 DEOPT UNPACKING pc=0x00000172c8137143 sp=0x0000002dccff8be0 mode 0
Event: 53.190 Thread 0x00000172f7b72440 Uncommon trap: trap_request=0xffffff45 fr.pc=0x00000172c89f9954 relative=0x00000000000001b4
Event: 53.190 Thread 0x00000172f7b72440 Uncommon trap: reason=unstable_if action=reinterpret pc=0x00000172c89f9954 method=org.gradle.internal.snapshot.VfsRelativePath.isPrefix(Ljava/lang/String;ILjava/lang/String;ILorg/gradle/internal/snapshot/CaseSensitivity;)Z @ 101 c2
Event: 53.190 Thread 0x00000172f7b72440 DEOPT PACKING pc=0x00000172c89f9954 sp=0x0000002dccff8980
Event: 53.190 Thread 0x00000172f7b72440 DEOPT UNPACKING pc=0x00000172c81369a3 sp=0x0000002dccff8918 mode 2
Event: 53.242 Thread 0x00000172f7b72440 DEOPT PACKING pc=0x00000172c0c3f473 sp=0x0000002dccff9470
Event: 53.242 Thread 0x00000172f7b72440 DEOPT UNPACKING pc=0x00000172c8137143 sp=0x0000002dccff89a8 mode 0

Classes unloaded (0 events):
No events

Classes redefined (0 events):
No events

Internal exceptions (20 events):
Event: 52.507 Thread 0x00000172f7b72440 Exception <a 'java/lang/ClassNotFoundException'{0x000000008b257628}: build_cs6jrckalnpnjyni3x8mkny4dCustomizer> (0x000000008b257628) 
thrown [s\src\hotspot\share\classfile\systemDictionary.cpp, line 256]
Event: 52.527 Thread 0x00000172f7b72440 Exception <a 'java/lang/ClassNotFoundException'{0x000000008b1b3848}: build_cs6jrckalnpnjyni3x8mkny4d$_run_closure1BeanInfo> (0x000000008b1b3848) 
thrown [s\src\hotspot\share\classfile\systemDictionary.cpp, line 256]
Event: 52.528 Thread 0x00000172f7b72440 Exception <a 'java/lang/ClassNotFoundException'{0x000000008b1bd448}: build_cs6jrckalnpnjyni3x8mkny4d$_run_closure1Customizer> (0x000000008b1bd448) 
thrown [s\src\hotspot\share\classfile\systemDictionary.cpp, line 256]
Event: 52.578 Thread 0x00000172f7b72440 Exception <a 'java/lang/NoClassDefFoundError'{0x000000008ac1be48}: org/jetbrains/kotlin/gradle/plugin/KotlinBasePluginWrapper> (0x000000008ac1be48) 
thrown [s\src\hotspot\share\oops\constantPool.cpp, line 837]
Event: 52.620 Thread 0x00000172f7b72440 Exception <a 'java/lang/ClassNotFoundException'{0x000000008ace9348}: build_h58b49qsrqgb0djy0o7uqz9eBeanInfo> (0x000000008ace9348) 
thrown [s\src\hotspot\share\classfile\systemDictionary.cpp, line 256]
Event: 52.621 Thread 0x00000172f7b72440 Exception <a 'java/lang/ClassNotFoundException'{0x000000008acefec8}: build_h58b49qsrqgb0djy0o7uqz9eCustomizer> (0x000000008acefec8) 
thrown [s\src\hotspot\share\classfile\systemDictionary.cpp, line 256]
Event: 52.673 Thread 0x00000172f7b72440 Exception <a 'java/lang/ClassNotFoundException'{0x000000008a91b578}: build_h58b49qsrqgb0djy0o7uqz9eBeanInfo> (0x000000008a91b578) 
thrown [s\src\hotspot\share\classfile\systemDictionary.cpp, line 256]
Event: 52.673 Thread 0x00000172f7b72440 Exception <a 'java/lang/ClassNotFoundException'{0x000000008a922098}: build_h58b49qsrqgb0djy0o7uqz9eCustomizer> (0x000000008a922098) 
thrown [s\src\hotspot\share\classfile\systemDictionary.cpp, line 256]
Event: 52.712 Thread 0x00000172f7b72440 Exception <a 'java/lang/ClassNotFoundException'{0x000000008a9fd308}: firebase_json_2zaxtxstsvzvgvp3q3rgt4hihBeanInfo> (0x000000008a9fd308) 
thrown [s\src\hotspot\share\classfile\systemDictionary.cpp, line 256]
Event: 52.712 Thread 0x00000172f7b72440 Exception <a 'java/lang/ClassNotFoundException'{0x000000008a808108}: firebase_json_2zaxtxstsvzvgvp3q3rgt4hihCustomizer> (0x000000008a808108) 
thrown [s\src\hotspot\share\classfile\systemDictionary.cpp, line 256]
Event: 52.735 Thread 0x00000172f7b72440 Exception <a 'java/lang/ClassNotFoundException'{0x000000008a8721d8}: groovy/json/JsonOutputBeanInfo> (0x000000008a8721d8) 
thrown [s\src\hotspot\share\classfile\systemDictionary.cpp, line 256]
Event: 52.736 Thread 0x00000172f7b72440 Exception <a 'java/lang/ClassNotFoundException'{0x000000008a885798}: groovy/json/JsonOutputCustomizer> (0x000000008a885798) 
thrown [s\src\hotspot\share\classfile\systemDictionary.cpp, line 256]
Event: 52.794 Thread 0x00000172f7b72440 Exception <a 'java/lang/NoClassDefFoundError'{0x000000008a5a7678}: org/jetbrains/kotlin/gradle/plugin/KotlinBasePluginWrapper> (0x000000008a5a7678) 
thrown [s\src\hotspot\share\oops\constantPool.cpp, line 837]
Event: 52.827 Thread 0x00000172f7b72440 Exception <a 'java/lang/ClassNotFoundException'{0x000000008a4690b8}: build_41klygnbh0eqdwb9yd6dhtc7oBeanInfo> (0x000000008a4690b8) 
thrown [s\src\hotspot\share\classfile\systemDictionary.cpp, line 256]
Event: 52.828 Thread 0x00000172f7b72440 Exception <a 'java/lang/ClassNotFoundException'{0x000000008a46fc58}: build_41klygnbh0eqdwb9yd6dhtc7oCustomizer> (0x000000008a46fc58) 
thrown [s\src\hotspot\share\classfile\systemDictionary.cpp, line 256]
Event: 52.878 Thread 0x00000172f7b72440 Exception <a 'java/lang/ClassNotFoundException'{0x000000008a283c90}: build_41klygnbh0eqdwb9yd6dhtc7oBeanInfo> (0x000000008a283c90) 
thrown [s\src\hotspot\share\classfile\systemDictionary.cpp, line 256]
Event: 52.878 Thread 0x00000172f7b72440 Exception <a 'java/lang/ClassNotFoundException'{0x000000008a28a7d0}: build_41klygnbh0eqdwb9yd6dhtc7oCustomizer> (0x000000008a28a7d0) 
thrown [s\src\hotspot\share\classfile\systemDictionary.cpp, line 256]
Event: 52.951 Thread 0x00000172f7b72440 Exception <a 'java/lang/NoClassDefFoundError'{0x0000000089f9aee8}: org/jetbrains/kotlin/gradle/plugin/KotlinBasePluginWrapper> (0x0000000089f9aee8) 
thrown [s\src\hotspot\share\oops\constantPool.cpp, line 837]
Event: 52.989 Thread 0x00000172f7b72440 Exception <a 'java/lang/ClassNotFoundException'{0x0000000089e58e70}: build_3a8cpiqwhl3vowul1pxq1i8dyBeanInfo> (0x0000000089e58e70) 
thrown [s\src\hotspot\share\classfile\systemDictionary.cpp, line 256]
Event: 52.989 Thread 0x00000172f7b72440 Exception <a 'java/lang/ClassNotFoundException'{0x0000000089e5fa10}: build_3a8cpiqwhl3vowul1pxq1i8dyCustomizer> (0x0000000089e5fa10) 
thrown [s\src\hotspot\share\classfile\systemDictionary.cpp, line 256]

VM Operations (20 events):
Event: 50.938 Executing VM operation: HandshakeAllThreads done
Event: 51.068 Executing VM operation: ICBufferFull
Event: 51.068 Executing VM operation: ICBufferFull done
Event: 51.224 Executing VM operation: G1CollectForAllocation
Event: 51.239 Executing VM operation: G1CollectForAllocation done
Event: 51.431 Executing VM operation: G1PauseRemark
Event: 51.436 Executing VM operation: G1PauseRemark done
Event: 51.512 Executing VM operation: HandshakeAllThreads
Event: 51.512 Executing VM operation: HandshakeAllThreads done
Event: 51.530 Executing VM operation: G1PauseCleanup
Event: 51.530 Executing VM operation: G1PauseCleanup done
Event: 52.252 Executing VM operation: ICBufferFull
Event: 52.253 Executing VM operation: ICBufferFull done
Event: 52.384 Executing VM operation: G1CollectForAllocation
Event: 52.403 Executing VM operation: G1CollectForAllocation done
Event: 52.451 Executing VM operation: G1CollectForAllocation
Event: 52.459 Executing VM operation: G1CollectForAllocation done
Event: 53.021 Executing VM operation: ICBufferFull
Event: 53.021 Executing VM operation: ICBufferFull done
Event: 53.247 Executing VM operation: G1CollectForAllocation

Events (20 events):
Event: 50.953 Thread 0x00000172f6020040 flushing nmethod 0x00000172c1d67390
Event: 50.953 Thread 0x00000172f6020040 flushing nmethod 0x00000172c1d68090
Event: 50.954 Thread 0x00000172f6020040 flushing nmethod 0x00000172c1e3c210
Event: 50.954 Thread 0x00000172f6020040 flushing nmethod 0x00000172c1e42b10
Event: 51.554 loading class java/lang/BooleanBeanInfo
Event: 51.554 loading class java/lang/BooleanBeanInfo done
Event: 51.554 loading class java/lang/BooleanBeanInfo
Event: 51.554 loading class java/lang/BooleanBeanInfo done
Event: 51.555 loading class java/lang/BooleanCustomizer
Event: 51.555 loading class java/lang/BooleanCustomizer done
Event: 51.555 loading class java/lang/BooleanCustomizer
Event: 51.555 loading class java/lang/BooleanCustomizer done
Event: 51.582 loading class java/io/ObjectOutputStream$BlockDataOutputStream
Event: 51.582 loading class java/io/ObjectOutputStream$BlockDataOutputStream done
Event: 51.582 loading class java/io/ObjectOutputStream$HandleTable
Event: 51.583 loading class java/io/ObjectOutputStream$HandleTable done
Event: 51.583 loading class java/io/ObjectOutputStream$ReplaceTable
Event: 51.583 loading class java/io/ObjectOutputStream$ReplaceTable done
Event: 51.583 loading class java/io/Bits
Event: 51.584 loading class java/io/Bits done


Dynamic libraries:
0x00007ff7eb9e0000 - 0x00007ff7eb9ee000 	C:\Program Files\Microsoft\jdk-17.0.11.9-hotspot\bin\java.exe
0x00007ffe97750000 - 0x00007ffe97948000 	C:\WINDOWS\SYSTEM32\ntdll.dll
0x00007ffe96860000 - 0x00007ffe9691d000 	C:\WINDOWS\System32\KERNEL32.DLL
0x00007ffe94e80000 - 0x00007ffe95176000 	C:\WINDOWS\System32\KERNELBASE.dll
0x00007ffe951d0000 - 0x00007ffe952d0000 	C:\WINDOWS\System32\ucrtbase.dll
0x00007ffe8b170000 - 0x00007ffe8b18b000 	C:\Program Files\Microsoft\jdk-17.0.11.9-hotspot\bin\VCRUNTIME140.dll
0x00007ffe8bc20000 - 0x00007ffe8bc37000 	C:\Program Files\Microsoft\jdk-17.0.11.9-hotspot\bin\jli.dll
0x00007ffe96c50000 - 0x00007ffe96def000 	C:\WINDOWS\System32\USER32.dll
0x00007ffe952d0000 - 0x00007ffe952f2000 	C:\WINDOWS\System32\win32u.dll
0x00007ffe96830000 - 0x00007ffe9685b000 	C:\WINDOWS\System32\GDI32.dll
0x00007ffe95500000 - 0x00007ffe95617000 	C:\WINDOWS\System32\gdi32full.dll
0x00007ffe95300000 - 0x00007ffe9539d000 	C:\WINDOWS\System32\msvcp_win.dll
0x00007ffe71a50000 - 0x00007ffe71cea000 	C:\WINDOWS\WinSxS\amd64_microsoft.windows.common-controls_6595b64144ccf1df_6.0.19041.4355_none_60b8b9eb71f62e16\COMCTL32.dll
0x00007ffe96330000 - 0x00007ffe963ce000 	C:\WINDOWS\System32\msvcrt.dll
0x00007ffe96800000 - 0x00007ffe9682f000 	C:\WINDOWS\System32\IMM32.DLL
0x00007ffe8c4d0000 - 0x00007ffe8c4dc000 	C:\Program Files\Microsoft\jdk-17.0.11.9-hotspot\bin\vcruntime140_1.dll
0x00007ffe58950000 - 0x00007ffe589dd000 	C:\Program Files\Microsoft\jdk-17.0.11.9-hotspot\bin\msvcp140.dll
0x00007ffe2f460000 - 0x00007ffe300c6000 	C:\Program Files\Microsoft\jdk-17.0.11.9-hotspot\bin\server\jvm.dll
0x00007ffe96af0000 - 0x00007ffe96ba0000 	C:\WINDOWS\System32\ADVAPI32.dll
0x00007ffe969f0000 - 0x00007ffe96a90000 	C:\WINDOWS\System32\sechost.dll
0x00007ffe97170000 - 0x00007ffe97293000 	C:\WINDOWS\System32\RPCRT4.dll
0x00007ffe956d0000 - 0x00007ffe956f7000 	C:\WINDOWS\System32\bcrypt.dll
0x00007ffe94c60000 - 0x00007ffe94cab000 	C:\WINDOWS\SYSTEM32\POWRPROF.dll
0x00007ffe73470000 - 0x00007ffe73497000 	C:\WINDOWS\SYSTEM32\WINMM.dll
0x00007ffe8f4b0000 - 0x00007ffe8f4ba000 	C:\WINDOWS\SYSTEM32\VERSION.dll
0x00007ffe720d0000 - 0x00007ffe720d9000 	C:\WINDOWS\SYSTEM32\WSOCK32.dll
0x00007ffe96980000 - 0x00007ffe969eb000 	C:\WINDOWS\System32\ws2_32.DLL
0x00007ffe94c40000 - 0x00007ffe94c52000 	C:\WINDOWS\SYSTEM32\UMPDC.dll
0x00007ffe93650000 - 0x00007ffe93662000 	C:\WINDOWS\SYSTEM32\kernel.appcore.dll
0x00007ffe8b900000 - 0x00007ffe8b90a000 	C:\Program Files\Microsoft\jdk-17.0.11.9-hotspot\bin\jimage.dll
0x00007ffe8fb40000 - 0x00007ffe8fd24000 	C:\WINDOWS\SYSTEM32\DBGHELP.DLL
0x00007ffe788b0000 - 0x00007ffe788e4000 	C:\WINDOWS\SYSTEM32\dbgcore.DLL
0x00007ffe95700000 - 0x00007ffe95782000 	C:\WINDOWS\System32\bcryptPrimitives.dll
0x00007ffe6cbe0000 - 0x00007ffe6cc05000 	C:\Program Files\Microsoft\jdk-17.0.11.9-hotspot\bin\java.dll
0x00007ffe53890000 - 0x00007ffe53967000 	C:\Program Files\Microsoft\jdk-17.0.11.9-hotspot\bin\jsvml.dll
0x00007ffe95790000 - 0x00007ffe95efc000 	C:\WINDOWS\System32\SHELL32.dll
0x00007ffe92e40000 - 0x00007ffe935dd000 	C:\WINDOWS\SYSTEM32\windows.storage.dll
0x00007ffe963d0000 - 0x00007ffe96723000 	C:\WINDOWS\System32\combase.dll
0x00007ffe94760000 - 0x00007ffe9478e000 	C:\WINDOWS\SYSTEM32\Wldp.dll
0x00007ffe95fe0000 - 0x00007ffe960ad000 	C:\WINDOWS\System32\OLEAUT32.dll
0x00007ffe96ba0000 - 0x00007ffe96c4d000 	C:\WINDOWS\System32\SHCORE.dll
0x00007ffe96920000 - 0x00007ffe96975000 	C:\WINDOWS\System32\shlwapi.dll
0x00007ffe94d40000 - 0x00007ffe94d64000 	C:\WINDOWS\SYSTEM32\profapi.dll
0x00007ffe81ec0000 - 0x00007ffe81ed9000 	C:\Program Files\Microsoft\jdk-17.0.11.9-hotspot\bin\net.dll
0x00007ffe88860000 - 0x00007ffe8896a000 	C:\WINDOWS\SYSTEM32\WINHTTP.dll
0x00007ffe944c0000 - 0x00007ffe9452a000 	C:\WINDOWS\system32\mswsock.dll
0x00007ffe81e00000 - 0x00007ffe81e16000 	C:\Program Files\Microsoft\jdk-17.0.11.9-hotspot\bin\nio.dll
0x00007ffe805e0000 - 0x00007ffe805f8000 	C:\Program Files\Microsoft\jdk-17.0.11.9-hotspot\bin\zip.dll
0x00007ffe882b0000 - 0x00007ffe882c0000 	C:\Program Files\Microsoft\jdk-17.0.11.9-hotspot\bin\verify.dll
0x00007ffe725d0000 - 0x00007ffe725f7000 	C:\Users\User\.gradle\native\68d5fa5c4cc2d200863cafc0d521ce42e7d3e7ee720ec0a83991735586a16f82\windows-amd64\native-platform.dll
0x00007ffe50610000 - 0x00007ffe50754000 	C:\Users\User\.gradle\native\e376f236ea51e6404a007f0833ffe2c6e607c4080706a723a18a27aeea778392\windows-amd64\native-platform-file-events.dll
0x00007ffe8aa60000 - 0x00007ffe8aa69000 	C:\Program Files\Microsoft\jdk-17.0.11.9-hotspot\bin\management.dll
0x00007ffe88970000 - 0x00007ffe8897b000 	C:\Program Files\Microsoft\jdk-17.0.11.9-hotspot\bin\management_ext.dll
0x00007ffe967f0000 - 0x00007ffe967f8000 	C:\WINDOWS\System32\PSAPI.DLL
0x00007ffe946b0000 - 0x00007ffe946c8000 	C:\WINDOWS\SYSTEM32\CRYPTSP.dll
0x00007ffe93de0000 - 0x00007ffe93e14000 	C:\WINDOWS\system32\rsaenh.dll
0x00007ffe94cb0000 - 0x00007ffe94cde000 	C:\WINDOWS\SYSTEM32\USERENV.dll
0x00007ffe946d0000 - 0x00007ffe946dc000 	C:\WINDOWS\SYSTEM32\CRYPTBASE.dll
0x00007ffe941a0000 - 0x00007ffe941db000 	C:\WINDOWS\SYSTEM32\IPHLPAPI.DLL
0x00007ffe967e0000 - 0x00007ffe967e8000 	C:\WINDOWS\System32\NSI.dll
0x00007ffe88580000 - 0x00007ffe88597000 	C:\WINDOWS\SYSTEM32\dhcpcsvc6.DLL
0x00007ffe89c70000 - 0x00007ffe89c8d000 	C:\WINDOWS\SYSTEM32\dhcpcsvc.DLL
0x00007ffe941e0000 - 0x00007ffe942aa000 	C:\WINDOWS\SYSTEM32\DNSAPI.dll
0x00007ffe8b360000 - 0x00007ffe8b369000 	C:\Program Files\Microsoft\jdk-17.0.11.9-hotspot\bin\extnet.dll
0x00007ffe8b750000 - 0x00007ffe8b75e000 	C:\Program Files\Microsoft\jdk-17.0.11.9-hotspot\bin\sunmscapi.dll
0x00007ffe953a0000 - 0x00007ffe954fe000 	C:\WINDOWS\System32\CRYPT32.dll
0x00007ffe947d0000 - 0x00007ffe947f9000 	C:\WINDOWS\SYSTEM32\ncrypt.dll
0x00007ffe94790000 - 0x00007ffe947cb000 	C:\WINDOWS\SYSTEM32\NTASN1.dll
0x00007ffe8dce0000 - 0x00007ffe8dce7000 	C:\WINDOWS\system32\wshunix.dll
0x00007ffe806b0000 - 0x00007ffe806ba000 	C:\Windows\System32\rasadhlp.dll
0x00007ffe80500000 - 0x00007ffe80580000 	C:\WINDOWS\System32\fwpuclnt.dll

dbghelp: loaded successfully - version: 4.0.5 - missing functions: none
symbol engine: initialized successfully - sym options: 0x614 - pdb path: .;C:\Program Files\Microsoft\jdk-17.0.11.9-hotspot\bin;C:\WINDOWS\SYSTEM32;C:\WINDOWS\WinSxS\amd64_microsoft.windows.common-controls_6595b64144ccf1df_6.0.19041.4355_none_60b8b9eb71f62e16;C:\Program Files\Microsoft\jdk-17.0.11.9-hotspot\bin\server;C:\Users\User\.gradle\native\68d5fa5c4cc2d200863cafc0d521ce42e7d3e7ee720ec0a83991735586a16f82\windows-amd64;C:\Users\User\.gradle\native\e376f236ea51e6404a007f0833ffe2c6e607c4080706a723a18a27aeea778392\windows-amd64

VM Arguments:
jvm_args: -XX:MaxMetaspaceSize=512m --add-opens=java.base/java.util=ALL-UNNAMED --add-opens=java.base/java.lang=ALL-UNNAMED --add-opens=java.base/java.lang.invoke=ALL-UNNAMED --add-opens=java.prefs/java.util.prefs=ALL-UNNAMED --add-opens=java.base/java.nio.charset=ALL-UNNAMED --add-opens=java.base/java.net=ALL-UNNAMED --add-opens=java.base/java.util.concurrent.atomic=ALL-UNNAMED -Xmx2048m -Dfile.encoding=windows-1252 -Duser.country=US -Duser.language=en -Duser.variant 
java_command: org.gradle.launcher.daemon.bootstrap.GradleDaemon 7.6
java_class_path (initial): C:\Users\User\.gradle\wrapper\dists\gradle-7.6-all\9f832ih6bniajn45pbmqhk2cw\gradle-7.6\lib\gradle-launcher-7.6.jar
Launcher Type: SUN_STANDARD

[Global flags]
     intx CICompilerCount                          = 3                                         {product} {ergonomic}
   size_t CompressedClassSpaceSize                 = 436207616                                 {product} {ergonomic}
     uint ConcGCThreads                            = 1                                         {product} {ergonomic}
     uint G1ConcRefinementThreads                  = 4                                         {product} {ergonomic}
   size_t G1HeapRegionSize                         = 1048576                                   {product} {ergonomic}
    uintx GCDrainStackTargetSize                   = 64                                        {product} {ergonomic}
   size_t InitialHeapSize                          = 268435456                                 {product} {ergonomic}
   size_t MarkStackSize                            = 4194304                                   {product} {ergonomic}
   size_t MaxHeapSize                              = 2147483648                                {product} {command line}
   size_t MaxMetaspaceSize                         = 536870912                                 {product} {command line}
   size_t MaxNewSize                               = 1287651328                                {product} {ergonomic}
   size_t MinHeapDeltaBytes                        = 1048576                                   {product} {ergonomic}
   size_t MinHeapSize                              = 8388608                                   {product} {ergonomic}
    uintx NonNMethodCodeHeapSize                   = 5832780                                {pd product} {ergonomic}
    uintx NonProfiledCodeHeapSize                  = 122912730                              {pd product} {ergonomic}
    uintx ProfiledCodeHeapSize                     = 122912730                              {pd product} {ergonomic}
    uintx ReservedCodeCacheSize                    = 251658240                              {pd product} {ergonomic}
     bool SegmentedCodeCache                       = true                                      {product} {ergonomic}
   size_t SoftMaxHeapSize                          = 2147483648                             {manageable} {ergonomic}
     bool UseCompressedClassPointers               = true                           {product lp64_product} {ergonomic}
     bool UseCompressedOops                        = true                           {product lp64_product} {ergonomic}
     bool UseG1GC                                  = true                                      {product} {ergonomic}
     bool UseLargePagesIndividualAllocation        = false                                  {pd product} {ergonomic}

Logging:
Log output configuration:
 #0: stdout all=warning uptime,level,tags
 #1: stderr all=off uptime,level,tags

Environment Variables:
JAVA_HOME=C:\Program Files\Microsoft\jdk-17.0.11.9-hotspot\
CLASSPATH=D:\React Native\DemoSocietyUi\android\\gradle\wrapper\gradle-wrapper.jar
PATH=D:\React Native\DemoSocietyUi\android\node_modules\.bin;D:\React Native\DemoSocietyUi\node_modules\.bin;D:\React Native\node_modules\.bin;D:\node_modules\.bin;C:\Program Files\nodejs;D:\React Native\DemoSocietyUi\node_modules\.bin;D:\React Native\node_modules\.bin;D:\node_modules\.bin;C:\Users\User\AppData\Roaming\npm\node_modules\npm\node_modules\@npmcli\run-script\lib\node-gyp-bin;C:\Program Files\Microsoft\jdk-17.0.11.9-hotspot\bin;C:\WINDOWS\system32;C:\WINDOWS;C:\WINDOWS\System32\Wbem;C:\WINDOWS\System32\WindowsPowerShell\v1.0\;C:\WINDOWS\System32\OpenSSH\;C:\Program Files (x86)\Intel\Intel(R) Management Engine Components\DAL;C:\Program Files\Intel\Intel(R) Management Engine Components\DAL;C:\ProgramData\chocolatey\bin;C:\Program Files\nodejs\;C:\Program Files\Git\cmd;C:\Users\User\Downloads\openssl-0.9.8k_WIN32\bin;C:\Users\User\AppData\Local\Microsoft\WindowsApps;C:\Users\User\AppData\Roaming\npm;C:\Users\User\AppData\Local\Android\Sdk\platform-tools;C:\Users\User\AppData\Local\Programs\Microsoft VS Code\bin;C:\Users\User\AppData\Local\GitHubDesktop\bin;C:\fp\swdir
USERNAME=User
LANG=en_US.UTF-8
OS=Windows_NT
PROCESSOR_IDENTIFIER=Intel64 Family 6 Model 78 Stepping 3, GenuineIntel
TMP=C:\Users\User\AppData\Local\Temp
TEMP=C:\Users\User\AppData\Local\Temp



Periodic native trim disabled


---------------  S Y S T E M  ---------------

OS:
 Windows 10 , 64 bit Build 19041 (10.0.19041.3636)
OS uptime: 75 days 19:35 hours

CPU: total 4 (initial active 4) (2 cores per cpu, 2 threads per core) family 6 model 78 stepping 3 microcode 0xf0, cx8, cmov, fxsr, ht, mmx, 3dnowpref, sse, sse2, sse3, ssse3, sse4.1, sse4.2, popcnt, lzcnt, tsc, tscinvbit, avx, avx2, aes, erms, clmul, bmi1, bmi2, rtm, adx, fma, vzeroupper, clflush, clflushopt
Processor Information for all 4 processors :
  Max Mhz: 2808, Current Mhz: 2607, Mhz Limit: 2583

Memory: 4k page, system-wide physical 16263M (303M free)
TotalPageFile size 38040M (AvailPageFile size 70M)
current process WorkingSet (physical memory assigned to process): 425M, peak: 426M
current process commit charge ("private bytes"): 458M, peak: 534M

vm_info: OpenJDK 64-Bit Server VM (17.0.11+9-LTS) for windows-amd64 JRE (17.0.11+9-LTS), built on Apr  9 2024 22:05:54 by "MicrosoftCorporation" with MS VC++ 16.10 / 16.11 (VS2019)

END.
